[1.141s] DEBUG:colcon:Command line arguments: ['/home/seniorproject/.local/bin/colcon', 'build', '--symlink-install']
[1.141s] DEBUG:colcon:Parsed command line arguments: Namespace(ament_cmake_args=None, base_paths=['.'], build_base='build', catkin_cmake_args=None, catkin_skip_building_tests=False, cmake_args=None, cmake_clean_cache=False, cmake_clean_first=False, cmake_force_configure=False, cmake_target=None, cmake_target_skip_unavailable=False, continue_on_error=False, event_handlers=None, executor='parallel', ignore_user_meta=False, install_base='install', log_base=None, log_level=None, main=<bound method BuildVerb.main of <colcon_core.verb.build.BuildVerb object at 0xffff8c670220>>, merge_install=False, metas=['./colcon.meta'], packages_above=None, packages_above_and_dependencies=None, packages_above_depth=None, packages_end=None, packages_ignore=None, packages_ignore_regex=None, packages_select=None, packages_select_build_failed=False, packages_select_by_dep=None, packages_select_regex=None, packages_select_test_failures=False, packages_skip=None, packages_skip_build_finished=False, packages_skip_by_dep=None, packages_skip_regex=None, packages_skip_test_passed=False, packages_skip_up_to=None, packages_start=None, packages_up_to=None, packages_up_to_regex=None, parallel_workers=6, paths=None, symlink_install=True, test_result_base=None, verb_extension=<colcon_core.verb.build.BuildVerb object at 0xffff8c670220>, verb_name='build', verb_parser=<colcon_defaults.argument_parser.defaults.DefaultArgumentsDecorator object at 0xffff8c670700>)
[1.904s] Level 1:colcon.colcon_core.package_discovery:discover_packages(colcon_meta) check parameters
[1.905s] Level 1:colcon.colcon_core.package_discovery:discover_packages(recursive) check parameters
[1.906s] Level 1:colcon.colcon_core.package_discovery:discover_packages(ignore) check parameters
[1.906s] Level 1:colcon.colcon_core.package_discovery:discover_packages(path) check parameters
[1.906s] Level 1:colcon.colcon_core.package_discovery:discover_packages(colcon_meta) discover
[1.906s] Level 1:colcon.colcon_core.package_discovery:discover_packages(recursive) discover
[1.907s] INFO:colcon.colcon_core.package_discovery:Crawling recursively for packages in '/home/seniorproject/nvi_ws'
[1.907s] Level 1:colcon.colcon_core.package_identification:_identify(.) by extensions ['ignore', 'ignore_ament_install']
[1.908s] Level 1:colcon.colcon_core.package_identification:_identify(.) by extension 'ignore'
[1.908s] Level 1:colcon.colcon_core.package_identification:_identify(.) by extension 'ignore_ament_install'
[1.909s] Level 1:colcon.colcon_core.package_identification:_identify(.) by extensions ['colcon_pkg']
[1.909s] Level 1:colcon.colcon_core.package_identification:_identify(.) by extension 'colcon_pkg'
[1.909s] Level 1:colcon.colcon_core.package_identification:_identify(.) by extensions ['colcon_meta']
[1.909s] Level 1:colcon.colcon_core.package_identification:_identify(.) by extension 'colcon_meta'
[1.910s] Level 1:colcon.colcon_core.package_identification:_identify(.) by extensions ['ros']
[1.910s] Level 1:colcon.colcon_core.package_identification:_identify(.) by extension 'ros'
[1.975s] Level 1:colcon.colcon_core.package_identification:_identify(.) by extensions ['cmake', 'python']
[1.975s] Level 1:colcon.colcon_core.package_identification:_identify(.) by extension 'cmake'
[1.975s] Level 1:colcon.colcon_core.package_identification:_identify(.) by extension 'python'
[1.976s] Level 1:colcon.colcon_core.package_identification:_identify(.) by extensions ['python_setup_py']
[1.976s] Level 1:colcon.colcon_core.package_identification:_identify(.) by extension 'python_setup_py'
[1.977s] Level 1:colcon.colcon_core.package_identification:_identify(build) by extensions ['ignore', 'ignore_ament_install']
[1.977s] Level 1:colcon.colcon_core.package_identification:_identify(build) by extension 'ignore'
[1.977s] Level 1:colcon.colcon_core.package_identification:_identify(build) ignored
[1.978s] Level 1:colcon.colcon_core.package_identification:_identify(install) by extensions ['ignore', 'ignore_ament_install']
[1.979s] Level 1:colcon.colcon_core.package_identification:_identify(install) by extension 'ignore'
[1.979s] Level 1:colcon.colcon_core.package_identification:_identify(install) ignored
[1.980s] Level 1:colcon.colcon_core.package_identification:_identify(log) by extensions ['ignore', 'ignore_ament_install']
[1.981s] Level 1:colcon.colcon_core.package_identification:_identify(log) by extension 'ignore'
[1.981s] Level 1:colcon.colcon_core.package_identification:_identify(log) ignored
[1.982s] Level 1:colcon.colcon_core.package_identification:_identify(src) by extensions ['ignore', 'ignore_ament_install']
[1.983s] Level 1:colcon.colcon_core.package_identification:_identify(src) by extension 'ignore'
[1.983s] Level 1:colcon.colcon_core.package_identification:_identify(src) by extension 'ignore_ament_install'
[1.983s] Level 1:colcon.colcon_core.package_identification:_identify(src) by extensions ['colcon_pkg']
[1.984s] Level 1:colcon.colcon_core.package_identification:_identify(src) by extension 'colcon_pkg'
[1.984s] Level 1:colcon.colcon_core.package_identification:_identify(src) by extensions ['colcon_meta']
[1.984s] Level 1:colcon.colcon_core.package_identification:_identify(src) by extension 'colcon_meta'
[1.985s] Level 1:colcon.colcon_core.package_identification:_identify(src) by extensions ['ros']
[1.985s] Level 1:colcon.colcon_core.package_identification:_identify(src) by extension 'ros'
[1.985s] Level 1:colcon.colcon_core.package_identification:_identify(src) by extensions ['cmake', 'python']
[1.986s] Level 1:colcon.colcon_core.package_identification:_identify(src) by extension 'cmake'
[1.986s] Level 1:colcon.colcon_core.package_identification:_identify(src) by extension 'python'
[1.986s] Level 1:colcon.colcon_core.package_identification:_identify(src) by extensions ['python_setup_py']
[1.986s] Level 1:colcon.colcon_core.package_identification:_identify(src) by extension 'python_setup_py'
[1.987s] Level 1:colcon.colcon_core.package_identification:_identify(src/additional_files) by extensions ['ignore', 'ignore_ament_install']
[1.988s] Level 1:colcon.colcon_core.package_identification:_identify(src/additional_files) by extension 'ignore'
[1.988s] Level 1:colcon.colcon_core.package_identification:_identify(src/additional_files) by extension 'ignore_ament_install'
[1.989s] Level 1:colcon.colcon_core.package_identification:_identify(src/additional_files) by extensions ['colcon_pkg']
[1.989s] Level 1:colcon.colcon_core.package_identification:_identify(src/additional_files) by extension 'colcon_pkg'
[1.989s] Level 1:colcon.colcon_core.package_identification:_identify(src/additional_files) by extensions ['colcon_meta']
[1.989s] Level 1:colcon.colcon_core.package_identification:_identify(src/additional_files) by extension 'colcon_meta'
[1.990s] Level 1:colcon.colcon_core.package_identification:_identify(src/additional_files) by extensions ['ros']
[1.990s] Level 1:colcon.colcon_core.package_identification:_identify(src/additional_files) by extension 'ros'
[1.990s] Level 1:colcon.colcon_core.package_identification:_identify(src/additional_files) by extensions ['cmake', 'python']
[1.991s] Level 1:colcon.colcon_core.package_identification:_identify(src/additional_files) by extension 'cmake'
[1.991s] Level 1:colcon.colcon_core.package_identification:_identify(src/additional_files) by extension 'python'
[1.991s] Level 1:colcon.colcon_core.package_identification:_identify(src/additional_files) by extensions ['python_setup_py']
[1.991s] Level 1:colcon.colcon_core.package_identification:_identify(src/additional_files) by extension 'python_setup_py'
[1.992s] Level 1:colcon.colcon_core.package_identification:_identify(src/log) by extensions ['ignore', 'ignore_ament_install']
[1.993s] Level 1:colcon.colcon_core.package_identification:_identify(src/log) by extension 'ignore'
[1.993s] Level 1:colcon.colcon_core.package_identification:_identify(src/log) ignored
[1.993s] Level 1:colcon.colcon_core.package_identification:_identify(src/salt_pkg) by extensions ['ignore', 'ignore_ament_install']
[1.994s] Level 1:colcon.colcon_core.package_identification:_identify(src/salt_pkg) by extension 'ignore'
[1.994s] Level 1:colcon.colcon_core.package_identification:_identify(src/salt_pkg) by extension 'ignore_ament_install'
[1.995s] Level 1:colcon.colcon_core.package_identification:_identify(src/salt_pkg) by extensions ['colcon_pkg']
[1.995s] Level 1:colcon.colcon_core.package_identification:_identify(src/salt_pkg) by extension 'colcon_pkg'
[1.995s] Level 1:colcon.colcon_core.package_identification:_identify(src/salt_pkg) by extensions ['colcon_meta']
[1.995s] Level 1:colcon.colcon_core.package_identification:_identify(src/salt_pkg) by extension 'colcon_meta'
[1.996s] Level 1:colcon.colcon_core.package_identification:_identify(src/salt_pkg) by extensions ['ros']
[1.997s] Level 1:colcon.colcon_core.package_identification:_identify(src/salt_pkg) by extension 'ros'
[2.010s] DEBUG:colcon.colcon_core.package_identification:Package 'src/salt_pkg' with type 'ros.ament_cmake' and name 'salt_pkg'
[2.011s] Level 1:colcon.colcon_core.package_discovery:discover_packages(recursive) using defaults
[2.011s] Level 1:colcon.colcon_core.package_discovery:discover_packages(ignore) discover
[2.011s] Level 1:colcon.colcon_core.package_discovery:discover_packages(ignore) using defaults
[2.012s] Level 1:colcon.colcon_core.package_discovery:discover_packages(path) discover
[2.012s] Level 1:colcon.colcon_core.package_discovery:discover_packages(path) using defaults
[2.099s] Level 5:colcon.colcon_core.verb:set package 'salt_pkg' build argument 'cmake_args' from command line to 'None'
[2.099s] Level 5:colcon.colcon_core.verb:set package 'salt_pkg' build argument 'cmake_target' from command line to 'None'
[2.100s] Level 5:colcon.colcon_core.verb:set package 'salt_pkg' build argument 'cmake_target_skip_unavailable' from command line to 'False'
[2.100s] Level 5:colcon.colcon_core.verb:set package 'salt_pkg' build argument 'cmake_clean_cache' from command line to 'False'
[2.100s] Level 5:colcon.colcon_core.verb:set package 'salt_pkg' build argument 'cmake_clean_first' from command line to 'False'
[2.100s] Level 5:colcon.colcon_core.verb:set package 'salt_pkg' build argument 'cmake_force_configure' from command line to 'False'
[2.100s] Level 5:colcon.colcon_core.verb:set package 'salt_pkg' build argument 'ament_cmake_args' from command line to 'None'
[2.100s] Level 5:colcon.colcon_core.verb:set package 'salt_pkg' build argument 'catkin_cmake_args' from command line to 'None'
[2.101s] Level 5:colcon.colcon_core.verb:set package 'salt_pkg' build argument 'catkin_skip_building_tests' from command line to 'False'
[2.101s] DEBUG:colcon.colcon_core.verb:Building package 'salt_pkg' with the following arguments: {'ament_cmake_args': None, 'build_base': '/home/seniorproject/nvi_ws/build/salt_pkg', 'catkin_cmake_args': None, 'catkin_skip_building_tests': False, 'cmake_args': None, 'cmake_clean_cache': False, 'cmake_clean_first': False, 'cmake_force_configure': False, 'cmake_target': None, 'cmake_target_skip_unavailable': False, 'install_base': '/home/seniorproject/nvi_ws/install/salt_pkg', 'merge_install': False, 'path': '/home/seniorproject/nvi_ws/src/salt_pkg', 'symlink_install': True, 'test_result_base': None}
[2.102s] INFO:colcon.colcon_core.executor:Executing jobs using 'parallel' executor
[2.108s] DEBUG:colcon.colcon_parallel_executor.executor.parallel:run_until_complete
[2.110s] INFO:colcon.colcon_ros.task.ament_cmake.build:Building ROS package in '/home/seniorproject/nvi_ws/src/salt_pkg' with build type 'ament_cmake'
[2.111s] INFO:colcon.colcon_cmake.task.cmake.build:Building CMake package in '/home/seniorproject/nvi_ws/src/salt_pkg'
[2.123s] INFO:colcon.colcon_core.plugin_system:Skipping extension 'colcon_core.shell.bat': Not used on non-Windows systems
[2.124s] INFO:colcon.colcon_core.shell:Skip shell extension 'powershell' for command environment: Not usable outside of PowerShell
[2.125s] DEBUG:colcon.colcon_core.shell:Skip shell extension 'dsv' for command environment
[2.224s] DEBUG:colcon.colcon_core.event_handler.log_command:Invoking command in '/home/seniorproject/nvi_ws/build/salt_pkg': CMAKE_PREFIX_PATH=${CMAKE_PREFIX_PATH}:/home/seniorproject/dev_ws/install/my_package:/opt/ros/foxy /usr/local/bin/cmake --build /home/seniorproject/nvi_ws/build/salt_pkg -- -j6 -l6
[2.390s] DEBUG:colcon.colcon_core.event_handler.log_command:Invoked command in '/home/seniorproject/nvi_ws/build/salt_pkg' returned '0': CMAKE_PREFIX_PATH=${CMAKE_PREFIX_PATH}:/home/seniorproject/dev_ws/install/my_package:/opt/ros/foxy /usr/local/bin/cmake --build /home/seniorproject/nvi_ws/build/salt_pkg -- -j6 -l6
[2.573s] DEBUG:colcon.colcon_core.event_handler.log_command:Invoking command in '/home/seniorproject/nvi_ws/build/salt_pkg': CMAKE_PREFIX_PATH=${CMAKE_PREFIX_PATH}:/home/seniorproject/dev_ws/install/my_package:/opt/ros/foxy /usr/local/bin/cmake --install /home/seniorproject/nvi_ws/build/salt_pkg
[2.669s] Level 1:colcon.colcon_core.environment:create_environment_scripts_only(salt_pkg)
[2.675s] DEBUG:colcon.colcon_core.event_handler.log_command:Invoked command in '/home/seniorproject/nvi_ws/build/salt_pkg' returned '0': CMAKE_PREFIX_PATH=${CMAKE_PREFIX_PATH}:/home/seniorproject/dev_ws/install/my_package:/opt/ros/foxy /usr/local/bin/cmake --install /home/seniorproject/nvi_ws/build/salt_pkg
[2.692s] Level 1:colcon.colcon_core.environment:checking '/home/seniorproject/nvi_ws/install/salt_pkg' for CMake module files
[2.696s] Level 1:colcon.colcon_core.environment:checking '/home/seniorproject/nvi_ws/install/salt_pkg' for CMake config files
[2.699s] Level 1:colcon.colcon_core.shell:create_environment_hook('salt_pkg', 'cmake_prefix_path')
[2.702s] INFO:colcon.colcon_core.shell:Creating environment hook '/home/seniorproject/nvi_ws/install/salt_pkg/share/salt_pkg/hook/cmake_prefix_path.ps1'
[2.708s] INFO:colcon.colcon_core.shell:Creating environment descriptor '/home/seniorproject/nvi_ws/install/salt_pkg/share/salt_pkg/hook/cmake_prefix_path.dsv'
[2.714s] INFO:colcon.colcon_core.shell:Creating environment hook '/home/seniorproject/nvi_ws/install/salt_pkg/share/salt_pkg/hook/cmake_prefix_path.sh'
[2.721s] Level 1:colcon.colcon_core.environment:checking '/home/seniorproject/nvi_ws/install/salt_pkg/bin'
[2.722s] Level 1:colcon.colcon_core.environment:checking '/home/seniorproject/nvi_ws/install/salt_pkg/lib/pkgconfig/salt_pkg.pc'
[2.734s] Level 1:colcon.colcon_core.environment:checking '/home/seniorproject/nvi_ws/install/salt_pkg/lib/python3.8/site-packages'
[2.735s] Level 1:colcon.colcon_core.environment:checking '/home/seniorproject/nvi_ws/install/salt_pkg/bin'
[2.738s] INFO:colcon.colcon_core.shell:Creating package script '/home/seniorproject/nvi_ws/install/salt_pkg/share/salt_pkg/package.ps1'
[2.744s] INFO:colcon.colcon_core.shell:Creating package descriptor '/home/seniorproject/nvi_ws/install/salt_pkg/share/salt_pkg/package.dsv'
[2.749s] INFO:colcon.colcon_core.shell:Creating package script '/home/seniorproject/nvi_ws/install/salt_pkg/share/salt_pkg/package.sh'
[2.754s] INFO:colcon.colcon_core.shell:Creating package script '/home/seniorproject/nvi_ws/install/salt_pkg/share/salt_pkg/package.bash'
[2.760s] INFO:colcon.colcon_core.shell:Creating package script '/home/seniorproject/nvi_ws/install/salt_pkg/share/salt_pkg/package.zsh'
[2.765s] Level 1:colcon.colcon_core.environment:create_file_with_runtime_dependencies(/home/seniorproject/nvi_ws/install/salt_pkg/share/colcon-core/packages/salt_pkg)
[2.900s] Level 1:colcon.colcon_core.environment:create_environment_scripts_only(salt_pkg)
[2.903s] Level 1:colcon.colcon_core.environment:checking '/home/seniorproject/nvi_ws/install/salt_pkg' for CMake module files
[2.907s] Level 1:colcon.colcon_core.environment:checking '/home/seniorproject/nvi_ws/install/salt_pkg' for CMake config files
[2.911s] Level 1:colcon.colcon_core.shell:create_environment_hook('salt_pkg', 'cmake_prefix_path')
[2.913s] INFO:colcon.colcon_core.shell:Creating environment hook '/home/seniorproject/nvi_ws/install/salt_pkg/share/salt_pkg/hook/cmake_prefix_path.ps1'
[2.918s] INFO:colcon.colcon_core.shell:Creating environment descriptor '/home/seniorproject/nvi_ws/install/salt_pkg/share/salt_pkg/hook/cmake_prefix_path.dsv'
[2.924s] INFO:colcon.colcon_core.shell:Creating environment hook '/home/seniorproject/nvi_ws/install/salt_pkg/share/salt_pkg/hook/cmake_prefix_path.sh'
[2.930s] Level 1:colcon.colcon_core.environment:checking '/home/seniorproject/nvi_ws/install/salt_pkg/bin'
[2.931s] Level 1:colcon.colcon_core.environment:checking '/home/seniorproject/nvi_ws/install/salt_pkg/lib/pkgconfig/salt_pkg.pc'
[2.933s] Level 1:colcon.colcon_core.environment:checking '/home/seniorproject/nvi_ws/install/salt_pkg/lib/python3.8/site-packages'
[2.934s] Level 1:colcon.colcon_core.environment:checking '/home/seniorproject/nvi_ws/install/salt_pkg/bin'
[2.936s] INFO:colcon.colcon_core.shell:Creating package script '/home/seniorproject/nvi_ws/install/salt_pkg/share/salt_pkg/package.ps1'
[2.946s] INFO:colcon.colcon_core.shell:Creating package descriptor '/home/seniorproject/nvi_ws/install/salt_pkg/share/salt_pkg/package.dsv'
[2.950s] INFO:colcon.colcon_core.shell:Creating package script '/home/seniorproject/nvi_ws/install/salt_pkg/share/salt_pkg/package.sh'
[2.953s] INFO:colcon.colcon_core.shell:Creating package script '/home/seniorproject/nvi_ws/install/salt_pkg/share/salt_pkg/package.bash'
[2.957s] INFO:colcon.colcon_core.shell:Creating package script '/home/seniorproject/nvi_ws/install/salt_pkg/share/salt_pkg/package.zsh'
[2.960s] Level 1:colcon.colcon_core.environment:create_file_with_runtime_dependencies(/home/seniorproject/nvi_ws/install/salt_pkg/share/colcon-core/packages/salt_pkg)
[2.963s] DEBUG:colcon.colcon_parallel_executor.executor.parallel:closing loop
[2.967s] DEBUG:colcon.colcon_parallel_executor.executor.parallel:loop closed
[2.968s] DEBUG:colcon.colcon_parallel_executor.executor.parallel:run_until_complete finished with '0'
[2.969s] DEBUG:colcon.colcon_core.event_reactor:joining thread
[3.015s] INFO:colcon.colcon_core.plugin_system:Skipping extension 'colcon_notification.desktop_notification.terminal_notifier': Not used on non-Darwin systems
[3.016s] INFO:colcon.colcon_core.plugin_system:Skipping extension 'colcon_notification.desktop_notification.win32': Not used on non-Windows systems
[3.016s] INFO:colcon.colcon_notification.desktop_notification:Sending desktop notification using 'notify2'
[3.118s] DEBUG:colcon.colcon_core.event_reactor:joined thread
[3.119s] INFO:colcon.colcon_core.shell:Creating prefix script '/home/seniorproject/nvi_ws/install/local_setup.ps1'
[3.125s] INFO:colcon.colcon_core.shell:Creating prefix util module '/home/seniorproject/nvi_ws/install/_local_setup_util_ps1.py'
[3.137s] INFO:colcon.colcon_core.shell:Creating prefix chain script '/home/seniorproject/nvi_ws/install/setup.ps1'
[3.160s] INFO:colcon.colcon_core.shell:Creating prefix script '/home/seniorproject/nvi_ws/install/local_setup.sh'
[3.165s] INFO:colcon.colcon_core.shell:Creating prefix util module '/home/seniorproject/nvi_ws/install/_local_setup_util_sh.py'
[3.169s] INFO:colcon.colcon_core.shell:Creating prefix chain script '/home/seniorproject/nvi_ws/install/setup.sh'
[3.194s] INFO:colcon.colcon_core.shell:Creating prefix script '/home/seniorproject/nvi_ws/install/local_setup.bash'
[3.200s] INFO:colcon.colcon_core.shell:Creating prefix chain script '/home/seniorproject/nvi_ws/install/setup.bash'
[3.219s] INFO:colcon.colcon_core.shell:Creating prefix script '/home/seniorproject/nvi_ws/install/local_setup.zsh'
[3.227s] INFO:colcon.colcon_core.shell:Creating prefix chain script '/home/seniorproject/nvi_ws/install/setup.zsh'
