[1.031s] DEBUG:colcon:Command line arguments: ['/home/seniorproject/.local/bin/colcon', 'build', '--symlink-install']
[1.031s] DEBUG:colcon:Parsed command line arguments: Namespace(ament_cmake_args=None, base_paths=['.'], build_base='build', catkin_cmake_args=None, catkin_skip_building_tests=False, cmake_args=None, cmake_clean_cache=False, cmake_clean_first=False, cmake_force_configure=False, cmake_target=None, cmake_target_skip_unavailable=False, continue_on_error=False, event_handlers=None, executor='parallel', ignore_user_meta=False, install_base='install', log_base=None, log_level=None, main=<bound method BuildVerb.main of <colcon_core.verb.build.BuildVerb object at 0xffff876a32b0>>, merge_install=False, metas=['./colcon.meta'], packages_above=None, packages_above_and_dependencies=None, packages_above_depth=None, packages_end=None, packages_ignore=None, packages_ignore_regex=None, packages_select=None, packages_select_build_failed=False, packages_select_by_dep=None, packages_select_regex=None, packages_select_test_failures=False, packages_skip=None, packages_skip_build_finished=False, packages_skip_by_dep=None, packages_skip_regex=None, packages_skip_test_passed=False, packages_skip_up_to=None, packages_start=None, packages_up_to=None, packages_up_to_regex=None, parallel_workers=6, paths=None, symlink_install=True, test_result_base=None, verb_extension=<colcon_core.verb.build.BuildVerb object at 0xffff876a32b0>, verb_name='build', verb_parser=<colcon_defaults.argument_parser.defaults.DefaultArgumentsDecorator object at 0xffff876a3790>)
[1.746s] Level 1:colcon.colcon_core.package_discovery:discover_packages(colcon_meta) check parameters
[1.747s] Level 1:colcon.colcon_core.package_discovery:discover_packages(recursive) check parameters
[1.747s] Level 1:colcon.colcon_core.package_discovery:discover_packages(ignore) check parameters
[1.748s] Level 1:colcon.colcon_core.package_discovery:discover_packages(path) check parameters
[1.748s] Level 1:colcon.colcon_core.package_discovery:discover_packages(colcon_meta) discover
[1.748s] Level 1:colcon.colcon_core.package_discovery:discover_packages(recursive) discover
[1.748s] INFO:colcon.colcon_core.package_discovery:Crawling recursively for packages in '/home/seniorproject/nvi_ws'
[1.749s] Level 1:colcon.colcon_core.package_identification:_identify(.) by extensions ['ignore', 'ignore_ament_install']
[1.750s] Level 1:colcon.colcon_core.package_identification:_identify(.) by extension 'ignore'
[1.750s] Level 1:colcon.colcon_core.package_identification:_identify(.) by extension 'ignore_ament_install'
[1.751s] Level 1:colcon.colcon_core.package_identification:_identify(.) by extensions ['colcon_pkg']
[1.751s] Level 1:colcon.colcon_core.package_identification:_identify(.) by extension 'colcon_pkg'
[1.751s] Level 1:colcon.colcon_core.package_identification:_identify(.) by extensions ['colcon_meta']
[1.751s] Level 1:colcon.colcon_core.package_identification:_identify(.) by extension 'colcon_meta'
[1.751s] Level 1:colcon.colcon_core.package_identification:_identify(.) by extensions ['ros']
[1.752s] Level 1:colcon.colcon_core.package_identification:_identify(.) by extension 'ros'
[1.814s] Level 1:colcon.colcon_core.package_identification:_identify(.) by extensions ['cmake', 'python']
[1.814s] Level 1:colcon.colcon_core.package_identification:_identify(.) by extension 'cmake'
[1.815s] Level 1:colcon.colcon_core.package_identification:_identify(.) by extension 'python'
[1.815s] Level 1:colcon.colcon_core.package_identification:_identify(.) by extensions ['python_setup_py']
[1.815s] Level 1:colcon.colcon_core.package_identification:_identify(.) by extension 'python_setup_py'
[1.816s] Level 1:colcon.colcon_core.package_identification:_identify(build) by extensions ['ignore', 'ignore_ament_install']
[1.817s] Level 1:colcon.colcon_core.package_identification:_identify(build) by extension 'ignore'
[1.817s] Level 1:colcon.colcon_core.package_identification:_identify(build) ignored
[1.818s] Level 1:colcon.colcon_core.package_identification:_identify(install) by extensions ['ignore', 'ignore_ament_install']
[1.819s] Level 1:colcon.colcon_core.package_identification:_identify(install) by extension 'ignore'
[1.819s] Level 1:colcon.colcon_core.package_identification:_identify(install) ignored
[1.820s] Level 1:colcon.colcon_core.package_identification:_identify(log) by extensions ['ignore', 'ignore_ament_install']
[1.820s] Level 1:colcon.colcon_core.package_identification:_identify(log) by extension 'ignore'
[1.821s] Level 1:colcon.colcon_core.package_identification:_identify(log) ignored
[1.821s] Level 1:colcon.colcon_core.package_identification:_identify(src) by extensions ['ignore', 'ignore_ament_install']
[1.822s] Level 1:colcon.colcon_core.package_identification:_identify(src) by extension 'ignore'
[1.822s] Level 1:colcon.colcon_core.package_identification:_identify(src) by extension 'ignore_ament_install'
[1.822s] Level 1:colcon.colcon_core.package_identification:_identify(src) by extensions ['colcon_pkg']
[1.823s] Level 1:colcon.colcon_core.package_identification:_identify(src) by extension 'colcon_pkg'
[1.823s] Level 1:colcon.colcon_core.package_identification:_identify(src) by extensions ['colcon_meta']
[1.823s] Level 1:colcon.colcon_core.package_identification:_identify(src) by extension 'colcon_meta'
[1.823s] Level 1:colcon.colcon_core.package_identification:_identify(src) by extensions ['ros']
[1.824s] Level 1:colcon.colcon_core.package_identification:_identify(src) by extension 'ros'
[1.824s] Level 1:colcon.colcon_core.package_identification:_identify(src) by extensions ['cmake', 'python']
[1.824s] Level 1:colcon.colcon_core.package_identification:_identify(src) by extension 'cmake'
[1.824s] Level 1:colcon.colcon_core.package_identification:_identify(src) by extension 'python'
[1.825s] Level 1:colcon.colcon_core.package_identification:_identify(src) by extensions ['python_setup_py']
[1.825s] Level 1:colcon.colcon_core.package_identification:_identify(src) by extension 'python_setup_py'
[1.826s] Level 1:colcon.colcon_core.package_identification:_identify(src/additional_files) by extensions ['ignore', 'ignore_ament_install']
[1.826s] Level 1:colcon.colcon_core.package_identification:_identify(src/additional_files) by extension 'ignore'
[1.827s] Level 1:colcon.colcon_core.package_identification:_identify(src/additional_files) by extension 'ignore_ament_install'
[1.827s] Level 1:colcon.colcon_core.package_identification:_identify(src/additional_files) by extensions ['colcon_pkg']
[1.827s] Level 1:colcon.colcon_core.package_identification:_identify(src/additional_files) by extension 'colcon_pkg'
[1.827s] Level 1:colcon.colcon_core.package_identification:_identify(src/additional_files) by extensions ['colcon_meta']
[1.828s] Level 1:colcon.colcon_core.package_identification:_identify(src/additional_files) by extension 'colcon_meta'
[1.828s] Level 1:colcon.colcon_core.package_identification:_identify(src/additional_files) by extensions ['ros']
[1.828s] Level 1:colcon.colcon_core.package_identification:_identify(src/additional_files) by extension 'ros'
[1.829s] Level 1:colcon.colcon_core.package_identification:_identify(src/additional_files) by extensions ['cmake', 'python']
[1.829s] Level 1:colcon.colcon_core.package_identification:_identify(src/additional_files) by extension 'cmake'
[1.829s] Level 1:colcon.colcon_core.package_identification:_identify(src/additional_files) by extension 'python'
[1.829s] Level 1:colcon.colcon_core.package_identification:_identify(src/additional_files) by extensions ['python_setup_py']
[1.830s] Level 1:colcon.colcon_core.package_identification:_identify(src/additional_files) by extension 'python_setup_py'
[1.830s] Level 1:colcon.colcon_core.package_identification:_identify(src/log) by extensions ['ignore', 'ignore_ament_install']
[1.831s] Level 1:colcon.colcon_core.package_identification:_identify(src/log) by extension 'ignore'
[1.831s] Level 1:colcon.colcon_core.package_identification:_identify(src/log) ignored
[1.832s] Level 1:colcon.colcon_core.package_identification:_identify(src/salt_pkg) by extensions ['ignore', 'ignore_ament_install']
[1.832s] Level 1:colcon.colcon_core.package_identification:_identify(src/salt_pkg) by extension 'ignore'
[1.832s] Level 1:colcon.colcon_core.package_identification:_identify(src/salt_pkg) by extension 'ignore_ament_install'
[1.833s] Level 1:colcon.colcon_core.package_identification:_identify(src/salt_pkg) by extensions ['colcon_pkg']
[1.833s] Level 1:colcon.colcon_core.package_identification:_identify(src/salt_pkg) by extension 'colcon_pkg'
[1.833s] Level 1:colcon.colcon_core.package_identification:_identify(src/salt_pkg) by extensions ['colcon_meta']
[1.833s] Level 1:colcon.colcon_core.package_identification:_identify(src/salt_pkg) by extension 'colcon_meta'
[1.834s] Level 1:colcon.colcon_core.package_identification:_identify(src/salt_pkg) by extensions ['ros']
[1.834s] Level 1:colcon.colcon_core.package_identification:_identify(src/salt_pkg) by extension 'ros'
[1.846s] DEBUG:colcon.colcon_core.package_identification:Package 'src/salt_pkg' with type 'ros.ament_cmake' and name 'salt_pkg'
[1.847s] Level 1:colcon.colcon_core.package_discovery:discover_packages(recursive) using defaults
[1.847s] Level 1:colcon.colcon_core.package_discovery:discover_packages(ignore) discover
[1.847s] Level 1:colcon.colcon_core.package_discovery:discover_packages(ignore) using defaults
[1.847s] Level 1:colcon.colcon_core.package_discovery:discover_packages(path) discover
[1.847s] Level 1:colcon.colcon_core.package_discovery:discover_packages(path) using defaults
[1.924s] Level 5:colcon.colcon_core.verb:set package 'salt_pkg' build argument 'cmake_args' from command line to 'None'
[1.925s] Level 5:colcon.colcon_core.verb:set package 'salt_pkg' build argument 'cmake_target' from command line to 'None'
[1.925s] Level 5:colcon.colcon_core.verb:set package 'salt_pkg' build argument 'cmake_target_skip_unavailable' from command line to 'False'
[1.925s] Level 5:colcon.colcon_core.verb:set package 'salt_pkg' build argument 'cmake_clean_cache' from command line to 'False'
[1.925s] Level 5:colcon.colcon_core.verb:set package 'salt_pkg' build argument 'cmake_clean_first' from command line to 'False'
[1.925s] Level 5:colcon.colcon_core.verb:set package 'salt_pkg' build argument 'cmake_force_configure' from command line to 'False'
[1.925s] Level 5:colcon.colcon_core.verb:set package 'salt_pkg' build argument 'ament_cmake_args' from command line to 'None'
[1.925s] Level 5:colcon.colcon_core.verb:set package 'salt_pkg' build argument 'catkin_cmake_args' from command line to 'None'
[1.926s] Level 5:colcon.colcon_core.verb:set package 'salt_pkg' build argument 'catkin_skip_building_tests' from command line to 'False'
[1.926s] DEBUG:colcon.colcon_core.verb:Building package 'salt_pkg' with the following arguments: {'ament_cmake_args': None, 'build_base': '/home/seniorproject/nvi_ws/build/salt_pkg', 'catkin_cmake_args': None, 'catkin_skip_building_tests': False, 'cmake_args': None, 'cmake_clean_cache': False, 'cmake_clean_first': False, 'cmake_force_configure': False, 'cmake_target': None, 'cmake_target_skip_unavailable': False, 'install_base': '/home/seniorproject/nvi_ws/install/salt_pkg', 'merge_install': False, 'path': '/home/seniorproject/nvi_ws/src/salt_pkg', 'symlink_install': True, 'test_result_base': None}
[1.927s] INFO:colcon.colcon_core.executor:Executing jobs using 'parallel' executor
[1.931s] DEBUG:colcon.colcon_parallel_executor.executor.parallel:run_until_complete
[1.933s] INFO:colcon.colcon_ros.task.ament_cmake.build:Building ROS package in '/home/seniorproject/nvi_ws/src/salt_pkg' with build type 'ament_cmake'
[1.934s] INFO:colcon.colcon_cmake.task.cmake.build:Building CMake package in '/home/seniorproject/nvi_ws/src/salt_pkg'
[1.945s] INFO:colcon.colcon_core.plugin_system:Skipping extension 'colcon_core.shell.bat': Not used on non-Windows systems
[1.946s] INFO:colcon.colcon_core.shell:Skip shell extension 'powershell' for command environment: Not usable outside of PowerShell
[1.946s] DEBUG:colcon.colcon_core.shell:Skip shell extension 'dsv' for command environment
[2.058s] DEBUG:colcon.colcon_core.event_handler.log_command:Invoking command in '/home/seniorproject/nvi_ws/build/salt_pkg': CMAKE_PREFIX_PATH=${CMAKE_PREFIX_PATH}:/home/seniorproject/dev_ws/install/my_package:/opt/ros/foxy /usr/local/bin/cmake --build /home/seniorproject/nvi_ws/build/salt_pkg -- -j6 -l6
[2.165s] DEBUG:colcon.colcon_core.event_handler.log_command:Invoked command in '/home/seniorproject/nvi_ws/build/salt_pkg' returned '0': CMAKE_PREFIX_PATH=${CMAKE_PREFIX_PATH}:/home/seniorproject/dev_ws/install/my_package:/opt/ros/foxy /usr/local/bin/cmake --build /home/seniorproject/nvi_ws/build/salt_pkg -- -j6 -l6
[2.336s] DEBUG:colcon.colcon_core.event_handler.log_command:Invoking command in '/home/seniorproject/nvi_ws/build/salt_pkg': CMAKE_PREFIX_PATH=${CMAKE_PREFIX_PATH}:/home/seniorproject/dev_ws/install/my_package:/opt/ros/foxy /usr/local/bin/cmake --install /home/seniorproject/nvi_ws/build/salt_pkg
[2.428s] Level 1:colcon.colcon_core.environment:create_environment_scripts_only(salt_pkg)
[2.432s] DEBUG:colcon.colcon_core.event_handler.log_command:Invoked command in '/home/seniorproject/nvi_ws/build/salt_pkg' returned '0': CMAKE_PREFIX_PATH=${CMAKE_PREFIX_PATH}:/home/seniorproject/dev_ws/install/my_package:/opt/ros/foxy /usr/local/bin/cmake --install /home/seniorproject/nvi_ws/build/salt_pkg
[2.447s] Level 1:colcon.colcon_core.environment:checking '/home/seniorproject/nvi_ws/install/salt_pkg' for CMake module files
[2.451s] Level 1:colcon.colcon_core.environment:checking '/home/seniorproject/nvi_ws/install/salt_pkg' for CMake config files
[2.454s] Level 1:colcon.colcon_core.shell:create_environment_hook('salt_pkg', 'cmake_prefix_path')
[2.456s] INFO:colcon.colcon_core.shell:Creating environment hook '/home/seniorproject/nvi_ws/install/salt_pkg/share/salt_pkg/hook/cmake_prefix_path.ps1'
[2.461s] INFO:colcon.colcon_core.shell:Creating environment descriptor '/home/seniorproject/nvi_ws/install/salt_pkg/share/salt_pkg/hook/cmake_prefix_path.dsv'
[2.465s] INFO:colcon.colcon_core.shell:Creating environment hook '/home/seniorproject/nvi_ws/install/salt_pkg/share/salt_pkg/hook/cmake_prefix_path.sh'
[2.472s] Level 1:colcon.colcon_core.environment:checking '/home/seniorproject/nvi_ws/install/salt_pkg/bin'
[2.472s] Level 1:colcon.colcon_core.environment:checking '/home/seniorproject/nvi_ws/install/salt_pkg/lib/pkgconfig/salt_pkg.pc'
[2.478s] Level 1:colcon.colcon_core.environment:checking '/home/seniorproject/nvi_ws/install/salt_pkg/lib/python3.8/site-packages'
[2.480s] Level 1:colcon.colcon_core.environment:checking '/home/seniorproject/nvi_ws/install/salt_pkg/bin'
[2.482s] INFO:colcon.colcon_core.shell:Creating package script '/home/seniorproject/nvi_ws/install/salt_pkg/share/salt_pkg/package.ps1'
[2.488s] INFO:colcon.colcon_core.shell:Creating package descriptor '/home/seniorproject/nvi_ws/install/salt_pkg/share/salt_pkg/package.dsv'
[2.492s] INFO:colcon.colcon_core.shell:Creating package script '/home/seniorproject/nvi_ws/install/salt_pkg/share/salt_pkg/package.sh'
[2.496s] INFO:colcon.colcon_core.shell:Creating package script '/home/seniorproject/nvi_ws/install/salt_pkg/share/salt_pkg/package.bash'
[2.501s] INFO:colcon.colcon_core.shell:Creating package script '/home/seniorproject/nvi_ws/install/salt_pkg/share/salt_pkg/package.zsh'
[2.504s] Level 1:colcon.colcon_core.environment:create_file_with_runtime_dependencies(/home/seniorproject/nvi_ws/install/salt_pkg/share/colcon-core/packages/salt_pkg)
[2.640s] Level 1:colcon.colcon_core.environment:create_environment_scripts_only(salt_pkg)
[2.643s] Level 1:colcon.colcon_core.environment:checking '/home/seniorproject/nvi_ws/install/salt_pkg' for CMake module files
[2.647s] Level 1:colcon.colcon_core.environment:checking '/home/seniorproject/nvi_ws/install/salt_pkg' for CMake config files
[2.651s] Level 1:colcon.colcon_core.shell:create_environment_hook('salt_pkg', 'cmake_prefix_path')
[2.652s] INFO:colcon.colcon_core.shell:Creating environment hook '/home/seniorproject/nvi_ws/install/salt_pkg/share/salt_pkg/hook/cmake_prefix_path.ps1'
[2.656s] INFO:colcon.colcon_core.shell:Creating environment descriptor '/home/seniorproject/nvi_ws/install/salt_pkg/share/salt_pkg/hook/cmake_prefix_path.dsv'
[2.658s] INFO:colcon.colcon_core.shell:Creating environment hook '/home/seniorproject/nvi_ws/install/salt_pkg/share/salt_pkg/hook/cmake_prefix_path.sh'
[2.662s] Level 1:colcon.colcon_core.environment:checking '/home/seniorproject/nvi_ws/install/salt_pkg/bin'
[2.662s] Level 1:colcon.colcon_core.environment:checking '/home/seniorproject/nvi_ws/install/salt_pkg/lib/pkgconfig/salt_pkg.pc'
[2.664s] Level 1:colcon.colcon_core.environment:checking '/home/seniorproject/nvi_ws/install/salt_pkg/lib/python3.8/site-packages'
[2.665s] Level 1:colcon.colcon_core.environment:checking '/home/seniorproject/nvi_ws/install/salt_pkg/bin'
[2.666s] INFO:colcon.colcon_core.shell:Creating package script '/home/seniorproject/nvi_ws/install/salt_pkg/share/salt_pkg/package.ps1'
[2.669s] INFO:colcon.colcon_core.shell:Creating package descriptor '/home/seniorproject/nvi_ws/install/salt_pkg/share/salt_pkg/package.dsv'
[2.673s] INFO:colcon.colcon_core.shell:Creating package script '/home/seniorproject/nvi_ws/install/salt_pkg/share/salt_pkg/package.sh'
[2.675s] INFO:colcon.colcon_core.shell:Creating package script '/home/seniorproject/nvi_ws/install/salt_pkg/share/salt_pkg/package.bash'
[2.678s] INFO:colcon.colcon_core.shell:Creating package script '/home/seniorproject/nvi_ws/install/salt_pkg/share/salt_pkg/package.zsh'
[2.680s] Level 1:colcon.colcon_core.environment:create_file_with_runtime_dependencies(/home/seniorproject/nvi_ws/install/salt_pkg/share/colcon-core/packages/salt_pkg)
[2.685s] DEBUG:colcon.colcon_parallel_executor.executor.parallel:closing loop
[2.689s] DEBUG:colcon.colcon_parallel_executor.executor.parallel:loop closed
[2.689s] DEBUG:colcon.colcon_parallel_executor.executor.parallel:run_until_complete finished with '0'
[2.690s] DEBUG:colcon.colcon_core.event_reactor:joining thread
[2.732s] INFO:colcon.colcon_core.plugin_system:Skipping extension 'colcon_notification.desktop_notification.terminal_notifier': Not used on non-Darwin systems
[2.733s] INFO:colcon.colcon_core.plugin_system:Skipping extension 'colcon_notification.desktop_notification.win32': Not used on non-Windows systems
[2.733s] INFO:colcon.colcon_notification.desktop_notification:Sending desktop notification using 'notify2'
[2.828s] DEBUG:colcon.colcon_core.event_reactor:joined thread
[2.830s] INFO:colcon.colcon_core.shell:Creating prefix script '/home/seniorproject/nvi_ws/install/local_setup.ps1'
[2.835s] INFO:colcon.colcon_core.shell:Creating prefix util module '/home/seniorproject/nvi_ws/install/_local_setup_util_ps1.py'
[2.847s] INFO:colcon.colcon_core.shell:Creating prefix chain script '/home/seniorproject/nvi_ws/install/setup.ps1'
[2.864s] INFO:colcon.colcon_core.shell:Creating prefix script '/home/seniorproject/nvi_ws/install/local_setup.sh'
[2.867s] INFO:colcon.colcon_core.shell:Creating prefix util module '/home/seniorproject/nvi_ws/install/_local_setup_util_sh.py'
[2.870s] INFO:colcon.colcon_core.shell:Creating prefix chain script '/home/seniorproject/nvi_ws/install/setup.sh'
[2.887s] INFO:colcon.colcon_core.shell:Creating prefix script '/home/seniorproject/nvi_ws/install/local_setup.bash'
[2.890s] INFO:colcon.colcon_core.shell:Creating prefix chain script '/home/seniorproject/nvi_ws/install/setup.bash'
[2.906s] INFO:colcon.colcon_core.shell:Creating prefix script '/home/seniorproject/nvi_ws/install/local_setup.zsh'
[2.908s] INFO:colcon.colcon_core.shell:Creating prefix chain script '/home/seniorproject/nvi_ws/install/setup.zsh'
