[2.110s] DEBUG:colcon:Command line arguments: ['/home/seniorproject/.local/bin/colcon', 'build', '--symlink-install']
[2.111s] DEBUG:colcon:Parsed command line arguments: Namespace(ament_cmake_args=None, base_paths=['.'], build_base='build', catkin_cmake_args=None, catkin_skip_building_tests=False, cmake_args=None, cmake_clean_cache=False, cmake_clean_first=False, cmake_force_configure=False, cmake_target=None, cmake_target_skip_unavailable=False, continue_on_error=False, event_handlers=None, executor='parallel', ignore_user_meta=False, install_base='install', log_base=None, log_level=None, main=<bound method BuildVerb.main of <colcon_core.verb.build.BuildVerb object at 0xffff91bfe7c0>>, merge_install=False, metas=['./colcon.meta'], packages_above=None, packages_above_and_dependencies=None, packages_above_depth=None, packages_end=None, packages_ignore=None, packages_ignore_regex=None, packages_select=None, packages_select_build_failed=False, packages_select_by_dep=None, packages_select_regex=None, packages_select_test_failures=False, packages_skip=None, packages_skip_build_finished=False, packages_skip_by_dep=None, packages_skip_regex=None, packages_skip_test_passed=False, packages_skip_up_to=None, packages_start=None, packages_up_to=None, packages_up_to_regex=None, parallel_workers=6, paths=None, symlink_install=True, test_result_base=None, verb_extension=<colcon_core.verb.build.BuildVerb object at 0xffff91bfe7c0>, verb_name='build', verb_parser=<colcon_defaults.argument_parser.defaults.DefaultArgumentsDecorator object at 0xffff91bfed30>)
[3.317s] Level 1:colcon.colcon_core.package_discovery:discover_packages(colcon_meta) check parameters
[3.318s] Level 1:colcon.colcon_core.package_discovery:discover_packages(recursive) check parameters
[3.318s] Level 1:colcon.colcon_core.package_discovery:discover_packages(ignore) check parameters
[3.318s] Level 1:colcon.colcon_core.package_discovery:discover_packages(path) check parameters
[3.319s] Level 1:colcon.colcon_core.package_discovery:discover_packages(colcon_meta) discover
[3.319s] Level 1:colcon.colcon_core.package_discovery:discover_packages(recursive) discover
[3.319s] INFO:colcon.colcon_core.package_discovery:Crawling recursively for packages in '/home/seniorproject/nvi_ws'
[3.321s] Level 1:colcon.colcon_core.package_identification:_identify(.) by extensions ['ignore', 'ignore_ament_install']
[3.322s] Level 1:colcon.colcon_core.package_identification:_identify(.) by extension 'ignore'
[3.322s] Level 1:colcon.colcon_core.package_identification:_identify(.) by extension 'ignore_ament_install'
[3.323s] Level 1:colcon.colcon_core.package_identification:_identify(.) by extensions ['colcon_pkg']
[3.323s] Level 1:colcon.colcon_core.package_identification:_identify(.) by extension 'colcon_pkg'
[3.324s] Level 1:colcon.colcon_core.package_identification:_identify(.) by extensions ['colcon_meta']
[3.324s] Level 1:colcon.colcon_core.package_identification:_identify(.) by extension 'colcon_meta'
[3.324s] Level 1:colcon.colcon_core.package_identification:_identify(.) by extensions ['ros']
[3.324s] Level 1:colcon.colcon_core.package_identification:_identify(.) by extension 'ros'
[3.402s] Level 1:colcon.colcon_core.package_identification:_identify(.) by extensions ['cmake', 'python']
[3.403s] Level 1:colcon.colcon_core.package_identification:_identify(.) by extension 'cmake'
[3.403s] Level 1:colcon.colcon_core.package_identification:_identify(.) by extension 'python'
[3.404s] Level 1:colcon.colcon_core.package_identification:_identify(.) by extensions ['python_setup_py']
[3.404s] Level 1:colcon.colcon_core.package_identification:_identify(.) by extension 'python_setup_py'
[3.406s] Level 1:colcon.colcon_core.package_identification:_identify(build) by extensions ['ignore', 'ignore_ament_install']
[3.407s] Level 1:colcon.colcon_core.package_identification:_identify(build) by extension 'ignore'
[3.407s] Level 1:colcon.colcon_core.package_identification:_identify(build) ignored
[3.408s] Level 1:colcon.colcon_core.package_identification:_identify(install) by extensions ['ignore', 'ignore_ament_install']
[3.409s] Level 1:colcon.colcon_core.package_identification:_identify(install) by extension 'ignore'
[3.409s] Level 1:colcon.colcon_core.package_identification:_identify(install) ignored
[3.411s] Level 1:colcon.colcon_core.package_identification:_identify(log) by extensions ['ignore', 'ignore_ament_install']
[3.411s] Level 1:colcon.colcon_core.package_identification:_identify(log) by extension 'ignore'
[3.412s] Level 1:colcon.colcon_core.package_identification:_identify(log) ignored
[3.412s] Level 1:colcon.colcon_core.package_identification:_identify(src) by extensions ['ignore', 'ignore_ament_install']
[3.413s] Level 1:colcon.colcon_core.package_identification:_identify(src) by extension 'ignore'
[3.413s] Level 1:colcon.colcon_core.package_identification:_identify(src) by extension 'ignore_ament_install'
[3.414s] Level 1:colcon.colcon_core.package_identification:_identify(src) by extensions ['colcon_pkg']
[3.414s] Level 1:colcon.colcon_core.package_identification:_identify(src) by extension 'colcon_pkg'
[3.414s] Level 1:colcon.colcon_core.package_identification:_identify(src) by extensions ['colcon_meta']
[3.414s] Level 1:colcon.colcon_core.package_identification:_identify(src) by extension 'colcon_meta'
[3.415s] Level 1:colcon.colcon_core.package_identification:_identify(src) by extensions ['ros']
[3.415s] Level 1:colcon.colcon_core.package_identification:_identify(src) by extension 'ros'
[3.416s] Level 1:colcon.colcon_core.package_identification:_identify(src) by extensions ['cmake', 'python']
[3.416s] Level 1:colcon.colcon_core.package_identification:_identify(src) by extension 'cmake'
[3.416s] Level 1:colcon.colcon_core.package_identification:_identify(src) by extension 'python'
[3.417s] Level 1:colcon.colcon_core.package_identification:_identify(src) by extensions ['python_setup_py']
[3.417s] Level 1:colcon.colcon_core.package_identification:_identify(src) by extension 'python_setup_py'
[3.417s] Level 1:colcon.colcon_core.package_identification:_identify(src/additional_files) by extensions ['ignore', 'ignore_ament_install']
[3.418s] Level 1:colcon.colcon_core.package_identification:_identify(src/additional_files) by extension 'ignore'
[3.418s] Level 1:colcon.colcon_core.package_identification:_identify(src/additional_files) by extension 'ignore_ament_install'
[3.419s] Level 1:colcon.colcon_core.package_identification:_identify(src/additional_files) by extensions ['colcon_pkg']
[3.419s] Level 1:colcon.colcon_core.package_identification:_identify(src/additional_files) by extension 'colcon_pkg'
[3.419s] Level 1:colcon.colcon_core.package_identification:_identify(src/additional_files) by extensions ['colcon_meta']
[3.419s] Level 1:colcon.colcon_core.package_identification:_identify(src/additional_files) by extension 'colcon_meta'
[3.420s] Level 1:colcon.colcon_core.package_identification:_identify(src/additional_files) by extensions ['ros']
[3.420s] Level 1:colcon.colcon_core.package_identification:_identify(src/additional_files) by extension 'ros'
[3.421s] Level 1:colcon.colcon_core.package_identification:_identify(src/additional_files) by extensions ['cmake', 'python']
[3.421s] Level 1:colcon.colcon_core.package_identification:_identify(src/additional_files) by extension 'cmake'
[3.421s] Level 1:colcon.colcon_core.package_identification:_identify(src/additional_files) by extension 'python'
[3.422s] Level 1:colcon.colcon_core.package_identification:_identify(src/additional_files) by extensions ['python_setup_py']
[3.422s] Level 1:colcon.colcon_core.package_identification:_identify(src/additional_files) by extension 'python_setup_py'
[3.422s] Level 1:colcon.colcon_core.package_identification:_identify(src/log) by extensions ['ignore', 'ignore_ament_install']
[3.423s] Level 1:colcon.colcon_core.package_identification:_identify(src/log) by extension 'ignore'
[3.423s] Level 1:colcon.colcon_core.package_identification:_identify(src/log) ignored
[3.424s] Level 1:colcon.colcon_core.package_identification:_identify(src/salt_pkg) by extensions ['ignore', 'ignore_ament_install']
[3.425s] Level 1:colcon.colcon_core.package_identification:_identify(src/salt_pkg) by extension 'ignore'
[3.425s] Level 1:colcon.colcon_core.package_identification:_identify(src/salt_pkg) by extension 'ignore_ament_install'
[3.425s] Level 1:colcon.colcon_core.package_identification:_identify(src/salt_pkg) by extensions ['colcon_pkg']
[3.426s] Level 1:colcon.colcon_core.package_identification:_identify(src/salt_pkg) by extension 'colcon_pkg'
[3.426s] Level 1:colcon.colcon_core.package_identification:_identify(src/salt_pkg) by extensions ['colcon_meta']
[3.426s] Level 1:colcon.colcon_core.package_identification:_identify(src/salt_pkg) by extension 'colcon_meta'
[3.426s] Level 1:colcon.colcon_core.package_identification:_identify(src/salt_pkg) by extensions ['ros']
[3.427s] Level 1:colcon.colcon_core.package_identification:_identify(src/salt_pkg) by extension 'ros'
[3.585s] DEBUG:colcon.colcon_core.package_identification:Package 'src/salt_pkg' with type 'ros.ament_cmake' and name 'salt_pkg'
[3.585s] Level 1:colcon.colcon_core.package_discovery:discover_packages(recursive) using defaults
[3.587s] Level 1:colcon.colcon_core.package_discovery:discover_packages(ignore) discover
[3.587s] Level 1:colcon.colcon_core.package_discovery:discover_packages(ignore) using defaults
[3.587s] Level 1:colcon.colcon_core.package_discovery:discover_packages(path) discover
[3.588s] Level 1:colcon.colcon_core.package_discovery:discover_packages(path) using defaults
[3.980s] Level 5:colcon.colcon_core.verb:set package 'salt_pkg' build argument 'cmake_args' from command line to 'None'
[3.981s] Level 5:colcon.colcon_core.verb:set package 'salt_pkg' build argument 'cmake_target' from command line to 'None'
[3.981s] Level 5:colcon.colcon_core.verb:set package 'salt_pkg' build argument 'cmake_target_skip_unavailable' from command line to 'False'
[3.981s] Level 5:colcon.colcon_core.verb:set package 'salt_pkg' build argument 'cmake_clean_cache' from command line to 'False'
[3.981s] Level 5:colcon.colcon_core.verb:set package 'salt_pkg' build argument 'cmake_clean_first' from command line to 'False'
[3.981s] Level 5:colcon.colcon_core.verb:set package 'salt_pkg' build argument 'cmake_force_configure' from command line to 'False'
[3.982s] Level 5:colcon.colcon_core.verb:set package 'salt_pkg' build argument 'ament_cmake_args' from command line to 'None'
[3.982s] Level 5:colcon.colcon_core.verb:set package 'salt_pkg' build argument 'catkin_cmake_args' from command line to 'None'
[3.982s] Level 5:colcon.colcon_core.verb:set package 'salt_pkg' build argument 'catkin_skip_building_tests' from command line to 'False'
[3.982s] DEBUG:colcon.colcon_core.verb:Building package 'salt_pkg' with the following arguments: {'ament_cmake_args': None, 'build_base': '/home/seniorproject/nvi_ws/build/salt_pkg', 'catkin_cmake_args': None, 'catkin_skip_building_tests': False, 'cmake_args': None, 'cmake_clean_cache': False, 'cmake_clean_first': False, 'cmake_force_configure': False, 'cmake_target': None, 'cmake_target_skip_unavailable': False, 'install_base': '/home/seniorproject/nvi_ws/install/salt_pkg', 'merge_install': False, 'path': '/home/seniorproject/nvi_ws/src/salt_pkg', 'symlink_install': True, 'test_result_base': None}
[3.983s] INFO:colcon.colcon_core.executor:Executing jobs using 'parallel' executor
[4.004s] DEBUG:colcon.colcon_parallel_executor.executor.parallel:run_until_complete
[4.014s] INFO:colcon.colcon_ros.task.ament_cmake.build:Building ROS package in '/home/seniorproject/nvi_ws/src/salt_pkg' with build type 'ament_cmake'
[4.020s] INFO:colcon.colcon_cmake.task.cmake.build:Building CMake package in '/home/seniorproject/nvi_ws/src/salt_pkg'
[4.042s] INFO:colcon.colcon_core.plugin_system:Skipping extension 'colcon_core.shell.bat': Not used on non-Windows systems
[4.043s] INFO:colcon.colcon_core.shell:Skip shell extension 'powershell' for command environment: Not usable outside of PowerShell
[4.044s] DEBUG:colcon.colcon_core.shell:Skip shell extension 'dsv' for command environment
[4.204s] WARNING:colcon.colcon_ros.prefix_path.ament:The path '/home/seniorproject/dev_ws/install/turtlesim' in the environment variable AMENT_PREFIX_PATH doesn't exist
[4.205s] WARNING:colcon.colcon_ros.prefix_path.ament:The path '/home/seniorproject/dev_ws/install/scout_description' in the environment variable AMENT_PREFIX_PATH doesn't exist
[4.205s] WARNING:colcon.colcon_ros.prefix_path.ament:The path '/home/seniorproject/dev_ws/install/sam_bot_description' in the environment variable AMENT_PREFIX_PATH doesn't exist
[4.212s] WARNING:colcon.colcon_ros.prefix_path.ament:The path '/home/seniorproject/dev_ws/install/rviz_ogre_vendor' in the environment variable AMENT_PREFIX_PATH doesn't exist
[4.215s] WARNING:colcon.colcon_ros.prefix_path.catkin:The path '/home/seniorproject/dev_ws/install/turtlesim' in the environment variable CMAKE_PREFIX_PATH doesn't exist
[4.216s] WARNING:colcon.colcon_ros.prefix_path.catkin:The path '/home/seniorproject/dev_ws/install/scout_description' in the environment variable CMAKE_PREFIX_PATH doesn't exist
[4.216s] WARNING:colcon.colcon_ros.prefix_path.catkin:The path '/home/seniorproject/dev_ws/install/sam_bot_description' in the environment variable CMAKE_PREFIX_PATH doesn't exist
[4.217s] WARNING:colcon.colcon_ros.prefix_path.catkin:The path '/home/seniorproject/dev_ws/install/rviz_ogre_vendor' in the environment variable CMAKE_PREFIX_PATH doesn't exist
[4.409s] DEBUG:colcon.colcon_core.event_handler.log_command:Invoking command in '/home/seniorproject/nvi_ws/build/salt_pkg': CMAKE_PREFIX_PATH=${CMAKE_PREFIX_PATH}:/home/seniorproject/dev_ws/install/my_package:/opt/ros/foxy /usr/local/bin/cmake --build /home/seniorproject/nvi_ws/build/salt_pkg -- -j6 -l6
[5.565s] DEBUG:colcon.colcon_core.event_handler.log_command:Invoked command in '/home/seniorproject/nvi_ws/build/salt_pkg' returned '0': CMAKE_PREFIX_PATH=${CMAKE_PREFIX_PATH}:/home/seniorproject/dev_ws/install/my_package:/opt/ros/foxy /usr/local/bin/cmake --build /home/seniorproject/nvi_ws/build/salt_pkg -- -j6 -l6
[5.845s] DEBUG:colcon.colcon_core.event_handler.log_command:Invoking command in '/home/seniorproject/nvi_ws/build/salt_pkg': CMAKE_PREFIX_PATH=${CMAKE_PREFIX_PATH}:/home/seniorproject/dev_ws/install/my_package:/opt/ros/foxy /usr/local/bin/cmake --install /home/seniorproject/nvi_ws/build/salt_pkg
[6.303s] Level 1:colcon.colcon_core.environment:create_environment_scripts_only(salt_pkg)
[6.306s] DEBUG:colcon.colcon_core.event_handler.log_command:Invoked command in '/home/seniorproject/nvi_ws/build/salt_pkg' returned '0': CMAKE_PREFIX_PATH=${CMAKE_PREFIX_PATH}:/home/seniorproject/dev_ws/install/my_package:/opt/ros/foxy /usr/local/bin/cmake --install /home/seniorproject/nvi_ws/build/salt_pkg
[6.353s] Level 1:colcon.colcon_core.environment:checking '/home/seniorproject/nvi_ws/install/salt_pkg' for CMake module files
[6.358s] Level 1:colcon.colcon_core.environment:checking '/home/seniorproject/nvi_ws/install/salt_pkg' for CMake config files
[6.363s] Level 1:colcon.colcon_core.shell:create_environment_hook('salt_pkg', 'cmake_prefix_path')
[6.366s] INFO:colcon.colcon_core.shell:Creating environment hook '/home/seniorproject/nvi_ws/install/salt_pkg/share/salt_pkg/hook/cmake_prefix_path.ps1'
[6.377s] INFO:colcon.colcon_core.shell:Creating environment descriptor '/home/seniorproject/nvi_ws/install/salt_pkg/share/salt_pkg/hook/cmake_prefix_path.dsv'
[6.402s] INFO:colcon.colcon_core.shell:Creating environment hook '/home/seniorproject/nvi_ws/install/salt_pkg/share/salt_pkg/hook/cmake_prefix_path.sh'
[6.409s] Level 1:colcon.colcon_core.environment:checking '/home/seniorproject/nvi_ws/install/salt_pkg/bin'
[6.411s] Level 1:colcon.colcon_core.environment:checking '/home/seniorproject/nvi_ws/install/salt_pkg/lib/pkgconfig/salt_pkg.pc'
[6.521s] Level 1:colcon.colcon_core.environment:checking '/home/seniorproject/nvi_ws/install/salt_pkg/lib/python3.8/site-packages'
[6.522s] Level 1:colcon.colcon_core.environment:checking '/home/seniorproject/nvi_ws/install/salt_pkg/bin'
[6.524s] INFO:colcon.colcon_core.shell:Creating package script '/home/seniorproject/nvi_ws/install/salt_pkg/share/salt_pkg/package.ps1'
[6.536s] INFO:colcon.colcon_core.shell:Creating package descriptor '/home/seniorproject/nvi_ws/install/salt_pkg/share/salt_pkg/package.dsv'
[6.540s] INFO:colcon.colcon_core.shell:Creating package script '/home/seniorproject/nvi_ws/install/salt_pkg/share/salt_pkg/package.sh'
[6.546s] INFO:colcon.colcon_core.shell:Creating package script '/home/seniorproject/nvi_ws/install/salt_pkg/share/salt_pkg/package.bash'
[6.551s] INFO:colcon.colcon_core.shell:Creating package script '/home/seniorproject/nvi_ws/install/salt_pkg/share/salt_pkg/package.zsh'
[6.555s] Level 1:colcon.colcon_core.environment:create_file_with_runtime_dependencies(/home/seniorproject/nvi_ws/install/salt_pkg/share/colcon-core/packages/salt_pkg)
[6.786s] Level 1:colcon.colcon_core.environment:create_environment_scripts_only(salt_pkg)
[6.790s] Level 1:colcon.colcon_core.environment:checking '/home/seniorproject/nvi_ws/install/salt_pkg' for CMake module files
[6.866s] Level 1:colcon.colcon_core.environment:checking '/home/seniorproject/nvi_ws/install/salt_pkg' for CMake config files
[6.878s] Level 1:colcon.colcon_core.shell:create_environment_hook('salt_pkg', 'cmake_prefix_path')
[6.880s] INFO:colcon.colcon_core.shell:Creating environment hook '/home/seniorproject/nvi_ws/install/salt_pkg/share/salt_pkg/hook/cmake_prefix_path.ps1'
[6.887s] INFO:colcon.colcon_core.shell:Creating environment descriptor '/home/seniorproject/nvi_ws/install/salt_pkg/share/salt_pkg/hook/cmake_prefix_path.dsv'
[6.899s] INFO:colcon.colcon_core.shell:Creating environment hook '/home/seniorproject/nvi_ws/install/salt_pkg/share/salt_pkg/hook/cmake_prefix_path.sh'
[6.906s] Level 1:colcon.colcon_core.environment:checking '/home/seniorproject/nvi_ws/install/salt_pkg/bin'
[6.907s] Level 1:colcon.colcon_core.environment:checking '/home/seniorproject/nvi_ws/install/salt_pkg/lib/pkgconfig/salt_pkg.pc'
[6.909s] Level 1:colcon.colcon_core.environment:checking '/home/seniorproject/nvi_ws/install/salt_pkg/lib/python3.8/site-packages'
[6.911s] Level 1:colcon.colcon_core.environment:checking '/home/seniorproject/nvi_ws/install/salt_pkg/bin'
[6.914s] INFO:colcon.colcon_core.shell:Creating package script '/home/seniorproject/nvi_ws/install/salt_pkg/share/salt_pkg/package.ps1'
[6.918s] INFO:colcon.colcon_core.shell:Creating package descriptor '/home/seniorproject/nvi_ws/install/salt_pkg/share/salt_pkg/package.dsv'
[6.923s] INFO:colcon.colcon_core.shell:Creating package script '/home/seniorproject/nvi_ws/install/salt_pkg/share/salt_pkg/package.sh'
[6.927s] INFO:colcon.colcon_core.shell:Creating package script '/home/seniorproject/nvi_ws/install/salt_pkg/share/salt_pkg/package.bash'
[6.932s] INFO:colcon.colcon_core.shell:Creating package script '/home/seniorproject/nvi_ws/install/salt_pkg/share/salt_pkg/package.zsh'
[6.935s] Level 1:colcon.colcon_core.environment:create_file_with_runtime_dependencies(/home/seniorproject/nvi_ws/install/salt_pkg/share/colcon-core/packages/salt_pkg)
[6.944s] DEBUG:colcon.colcon_parallel_executor.executor.parallel:closing loop
[6.945s] DEBUG:colcon.colcon_parallel_executor.executor.parallel:loop closed
[6.947s] DEBUG:colcon.colcon_parallel_executor.executor.parallel:run_until_complete finished with '0'
[6.948s] DEBUG:colcon.colcon_core.event_reactor:joining thread
[7.054s] INFO:colcon.colcon_core.plugin_system:Skipping extension 'colcon_notification.desktop_notification.terminal_notifier': Not used on non-Darwin systems
[7.056s] INFO:colcon.colcon_core.plugin_system:Skipping extension 'colcon_notification.desktop_notification.win32': Not used on non-Windows systems
[7.058s] INFO:colcon.colcon_notification.desktop_notification:Sending desktop notification using 'notify2'
[7.271s] DEBUG:colcon.colcon_core.event_reactor:joined thread
[7.274s] INFO:colcon.colcon_core.shell:Creating prefix script '/home/seniorproject/nvi_ws/install/local_setup.ps1'
[7.280s] INFO:colcon.colcon_core.shell:Creating prefix util module '/home/seniorproject/nvi_ws/install/_local_setup_util_ps1.py'
[7.362s] INFO:colcon.colcon_core.shell:Creating prefix chain script '/home/seniorproject/nvi_ws/install/setup.ps1'
[7.378s] INFO:colcon.colcon_core.shell:Creating prefix script '/home/seniorproject/nvi_ws/install/local_setup.sh'
[7.381s] INFO:colcon.colcon_core.shell:Creating prefix util module '/home/seniorproject/nvi_ws/install/_local_setup_util_sh.py'
[7.385s] INFO:colcon.colcon_core.shell:Creating prefix chain script '/home/seniorproject/nvi_ws/install/setup.sh'
[7.402s] INFO:colcon.colcon_core.shell:Creating prefix script '/home/seniorproject/nvi_ws/install/local_setup.bash'
[7.405s] INFO:colcon.colcon_core.shell:Creating prefix chain script '/home/seniorproject/nvi_ws/install/setup.bash'
[7.421s] INFO:colcon.colcon_core.shell:Creating prefix script '/home/seniorproject/nvi_ws/install/local_setup.zsh'
[7.425s] INFO:colcon.colcon_core.shell:Creating prefix chain script '/home/seniorproject/nvi_ws/install/setup.zsh'
