[1.077s] DEBUG:colcon:Command line arguments: ['/home/seniorproject/.local/bin/colcon', 'build', '--symlink-install']
[1.078s] DEBUG:colcon:Parsed command line arguments: Namespace(ament_cmake_args=None, base_paths=['.'], build_base='build', catkin_cmake_args=None, catkin_skip_building_tests=False, cmake_args=None, cmake_clean_cache=False, cmake_clean_first=False, cmake_force_configure=False, cmake_target=None, cmake_target_skip_unavailable=False, continue_on_error=False, event_handlers=None, executor='parallel', ignore_user_meta=False, install_base='install', log_base=None, log_level=None, main=<bound method BuildVerb.main of <colcon_core.verb.build.BuildVerb object at 0xffffa860f790>>, merge_install=False, metas=['./colcon.meta'], packages_above=None, packages_above_and_dependencies=None, packages_above_depth=None, packages_end=None, packages_ignore=None, packages_ignore_regex=None, packages_select=None, packages_select_build_failed=False, packages_select_by_dep=None, packages_select_regex=None, packages_select_test_failures=False, packages_skip=None, packages_skip_build_finished=False, packages_skip_by_dep=None, packages_skip_regex=None, packages_skip_test_passed=False, packages_skip_up_to=None, packages_start=None, packages_up_to=None, packages_up_to_regex=None, parallel_workers=6, paths=None, symlink_install=True, test_result_base=None, verb_extension=<colcon_core.verb.build.BuildVerb object at 0xffffa860f790>, verb_name='build', verb_parser=<colcon_defaults.argument_parser.defaults.DefaultArgumentsDecorator object at 0xffffa860fd00>)
[1.807s] Level 1:colcon.colcon_core.package_discovery:discover_packages(colcon_meta) check parameters
[1.808s] Level 1:colcon.colcon_core.package_discovery:discover_packages(recursive) check parameters
[1.808s] Level 1:colcon.colcon_core.package_discovery:discover_packages(ignore) check parameters
[1.808s] Level 1:colcon.colcon_core.package_discovery:discover_packages(path) check parameters
[1.809s] Level 1:colcon.colcon_core.package_discovery:discover_packages(colcon_meta) discover
[1.809s] Level 1:colcon.colcon_core.package_discovery:discover_packages(recursive) discover
[1.809s] INFO:colcon.colcon_core.package_discovery:Crawling recursively for packages in '/home/seniorproject/nvi_ws/src'
[1.810s] Level 1:colcon.colcon_core.package_identification:_identify(.) by extensions ['ignore', 'ignore_ament_install']
[1.811s] Level 1:colcon.colcon_core.package_identification:_identify(.) by extension 'ignore'
[1.811s] Level 1:colcon.colcon_core.package_identification:_identify(.) by extension 'ignore_ament_install'
[1.811s] Level 1:colcon.colcon_core.package_identification:_identify(.) by extensions ['colcon_pkg']
[1.811s] Level 1:colcon.colcon_core.package_identification:_identify(.) by extension 'colcon_pkg'
[1.812s] Level 1:colcon.colcon_core.package_identification:_identify(.) by extensions ['colcon_meta']
[1.812s] Level 1:colcon.colcon_core.package_identification:_identify(.) by extension 'colcon_meta'
[1.812s] Level 1:colcon.colcon_core.package_identification:_identify(.) by extensions ['ros']
[1.812s] Level 1:colcon.colcon_core.package_identification:_identify(.) by extension 'ros'
[1.882s] Level 1:colcon.colcon_core.package_identification:_identify(.) by extensions ['cmake', 'python']
[1.883s] Level 1:colcon.colcon_core.package_identification:_identify(.) by extension 'cmake'
[1.883s] Level 1:colcon.colcon_core.package_identification:_identify(.) by extension 'python'
[1.883s] Level 1:colcon.colcon_core.package_identification:_identify(.) by extensions ['python_setup_py']
[1.883s] Level 1:colcon.colcon_core.package_identification:_identify(.) by extension 'python_setup_py'
[1.884s] Level 1:colcon.colcon_core.package_identification:_identify(additional_files) by extensions ['ignore', 'ignore_ament_install']
[1.885s] Level 1:colcon.colcon_core.package_identification:_identify(additional_files) by extension 'ignore'
[1.885s] Level 1:colcon.colcon_core.package_identification:_identify(additional_files) by extension 'ignore_ament_install'
[1.885s] Level 1:colcon.colcon_core.package_identification:_identify(additional_files) by extensions ['colcon_pkg']
[1.886s] Level 1:colcon.colcon_core.package_identification:_identify(additional_files) by extension 'colcon_pkg'
[1.886s] Level 1:colcon.colcon_core.package_identification:_identify(additional_files) by extensions ['colcon_meta']
[1.886s] Level 1:colcon.colcon_core.package_identification:_identify(additional_files) by extension 'colcon_meta'
[1.886s] Level 1:colcon.colcon_core.package_identification:_identify(additional_files) by extensions ['ros']
[1.887s] Level 1:colcon.colcon_core.package_identification:_identify(additional_files) by extension 'ros'
[1.887s] Level 1:colcon.colcon_core.package_identification:_identify(additional_files) by extensions ['cmake', 'python']
[1.887s] Level 1:colcon.colcon_core.package_identification:_identify(additional_files) by extension 'cmake'
[1.888s] Level 1:colcon.colcon_core.package_identification:_identify(additional_files) by extension 'python'
[1.888s] Level 1:colcon.colcon_core.package_identification:_identify(additional_files) by extensions ['python_setup_py']
[1.888s] Level 1:colcon.colcon_core.package_identification:_identify(additional_files) by extension 'python_setup_py'
[1.889s] Level 1:colcon.colcon_core.package_identification:_identify(build) by extensions ['ignore', 'ignore_ament_install']
[1.889s] Level 1:colcon.colcon_core.package_identification:_identify(build) by extension 'ignore'
[1.889s] Level 1:colcon.colcon_core.package_identification:_identify(build) ignored
[1.890s] Level 1:colcon.colcon_core.package_identification:_identify(install) by extensions ['ignore', 'ignore_ament_install']
[1.891s] Level 1:colcon.colcon_core.package_identification:_identify(install) by extension 'ignore'
[1.891s] Level 1:colcon.colcon_core.package_identification:_identify(install) ignored
[1.891s] Level 1:colcon.colcon_core.package_identification:_identify(log) by extensions ['ignore', 'ignore_ament_install']
[1.892s] Level 1:colcon.colcon_core.package_identification:_identify(log) by extension 'ignore'
[1.893s] Level 1:colcon.colcon_core.package_identification:_identify(log) ignored
[1.893s] Level 1:colcon.colcon_core.package_identification:_identify(salt_pkg) by extensions ['ignore', 'ignore_ament_install']
[1.894s] Level 1:colcon.colcon_core.package_identification:_identify(salt_pkg) by extension 'ignore'
[1.894s] Level 1:colcon.colcon_core.package_identification:_identify(salt_pkg) by extension 'ignore_ament_install'
[1.895s] Level 1:colcon.colcon_core.package_identification:_identify(salt_pkg) by extensions ['colcon_pkg']
[1.895s] Level 1:colcon.colcon_core.package_identification:_identify(salt_pkg) by extension 'colcon_pkg'
[1.895s] Level 1:colcon.colcon_core.package_identification:_identify(salt_pkg) by extensions ['colcon_meta']
[1.895s] Level 1:colcon.colcon_core.package_identification:_identify(salt_pkg) by extension 'colcon_meta'
[1.895s] Level 1:colcon.colcon_core.package_identification:_identify(salt_pkg) by extensions ['ros']
[1.896s] Level 1:colcon.colcon_core.package_identification:_identify(salt_pkg) by extension 'ros'
[1.908s] DEBUG:colcon.colcon_core.package_identification:Package 'salt_pkg' with type 'ros.ament_cmake' and name 'salt_pkg'
[1.909s] Level 1:colcon.colcon_core.package_identification:_identify(urdf) by extensions ['ignore', 'ignore_ament_install']
[1.910s] Level 1:colcon.colcon_core.package_identification:_identify(urdf) by extension 'ignore'
[1.910s] Level 1:colcon.colcon_core.package_identification:_identify(urdf) by extension 'ignore_ament_install'
[1.911s] Level 1:colcon.colcon_core.package_identification:_identify(urdf) by extensions ['colcon_pkg']
[1.911s] Level 1:colcon.colcon_core.package_identification:_identify(urdf) by extension 'colcon_pkg'
[1.911s] Level 1:colcon.colcon_core.package_identification:_identify(urdf) by extensions ['colcon_meta']
[1.911s] Level 1:colcon.colcon_core.package_identification:_identify(urdf) by extension 'colcon_meta'
[1.912s] Level 1:colcon.colcon_core.package_identification:_identify(urdf) by extensions ['ros']
[1.912s] Level 1:colcon.colcon_core.package_identification:_identify(urdf) by extension 'ros'
[1.912s] Level 1:colcon.colcon_core.package_identification:_identify(urdf) by extensions ['cmake', 'python']
[1.912s] Level 1:colcon.colcon_core.package_identification:_identify(urdf) by extension 'cmake'
[1.913s] Level 1:colcon.colcon_core.package_identification:_identify(urdf) by extension 'python'
[1.913s] Level 1:colcon.colcon_core.package_identification:_identify(urdf) by extensions ['python_setup_py']
[1.913s] Level 1:colcon.colcon_core.package_identification:_identify(urdf) by extension 'python_setup_py'
[1.914s] Level 1:colcon.colcon_core.package_discovery:discover_packages(recursive) using defaults
[1.914s] Level 1:colcon.colcon_core.package_discovery:discover_packages(ignore) discover
[1.914s] Level 1:colcon.colcon_core.package_discovery:discover_packages(ignore) using defaults
[1.914s] Level 1:colcon.colcon_core.package_discovery:discover_packages(path) discover
[1.915s] Level 1:colcon.colcon_core.package_discovery:discover_packages(path) using defaults
[2.001s] Level 5:colcon.colcon_core.verb:set package 'salt_pkg' build argument 'cmake_args' from command line to 'None'
[2.001s] Level 5:colcon.colcon_core.verb:set package 'salt_pkg' build argument 'cmake_target' from command line to 'None'
[2.002s] Level 5:colcon.colcon_core.verb:set package 'salt_pkg' build argument 'cmake_target_skip_unavailable' from command line to 'False'
[2.002s] Level 5:colcon.colcon_core.verb:set package 'salt_pkg' build argument 'cmake_clean_cache' from command line to 'False'
[2.002s] Level 5:colcon.colcon_core.verb:set package 'salt_pkg' build argument 'cmake_clean_first' from command line to 'False'
[2.002s] Level 5:colcon.colcon_core.verb:set package 'salt_pkg' build argument 'cmake_force_configure' from command line to 'False'
[2.002s] Level 5:colcon.colcon_core.verb:set package 'salt_pkg' build argument 'ament_cmake_args' from command line to 'None'
[2.002s] Level 5:colcon.colcon_core.verb:set package 'salt_pkg' build argument 'catkin_cmake_args' from command line to 'None'
[2.003s] Level 5:colcon.colcon_core.verb:set package 'salt_pkg' build argument 'catkin_skip_building_tests' from command line to 'False'
[2.003s] DEBUG:colcon.colcon_core.verb:Building package 'salt_pkg' with the following arguments: {'ament_cmake_args': None, 'build_base': '/home/seniorproject/nvi_ws/src/build/salt_pkg', 'catkin_cmake_args': None, 'catkin_skip_building_tests': False, 'cmake_args': None, 'cmake_clean_cache': False, 'cmake_clean_first': False, 'cmake_force_configure': False, 'cmake_target': None, 'cmake_target_skip_unavailable': False, 'install_base': '/home/seniorproject/nvi_ws/src/install/salt_pkg', 'merge_install': False, 'path': '/home/seniorproject/nvi_ws/src/salt_pkg', 'symlink_install': True, 'test_result_base': None}
[2.004s] INFO:colcon.colcon_core.executor:Executing jobs using 'parallel' executor
[2.010s] DEBUG:colcon.colcon_parallel_executor.executor.parallel:run_until_complete
[2.012s] INFO:colcon.colcon_ros.task.ament_cmake.build:Building ROS package in '/home/seniorproject/nvi_ws/src/salt_pkg' with build type 'ament_cmake'
[2.013s] INFO:colcon.colcon_cmake.task.cmake.build:Building CMake package in '/home/seniorproject/nvi_ws/src/salt_pkg'
[2.026s] INFO:colcon.colcon_core.plugin_system:Skipping extension 'colcon_core.shell.bat': Not used on non-Windows systems
[2.027s] INFO:colcon.colcon_core.shell:Skip shell extension 'powershell' for command environment: Not usable outside of PowerShell
[2.027s] DEBUG:colcon.colcon_core.shell:Skip shell extension 'dsv' for command environment
[2.032s] WARNING:colcon.colcon_ros.prefix_path.ament:The path '/home/seniorproject/nvi_ws/install/salt_pkg' in the environment variable AMENT_PREFIX_PATH doesn't exist
[2.033s] WARNING:colcon.colcon_ros.prefix_path.ament:The path '/home/seniorproject/nvi_ws/install/salt_package' in the environment variable AMENT_PREFIX_PATH doesn't exist
[2.042s] WARNING:colcon.colcon_ros.prefix_path.catkin:The path '/home/seniorproject/nvi_ws/install/salt_pkg' in the environment variable CMAKE_PREFIX_PATH doesn't exist
[2.043s] WARNING:colcon.colcon_ros.prefix_path.catkin:The path '/home/seniorproject/nvi_ws/install/salt_package' in the environment variable CMAKE_PREFIX_PATH doesn't exist
[2.112s] DEBUG:colcon.colcon_core.event_handler.log_command:Invoking command in '/home/seniorproject/nvi_ws/src/build/salt_pkg': CMAKE_PREFIX_PATH=${CMAKE_PREFIX_PATH}:/home/seniorproject/dev_ws/install/my_package:/opt/ros/foxy /usr/local/bin/cmake /home/seniorproject/nvi_ws/src/salt_pkg -DAMENT_CMAKE_SYMLINK_INSTALL=1 -DCMAKE_INSTALL_PREFIX=/home/seniorproject/nvi_ws/src/install/salt_pkg
[7.241s] DEBUG:colcon.colcon_core.event_handler.log_command:Invoked command in '/home/seniorproject/nvi_ws/src/build/salt_pkg' returned '0': CMAKE_PREFIX_PATH=${CMAKE_PREFIX_PATH}:/home/seniorproject/dev_ws/install/my_package:/opt/ros/foxy /usr/local/bin/cmake /home/seniorproject/nvi_ws/src/salt_pkg -DAMENT_CMAKE_SYMLINK_INSTALL=1 -DCMAKE_INSTALL_PREFIX=/home/seniorproject/nvi_ws/src/install/salt_pkg
[7.263s] DEBUG:colcon.colcon_core.event_handler.log_command:Invoking command in '/home/seniorproject/nvi_ws/src/build/salt_pkg': CMAKE_PREFIX_PATH=${CMAKE_PREFIX_PATH}:/home/seniorproject/dev_ws/install/my_package:/opt/ros/foxy /usr/local/bin/cmake --build /home/seniorproject/nvi_ws/src/build/salt_pkg -- -j6 -l6
[7.386s] DEBUG:colcon.colcon_core.event_handler.log_command:Invoked command in '/home/seniorproject/nvi_ws/src/build/salt_pkg' returned '0': CMAKE_PREFIX_PATH=${CMAKE_PREFIX_PATH}:/home/seniorproject/dev_ws/install/my_package:/opt/ros/foxy /usr/local/bin/cmake --build /home/seniorproject/nvi_ws/src/build/salt_pkg -- -j6 -l6
[7.564s] DEBUG:colcon.colcon_core.event_handler.log_command:Invoking command in '/home/seniorproject/nvi_ws/src/build/salt_pkg': CMAKE_PREFIX_PATH=${CMAKE_PREFIX_PATH}:/home/seniorproject/dev_ws/install/my_package:/opt/ros/foxy /usr/local/bin/cmake --install /home/seniorproject/nvi_ws/src/build/salt_pkg
[8.098s] Level 1:colcon.colcon_core.environment:create_environment_scripts_only(salt_pkg)
[8.103s] DEBUG:colcon.colcon_core.event_handler.log_command:Invoked command in '/home/seniorproject/nvi_ws/src/build/salt_pkg' returned '0': CMAKE_PREFIX_PATH=${CMAKE_PREFIX_PATH}:/home/seniorproject/dev_ws/install/my_package:/opt/ros/foxy /usr/local/bin/cmake --install /home/seniorproject/nvi_ws/src/build/salt_pkg
[8.118s] Level 1:colcon.colcon_core.environment:checking '/home/seniorproject/nvi_ws/src/install/salt_pkg' for CMake module files
[8.121s] Level 1:colcon.colcon_core.environment:checking '/home/seniorproject/nvi_ws/src/install/salt_pkg' for CMake config files
[8.123s] Level 1:colcon.colcon_core.shell:create_environment_hook('salt_pkg', 'cmake_prefix_path')
[8.125s] INFO:colcon.colcon_core.shell:Creating environment hook '/home/seniorproject/nvi_ws/src/install/salt_pkg/share/salt_pkg/hook/cmake_prefix_path.ps1'
[8.129s] INFO:colcon.colcon_core.shell:Creating environment descriptor '/home/seniorproject/nvi_ws/src/install/salt_pkg/share/salt_pkg/hook/cmake_prefix_path.dsv'
[8.131s] INFO:colcon.colcon_core.shell:Creating environment hook '/home/seniorproject/nvi_ws/src/install/salt_pkg/share/salt_pkg/hook/cmake_prefix_path.sh'
[8.136s] Level 1:colcon.colcon_core.environment:checking '/home/seniorproject/nvi_ws/src/install/salt_pkg/bin'
[8.137s] Level 1:colcon.colcon_core.environment:checking '/home/seniorproject/nvi_ws/src/install/salt_pkg/lib/pkgconfig/salt_pkg.pc'
[8.142s] Level 1:colcon.colcon_core.environment:checking '/home/seniorproject/nvi_ws/src/install/salt_pkg/lib/python3.8/site-packages'
[8.143s] Level 1:colcon.colcon_core.environment:checking '/home/seniorproject/nvi_ws/src/install/salt_pkg/bin'
[8.145s] INFO:colcon.colcon_core.shell:Creating package script '/home/seniorproject/nvi_ws/src/install/salt_pkg/share/salt_pkg/package.ps1'
[8.148s] INFO:colcon.colcon_core.shell:Creating package descriptor '/home/seniorproject/nvi_ws/src/install/salt_pkg/share/salt_pkg/package.dsv'
[8.151s] INFO:colcon.colcon_core.shell:Creating package script '/home/seniorproject/nvi_ws/src/install/salt_pkg/share/salt_pkg/package.sh'
[8.155s] INFO:colcon.colcon_core.shell:Creating package script '/home/seniorproject/nvi_ws/src/install/salt_pkg/share/salt_pkg/package.bash'
[8.159s] INFO:colcon.colcon_core.shell:Creating package script '/home/seniorproject/nvi_ws/src/install/salt_pkg/share/salt_pkg/package.zsh'
[8.162s] Level 1:colcon.colcon_core.environment:create_file_with_runtime_dependencies(/home/seniorproject/nvi_ws/src/install/salt_pkg/share/colcon-core/packages/salt_pkg)
[8.294s] Level 1:colcon.colcon_core.environment:create_environment_scripts_only(salt_pkg)
[8.296s] Level 1:colcon.colcon_core.environment:checking '/home/seniorproject/nvi_ws/src/install/salt_pkg' for CMake module files
[8.300s] Level 1:colcon.colcon_core.environment:checking '/home/seniorproject/nvi_ws/src/install/salt_pkg' for CMake config files
[8.302s] Level 1:colcon.colcon_core.shell:create_environment_hook('salt_pkg', 'cmake_prefix_path')
[8.303s] INFO:colcon.colcon_core.shell:Creating environment hook '/home/seniorproject/nvi_ws/src/install/salt_pkg/share/salt_pkg/hook/cmake_prefix_path.ps1'
[8.307s] INFO:colcon.colcon_core.shell:Creating environment descriptor '/home/seniorproject/nvi_ws/src/install/salt_pkg/share/salt_pkg/hook/cmake_prefix_path.dsv'
[8.311s] INFO:colcon.colcon_core.shell:Creating environment hook '/home/seniorproject/nvi_ws/src/install/salt_pkg/share/salt_pkg/hook/cmake_prefix_path.sh'
[8.315s] Level 1:colcon.colcon_core.environment:checking '/home/seniorproject/nvi_ws/src/install/salt_pkg/bin'
[8.315s] Level 1:colcon.colcon_core.environment:checking '/home/seniorproject/nvi_ws/src/install/salt_pkg/lib/pkgconfig/salt_pkg.pc'
[8.317s] Level 1:colcon.colcon_core.environment:checking '/home/seniorproject/nvi_ws/src/install/salt_pkg/lib/python3.8/site-packages'
[8.318s] Level 1:colcon.colcon_core.environment:checking '/home/seniorproject/nvi_ws/src/install/salt_pkg/bin'
[8.319s] INFO:colcon.colcon_core.shell:Creating package script '/home/seniorproject/nvi_ws/src/install/salt_pkg/share/salt_pkg/package.ps1'
[8.323s] INFO:colcon.colcon_core.shell:Creating package descriptor '/home/seniorproject/nvi_ws/src/install/salt_pkg/share/salt_pkg/package.dsv'
[8.326s] INFO:colcon.colcon_core.shell:Creating package script '/home/seniorproject/nvi_ws/src/install/salt_pkg/share/salt_pkg/package.sh'
[8.328s] INFO:colcon.colcon_core.shell:Creating package script '/home/seniorproject/nvi_ws/src/install/salt_pkg/share/salt_pkg/package.bash'
[8.330s] INFO:colcon.colcon_core.shell:Creating package script '/home/seniorproject/nvi_ws/src/install/salt_pkg/share/salt_pkg/package.zsh'
[8.332s] Level 1:colcon.colcon_core.environment:create_file_with_runtime_dependencies(/home/seniorproject/nvi_ws/src/install/salt_pkg/share/colcon-core/packages/salt_pkg)
[8.334s] DEBUG:colcon.colcon_parallel_executor.executor.parallel:closing loop
[8.337s] DEBUG:colcon.colcon_parallel_executor.executor.parallel:loop closed
[8.338s] DEBUG:colcon.colcon_parallel_executor.executor.parallel:run_until_complete finished with '0'
[8.339s] DEBUG:colcon.colcon_core.event_reactor:joining thread
[8.380s] INFO:colcon.colcon_core.plugin_system:Skipping extension 'colcon_notification.desktop_notification.terminal_notifier': Not used on non-Darwin systems
[8.381s] INFO:colcon.colcon_core.plugin_system:Skipping extension 'colcon_notification.desktop_notification.win32': Not used on non-Windows systems
[8.381s] INFO:colcon.colcon_notification.desktop_notification:Sending desktop notification using 'notify2'
[8.490s] DEBUG:colcon.colcon_core.event_reactor:joined thread
[8.492s] INFO:colcon.colcon_core.shell:Creating prefix script '/home/seniorproject/nvi_ws/src/install/local_setup.ps1'
[8.497s] INFO:colcon.colcon_core.shell:Creating prefix util module '/home/seniorproject/nvi_ws/src/install/_local_setup_util_ps1.py'
[8.504s] INFO:colcon.colcon_core.shell:Creating prefix chain script '/home/seniorproject/nvi_ws/src/install/setup.ps1'
[8.519s] INFO:colcon.colcon_core.shell:Creating prefix script '/home/seniorproject/nvi_ws/src/install/local_setup.sh'
[8.522s] INFO:colcon.colcon_core.shell:Creating prefix util module '/home/seniorproject/nvi_ws/src/install/_local_setup_util_sh.py'
[8.525s] INFO:colcon.colcon_core.shell:Creating prefix chain script '/home/seniorproject/nvi_ws/src/install/setup.sh'
[8.540s] INFO:colcon.colcon_core.shell:Creating prefix script '/home/seniorproject/nvi_ws/src/install/local_setup.bash'
[8.543s] INFO:colcon.colcon_core.shell:Creating prefix chain script '/home/seniorproject/nvi_ws/src/install/setup.bash'
[8.558s] INFO:colcon.colcon_core.shell:Creating prefix script '/home/seniorproject/nvi_ws/src/install/local_setup.zsh'
[8.560s] INFO:colcon.colcon_core.shell:Creating prefix chain script '/home/seniorproject/nvi_ws/src/install/setup.zsh'
