[0.973s] DEBUG:colcon:Command line arguments: ['/usr/bin/colcon', 'build', '--symlink-install']
[0.974s] DEBUG:colcon:Parsed command line arguments: Namespace(allow_overriding=[], ament_cmake_args=None, base_paths=['.'], build_base='build', catkin_cmake_args=None, catkin_skip_building_tests=False, cmake_args=None, cmake_clean_cache=False, cmake_clean_first=False, cmake_force_configure=False, cmake_target=None, cmake_target_skip_unavailable=False, continue_on_error=False, event_handlers=None, executor='parallel', ignore_user_meta=False, install_base='install', log_base=None, log_level=None, main=<bound method BuildVerb.main of <colcon_core.verb.build.BuildVerb object at 0xffff8da7a730>>, merge_install=False, metas=['./colcon.meta'], mixin=None, mixin_files=None, mixin_verb=('build',), packages_above=None, packages_above_and_dependencies=None, packages_above_depth=None, packages_end=None, packages_ignore=None, packages_ignore_regex=None, packages_select=None, packages_select_build_failed=False, packages_select_by_dep=None, packages_select_regex=None, packages_select_test_failures=False, packages_skip=None, packages_skip_build_finished=False, packages_skip_by_dep=None, packages_skip_regex=None, packages_skip_test_passed=False, packages_skip_up_to=None, packages_start=None, packages_up_to=None, packages_up_to_regex=None, parallel_workers=4, paths=None, symlink_install=True, test_result_base=None, verb_extension=<colcon_core.verb.build.BuildVerb object at 0xffff8da7a730>, verb_name='build', verb_parser=<colcon_mixin.mixin.mixin_argument.MixinArgumentDecorator object at 0xffff8d9e7580>)
[1.900s] Level 1:colcon.colcon_core.package_discovery:discover_packages(colcon_meta) check parameters
[1.901s] Level 1:colcon.colcon_core.package_discovery:discover_packages(recursive) check parameters
[1.901s] Level 1:colcon.colcon_core.package_discovery:discover_packages(ignore) check parameters
[1.901s] Level 1:colcon.colcon_core.package_discovery:discover_packages(path) check parameters
[1.901s] Level 1:colcon.colcon_core.package_discovery:discover_packages(colcon_meta) discover
[1.902s] Level 1:colcon.colcon_core.package_discovery:discover_packages(recursive) discover
[1.902s] INFO:colcon.colcon_core.package_discovery:Crawling recursively for packages in '/home/ubuntu/nvi_ws/nvi_ws'
[1.903s] Level 1:colcon.colcon_core.package_identification:_identify(.) by extensions ['ignore', 'ignore_ament_install']
[1.904s] Level 1:colcon.colcon_core.package_identification:_identify(.) by extension 'ignore'
[1.904s] Level 1:colcon.colcon_core.package_identification:_identify(.) by extension 'ignore_ament_install'
[1.905s] Level 1:colcon.colcon_core.package_identification:_identify(.) by extensions ['colcon_pkg']
[1.905s] Level 1:colcon.colcon_core.package_identification:_identify(.) by extension 'colcon_pkg'
[1.905s] Level 1:colcon.colcon_core.package_identification:_identify(.) by extensions ['colcon_meta']
[1.906s] Level 1:colcon.colcon_core.package_identification:_identify(.) by extension 'colcon_meta'
[1.906s] Level 1:colcon.colcon_core.package_identification:_identify(.) by extensions ['ros']
[1.906s] Level 1:colcon.colcon_core.package_identification:_identify(.) by extension 'ros'
[1.964s] Level 1:colcon.colcon_core.package_identification:_identify(.) by extensions ['cmake', 'python']
[1.965s] Level 1:colcon.colcon_core.package_identification:_identify(.) by extension 'cmake'
[1.965s] Level 1:colcon.colcon_core.package_identification:_identify(.) by extension 'python'
[1.966s] Level 1:colcon.colcon_core.package_identification:_identify(.) by extensions ['python_setup_py']
[1.966s] Level 1:colcon.colcon_core.package_identification:_identify(.) by extension 'python_setup_py'
[1.967s] Level 1:colcon.colcon_core.package_identification:_identify(build) by extensions ['ignore', 'ignore_ament_install']
[1.967s] Level 1:colcon.colcon_core.package_identification:_identify(build) by extension 'ignore'
[1.968s] Level 1:colcon.colcon_core.package_identification:_identify(build) ignored
[1.969s] Level 1:colcon.colcon_core.package_identification:_identify(install) by extensions ['ignore', 'ignore_ament_install']
[1.969s] Level 1:colcon.colcon_core.package_identification:_identify(install) by extension 'ignore'
[1.970s] Level 1:colcon.colcon_core.package_identification:_identify(install) ignored
[1.971s] Level 1:colcon.colcon_core.package_identification:_identify(log) by extensions ['ignore', 'ignore_ament_install']
[1.971s] Level 1:colcon.colcon_core.package_identification:_identify(log) by extension 'ignore'
[1.972s] Level 1:colcon.colcon_core.package_identification:_identify(log) ignored
[1.973s] Level 1:colcon.colcon_core.package_identification:_identify(src) by extensions ['ignore', 'ignore_ament_install']
[1.973s] Level 1:colcon.colcon_core.package_identification:_identify(src) by extension 'ignore'
[1.974s] Level 1:colcon.colcon_core.package_identification:_identify(src) by extension 'ignore_ament_install'
[1.974s] Level 1:colcon.colcon_core.package_identification:_identify(src) by extensions ['colcon_pkg']
[1.975s] Level 1:colcon.colcon_core.package_identification:_identify(src) by extension 'colcon_pkg'
[1.975s] Level 1:colcon.colcon_core.package_identification:_identify(src) by extensions ['colcon_meta']
[1.975s] Level 1:colcon.colcon_core.package_identification:_identify(src) by extension 'colcon_meta'
[1.976s] Level 1:colcon.colcon_core.package_identification:_identify(src) by extensions ['ros']
[1.976s] Level 1:colcon.colcon_core.package_identification:_identify(src) by extension 'ros'
[1.977s] Level 1:colcon.colcon_core.package_identification:_identify(src) by extensions ['cmake', 'python']
[1.977s] Level 1:colcon.colcon_core.package_identification:_identify(src) by extension 'cmake'
[1.978s] Level 1:colcon.colcon_core.package_identification:_identify(src) by extension 'python'
[1.978s] Level 1:colcon.colcon_core.package_identification:_identify(src) by extensions ['python_setup_py']
[1.978s] Level 1:colcon.colcon_core.package_identification:_identify(src) by extension 'python_setup_py'
[1.979s] Level 1:colcon.colcon_core.package_identification:_identify(src/additional_files) by extensions ['ignore', 'ignore_ament_install']
[1.980s] Level 1:colcon.colcon_core.package_identification:_identify(src/additional_files) by extension 'ignore'
[1.980s] Level 1:colcon.colcon_core.package_identification:_identify(src/additional_files) by extension 'ignore_ament_install'
[1.981s] Level 1:colcon.colcon_core.package_identification:_identify(src/additional_files) by extensions ['colcon_pkg']
[1.981s] Level 1:colcon.colcon_core.package_identification:_identify(src/additional_files) by extension 'colcon_pkg'
[1.982s] Level 1:colcon.colcon_core.package_identification:_identify(src/additional_files) by extensions ['colcon_meta']
[1.982s] Level 1:colcon.colcon_core.package_identification:_identify(src/additional_files) by extension 'colcon_meta'
[1.982s] Level 1:colcon.colcon_core.package_identification:_identify(src/additional_files) by extensions ['ros']
[1.983s] Level 1:colcon.colcon_core.package_identification:_identify(src/additional_files) by extension 'ros'
[1.983s] Level 1:colcon.colcon_core.package_identification:_identify(src/additional_files) by extensions ['cmake', 'python']
[1.984s] Level 1:colcon.colcon_core.package_identification:_identify(src/additional_files) by extension 'cmake'
[1.984s] Level 1:colcon.colcon_core.package_identification:_identify(src/additional_files) by extension 'python'
[1.984s] Level 1:colcon.colcon_core.package_identification:_identify(src/additional_files) by extensions ['python_setup_py']
[1.985s] Level 1:colcon.colcon_core.package_identification:_identify(src/additional_files) by extension 'python_setup_py'
[1.986s] Level 1:colcon.colcon_core.package_identification:_identify(src/log) by extensions ['ignore', 'ignore_ament_install']
[1.986s] Level 1:colcon.colcon_core.package_identification:_identify(src/log) by extension 'ignore'
[1.987s] Level 1:colcon.colcon_core.package_identification:_identify(src/log) ignored
[1.988s] Level 1:colcon.colcon_core.package_identification:_identify(src/salt_pkg) by extensions ['ignore', 'ignore_ament_install']
[1.988s] Level 1:colcon.colcon_core.package_identification:_identify(src/salt_pkg) by extension 'ignore'
[1.989s] Level 1:colcon.colcon_core.package_identification:_identify(src/salt_pkg) by extension 'ignore_ament_install'
[1.989s] Level 1:colcon.colcon_core.package_identification:_identify(src/salt_pkg) by extensions ['colcon_pkg']
[1.990s] Level 1:colcon.colcon_core.package_identification:_identify(src/salt_pkg) by extension 'colcon_pkg'
[1.990s] Level 1:colcon.colcon_core.package_identification:_identify(src/salt_pkg) by extensions ['colcon_meta']
[1.990s] Level 1:colcon.colcon_core.package_identification:_identify(src/salt_pkg) by extension 'colcon_meta'
[1.991s] Level 1:colcon.colcon_core.package_identification:_identify(src/salt_pkg) by extensions ['ros']
[1.991s] Level 1:colcon.colcon_core.package_identification:_identify(src/salt_pkg) by extension 'ros'
[2.003s] DEBUG:colcon.colcon_core.package_identification:Package 'src/salt_pkg' with type 'ros.ament_cmake' and name 'salt_pkg'
[2.003s] Level 1:colcon.colcon_core.package_identification:_identify(src/urdf) by extensions ['ignore', 'ignore_ament_install']
[2.004s] Level 1:colcon.colcon_core.package_identification:_identify(src/urdf) by extension 'ignore'
[2.005s] Level 1:colcon.colcon_core.package_identification:_identify(src/urdf) by extension 'ignore_ament_install'
[2.005s] Level 1:colcon.colcon_core.package_identification:_identify(src/urdf) by extensions ['colcon_pkg']
[2.006s] Level 1:colcon.colcon_core.package_identification:_identify(src/urdf) by extension 'colcon_pkg'
[2.006s] Level 1:colcon.colcon_core.package_identification:_identify(src/urdf) by extensions ['colcon_meta']
[2.006s] Level 1:colcon.colcon_core.package_identification:_identify(src/urdf) by extension 'colcon_meta'
[2.007s] Level 1:colcon.colcon_core.package_identification:_identify(src/urdf) by extensions ['ros']
[2.007s] Level 1:colcon.colcon_core.package_identification:_identify(src/urdf) by extension 'ros'
[2.008s] Level 1:colcon.colcon_core.package_identification:_identify(src/urdf) by extensions ['cmake', 'python']
[2.008s] Level 1:colcon.colcon_core.package_identification:_identify(src/urdf) by extension 'cmake'
[2.008s] Level 1:colcon.colcon_core.package_identification:_identify(src/urdf) by extension 'python'
[2.009s] Level 1:colcon.colcon_core.package_identification:_identify(src/urdf) by extensions ['python_setup_py']
[2.009s] Level 1:colcon.colcon_core.package_identification:_identify(src/urdf) by extension 'python_setup_py'
[2.009s] Level 1:colcon.colcon_core.package_discovery:discover_packages(recursive) using defaults
[2.010s] Level 1:colcon.colcon_core.package_discovery:discover_packages(ignore) discover
[2.010s] Level 1:colcon.colcon_core.package_discovery:discover_packages(ignore) using defaults
[2.010s] Level 1:colcon.colcon_core.package_discovery:discover_packages(path) discover
[2.011s] Level 1:colcon.colcon_core.package_discovery:discover_packages(path) using defaults
[2.098s] Level 1:colcon.colcon_core.package_discovery:discover_packages(prefix_path) check parameters
[2.098s] Level 1:colcon.colcon_core.package_discovery:discover_packages(prefix_path) discover
[2.111s] DEBUG:colcon.colcon_installed_package_information.package_discovery:Found 1 installed packages in /home/ubuntu/dev_ws/install
[2.120s] DEBUG:colcon.colcon_installed_package_information.package_discovery:Found 256 installed packages in /opt/ros/foxy
[2.129s] Level 1:colcon.colcon_core.package_discovery:discover_packages(prefix_path) using defaults
[2.708s] Level 5:colcon.colcon_core.verb:set package 'salt_pkg' build argument 'cmake_args' from command line to 'None'
[2.708s] Level 5:colcon.colcon_core.verb:set package 'salt_pkg' build argument 'cmake_target' from command line to 'None'
[2.708s] Level 5:colcon.colcon_core.verb:set package 'salt_pkg' build argument 'cmake_target_skip_unavailable' from command line to 'False'
[2.708s] Level 5:colcon.colcon_core.verb:set package 'salt_pkg' build argument 'cmake_clean_cache' from command line to 'False'
[2.709s] Level 5:colcon.colcon_core.verb:set package 'salt_pkg' build argument 'cmake_clean_first' from command line to 'False'
[2.709s] Level 5:colcon.colcon_core.verb:set package 'salt_pkg' build argument 'cmake_force_configure' from command line to 'False'
[2.709s] Level 5:colcon.colcon_core.verb:set package 'salt_pkg' build argument 'ament_cmake_args' from command line to 'None'
[2.709s] Level 5:colcon.colcon_core.verb:set package 'salt_pkg' build argument 'catkin_cmake_args' from command line to 'None'
[2.709s] Level 5:colcon.colcon_core.verb:set package 'salt_pkg' build argument 'catkin_skip_building_tests' from command line to 'False'
[2.709s] DEBUG:colcon.colcon_core.verb:Building package 'salt_pkg' with the following arguments: {'ament_cmake_args': None, 'build_base': '/home/ubuntu/nvi_ws/nvi_ws/build/salt_pkg', 'catkin_cmake_args': None, 'catkin_skip_building_tests': False, 'cmake_args': None, 'cmake_clean_cache': False, 'cmake_clean_first': False, 'cmake_force_configure': False, 'cmake_target': None, 'cmake_target_skip_unavailable': False, 'install_base': '/home/ubuntu/nvi_ws/nvi_ws/install/salt_pkg', 'merge_install': False, 'path': '/home/ubuntu/nvi_ws/nvi_ws/src/salt_pkg', 'symlink_install': True, 'test_result_base': None}
[2.710s] INFO:colcon.colcon_core.executor:Executing jobs using 'parallel' executor
[2.715s] DEBUG:colcon.colcon_parallel_executor.executor.parallel:run_until_complete
[2.717s] INFO:colcon.colcon_ros.task.ament_cmake.build:Building ROS package in '/home/ubuntu/nvi_ws/nvi_ws/src/salt_pkg' with build type 'ament_cmake'
[2.719s] INFO:colcon.colcon_cmake.task.cmake.build:Building CMake package in '/home/ubuntu/nvi_ws/nvi_ws/src/salt_pkg'
[2.732s] INFO:colcon.colcon_core.plugin_system:Skipping extension 'colcon_core.shell.bat': Not used on non-Windows systems
[2.733s] INFO:colcon.colcon_core.shell:Skip shell extension 'powershell' for command environment: Not usable outside of PowerShell
[2.734s] DEBUG:colcon.colcon_core.shell:Skip shell extension 'dsv' for command environment
[2.802s] DEBUG:colcon.colcon_core.event_handler.log_command:Invoking command in '/home/ubuntu/nvi_ws/nvi_ws/build/salt_pkg': CMAKE_PREFIX_PATH=${CMAKE_PREFIX_PATH}:/opt/ros/foxy /usr/bin/cmake /home/ubuntu/nvi_ws/nvi_ws/src/salt_pkg -DAMENT_CMAKE_SYMLINK_INSTALL=1 -DCMAKE_INSTALL_PREFIX=/home/ubuntu/nvi_ws/nvi_ws/install/salt_pkg
[8.351s] DEBUG:colcon.colcon_core.event_handler.log_command:Invoked command in '/home/ubuntu/nvi_ws/nvi_ws/build/salt_pkg' returned '0': CMAKE_PREFIX_PATH=${CMAKE_PREFIX_PATH}:/opt/ros/foxy /usr/bin/cmake /home/ubuntu/nvi_ws/nvi_ws/src/salt_pkg -DAMENT_CMAKE_SYMLINK_INSTALL=1 -DCMAKE_INSTALL_PREFIX=/home/ubuntu/nvi_ws/nvi_ws/install/salt_pkg
[8.365s] DEBUG:colcon.colcon_core.event_handler.log_command:Invoking command in '/home/ubuntu/nvi_ws/nvi_ws/build/salt_pkg': CMAKE_PREFIX_PATH=${CMAKE_PREFIX_PATH}:/opt/ros/foxy /usr/bin/cmake --build /home/ubuntu/nvi_ws/nvi_ws/build/salt_pkg -- -j4 -l4
[8.540s] DEBUG:colcon.colcon_core.event_handler.log_command:Invoked command in '/home/ubuntu/nvi_ws/nvi_ws/build/salt_pkg' returned '0': CMAKE_PREFIX_PATH=${CMAKE_PREFIX_PATH}:/opt/ros/foxy /usr/bin/cmake --build /home/ubuntu/nvi_ws/nvi_ws/build/salt_pkg -- -j4 -l4
[8.740s] DEBUG:colcon.colcon_core.event_handler.log_command:Invoking command in '/home/ubuntu/nvi_ws/nvi_ws/build/salt_pkg': CMAKE_PREFIX_PATH=${CMAKE_PREFIX_PATH}:/opt/ros/foxy /usr/bin/cmake --install /home/ubuntu/nvi_ws/nvi_ws/build/salt_pkg
[9.392s] Level 1:colcon.colcon_core.environment:create_environment_scripts_only(salt_pkg)
[9.394s] DEBUG:colcon.colcon_core.event_handler.log_command:Invoked command in '/home/ubuntu/nvi_ws/nvi_ws/build/salt_pkg' returned '0': CMAKE_PREFIX_PATH=${CMAKE_PREFIX_PATH}:/opt/ros/foxy /usr/bin/cmake --install /home/ubuntu/nvi_ws/nvi_ws/build/salt_pkg
[9.406s] Level 1:colcon.colcon_core.environment:checking '/home/ubuntu/nvi_ws/nvi_ws/install/salt_pkg' for CMake module files
[9.409s] Level 1:colcon.colcon_core.environment:checking '/home/ubuntu/nvi_ws/nvi_ws/install/salt_pkg' for CMake config files
[9.411s] Level 1:colcon.colcon_core.shell:create_environment_hook('salt_pkg', 'cmake_prefix_path')
[9.413s] INFO:colcon.colcon_core.shell:Creating environment hook '/home/ubuntu/nvi_ws/nvi_ws/install/salt_pkg/share/salt_pkg/hook/cmake_prefix_path.ps1'
[9.418s] INFO:colcon.colcon_core.shell:Creating environment descriptor '/home/ubuntu/nvi_ws/nvi_ws/install/salt_pkg/share/salt_pkg/hook/cmake_prefix_path.dsv'
[9.420s] INFO:colcon.colcon_core.shell:Creating environment hook '/home/ubuntu/nvi_ws/nvi_ws/install/salt_pkg/share/salt_pkg/hook/cmake_prefix_path.sh'
[9.424s] Level 1:colcon.colcon_core.environment:checking '/home/ubuntu/nvi_ws/nvi_ws/install/salt_pkg/bin'
[9.424s] Level 1:colcon.colcon_core.environment:checking '/home/ubuntu/nvi_ws/nvi_ws/install/salt_pkg/lib/pkgconfig/salt_pkg.pc'
[9.425s] Level 1:colcon.colcon_core.environment:checking '/home/ubuntu/nvi_ws/nvi_ws/install/salt_pkg/lib/python3.8/site-packages'
[9.426s] Level 1:colcon.colcon_core.environment:checking '/home/ubuntu/nvi_ws/nvi_ws/install/salt_pkg/bin'
[9.428s] INFO:colcon.colcon_core.shell:Creating package script '/home/ubuntu/nvi_ws/nvi_ws/install/salt_pkg/share/salt_pkg/package.ps1'
[9.431s] INFO:colcon.colcon_core.shell:Creating package descriptor '/home/ubuntu/nvi_ws/nvi_ws/install/salt_pkg/share/salt_pkg/package.dsv'
[9.434s] INFO:colcon.colcon_core.shell:Creating package script '/home/ubuntu/nvi_ws/nvi_ws/install/salt_pkg/share/salt_pkg/package.sh'
[9.437s] INFO:colcon.colcon_core.shell:Creating package script '/home/ubuntu/nvi_ws/nvi_ws/install/salt_pkg/share/salt_pkg/package.bash'
[9.440s] INFO:colcon.colcon_core.shell:Creating package script '/home/ubuntu/nvi_ws/nvi_ws/install/salt_pkg/share/salt_pkg/package.zsh'
[9.443s] Level 1:colcon.colcon_core.environment:create_file_with_runtime_dependencies(/home/ubuntu/nvi_ws/nvi_ws/install/salt_pkg/share/colcon-core/packages/salt_pkg)
[9.558s] Level 1:colcon.colcon_core.environment:create_environment_scripts_only(salt_pkg)
[9.559s] Level 1:colcon.colcon_core.environment:checking '/home/ubuntu/nvi_ws/nvi_ws/install/salt_pkg' for CMake module files
[9.563s] Level 1:colcon.colcon_core.environment:checking '/home/ubuntu/nvi_ws/nvi_ws/install/salt_pkg' for CMake config files
[9.566s] Level 1:colcon.colcon_core.shell:create_environment_hook('salt_pkg', 'cmake_prefix_path')
[9.568s] INFO:colcon.colcon_core.shell:Creating environment hook '/home/ubuntu/nvi_ws/nvi_ws/install/salt_pkg/share/salt_pkg/hook/cmake_prefix_path.ps1'
[9.570s] INFO:colcon.colcon_core.shell:Creating environment descriptor '/home/ubuntu/nvi_ws/nvi_ws/install/salt_pkg/share/salt_pkg/hook/cmake_prefix_path.dsv'
[9.572s] INFO:colcon.colcon_core.shell:Creating environment hook '/home/ubuntu/nvi_ws/nvi_ws/install/salt_pkg/share/salt_pkg/hook/cmake_prefix_path.sh'
[9.574s] Level 1:colcon.colcon_core.environment:checking '/home/ubuntu/nvi_ws/nvi_ws/install/salt_pkg/bin'
[9.575s] Level 1:colcon.colcon_core.environment:checking '/home/ubuntu/nvi_ws/nvi_ws/install/salt_pkg/lib/pkgconfig/salt_pkg.pc'
[9.576s] Level 1:colcon.colcon_core.environment:checking '/home/ubuntu/nvi_ws/nvi_ws/install/salt_pkg/lib/python3.8/site-packages'
[9.577s] Level 1:colcon.colcon_core.environment:checking '/home/ubuntu/nvi_ws/nvi_ws/install/salt_pkg/bin'
[9.578s] INFO:colcon.colcon_core.shell:Creating package script '/home/ubuntu/nvi_ws/nvi_ws/install/salt_pkg/share/salt_pkg/package.ps1'
[9.581s] INFO:colcon.colcon_core.shell:Creating package descriptor '/home/ubuntu/nvi_ws/nvi_ws/install/salt_pkg/share/salt_pkg/package.dsv'
[9.583s] INFO:colcon.colcon_core.shell:Creating package script '/home/ubuntu/nvi_ws/nvi_ws/install/salt_pkg/share/salt_pkg/package.sh'
[9.587s] INFO:colcon.colcon_core.shell:Creating package script '/home/ubuntu/nvi_ws/nvi_ws/install/salt_pkg/share/salt_pkg/package.bash'
[9.589s] INFO:colcon.colcon_core.shell:Creating package script '/home/ubuntu/nvi_ws/nvi_ws/install/salt_pkg/share/salt_pkg/package.zsh'
[9.591s] Level 1:colcon.colcon_core.environment:create_file_with_runtime_dependencies(/home/ubuntu/nvi_ws/nvi_ws/install/salt_pkg/share/colcon-core/packages/salt_pkg)
[9.592s] DEBUG:colcon.colcon_parallel_executor.executor.parallel:closing loop
[9.593s] DEBUG:colcon.colcon_parallel_executor.executor.parallel:loop closed
[9.594s] DEBUG:colcon.colcon_parallel_executor.executor.parallel:run_until_complete finished with '0'
[9.594s] DEBUG:colcon.colcon_core.event_reactor:joining thread
[9.625s] INFO:colcon.colcon_core.plugin_system:Skipping extension 'colcon_notification.desktop_notification.terminal_notifier': Not used on non-Darwin systems
[9.626s] INFO:colcon.colcon_core.plugin_system:Skipping extension 'colcon_notification.desktop_notification.win32': Not used on non-Windows systems
[9.627s] INFO:colcon.colcon_notification.desktop_notification:Sending desktop notification using 'notify2'
[9.703s] DEBUG:colcon.colcon_core.event_reactor:joined thread
[9.705s] INFO:colcon.colcon_core.shell:Creating prefix script '/home/ubuntu/nvi_ws/nvi_ws/install/local_setup.ps1'
[9.710s] INFO:colcon.colcon_core.shell:Creating prefix util module '/home/ubuntu/nvi_ws/nvi_ws/install/_local_setup_util_ps1.py'
[9.717s] INFO:colcon.colcon_core.shell:Creating prefix chain script '/home/ubuntu/nvi_ws/nvi_ws/install/setup.ps1'
[9.724s] INFO:colcon.colcon_core.shell:Creating prefix script '/home/ubuntu/nvi_ws/nvi_ws/install/local_setup.sh'
[9.728s] INFO:colcon.colcon_core.shell:Creating prefix util module '/home/ubuntu/nvi_ws/nvi_ws/install/_local_setup_util_sh.py'
[9.733s] INFO:colcon.colcon_core.shell:Creating prefix chain script '/home/ubuntu/nvi_ws/nvi_ws/install/setup.sh'
[9.741s] INFO:colcon.colcon_core.shell:Creating prefix script '/home/ubuntu/nvi_ws/nvi_ws/install/local_setup.bash'
[9.746s] INFO:colcon.colcon_core.shell:Creating prefix chain script '/home/ubuntu/nvi_ws/nvi_ws/install/setup.bash'
[9.753s] INFO:colcon.colcon_core.shell:Creating prefix script '/home/ubuntu/nvi_ws/nvi_ws/install/local_setup.zsh'
[9.757s] INFO:colcon.colcon_core.shell:Creating prefix chain script '/home/ubuntu/nvi_ws/nvi_ws/install/setup.zsh'
