[0.079s] Invoking command in '/home/ubuntu/nvi_ws/nvi_ws/build/salt_pkg': CMAKE_PREFIX_PATH=${CMAKE_PREFIX_PATH}:/opt/ros/foxy /usr/bin/cmake /home/ubuntu/nvi_ws/nvi_ws/src/salt_pkg -DAMENT_CMAKE_SYMLINK_INSTALL=1 -DCMAKE_INSTALL_PREFIX=/home/ubuntu/nvi_ws/nvi_ws/install/salt_pkg
[1.033s] -- The C compiler identification is GNU 9.4.0
[1.812s] -- The CXX compiler identification is GNU 9.4.0
[1.851s] -- Check for working C compiler: /usr/bin/cc
[2.221s] -- Check for working C compiler: /usr/bin/cc -- works
[2.230s] -- Detecting C compiler ABI info
[2.626s] -- Detecting C compiler ABI info - done
[2.684s] -- Detecting C compile features
[2.687s] -- Detecting C compile features - done
[2.702s] -- Check for working CXX compiler: /usr/bin/c++
[3.166s] -- Check for working CXX compiler: /usr/bin/c++ -- works
[3.174s] -- Detecting CXX compiler ABI info
[3.576s] -- Detecting CXX compiler ABI info - done
[3.626s] -- Detecting CXX compile features
[3.628s] -- Detecting CXX compile features - done
[3.653s] -- Found ament_cmake: 0.9.12 (/opt/ros/foxy/share/ament_cmake/cmake)
[3.811s] -- Found PythonInterp: /usr/bin/python3 (found suitable version "3.8.10", minimum required is "3") 
[3.811s] -- Using PYTHON_EXECUTABLE: /usr/bin/python3
[4.780s] -- Override CMake install command with custom implementation using symlinks instead of copying resources
[5.064s] -- Found ament_lint_auto: 0.9.8 (/opt/ros/foxy/share/ament_lint_auto/cmake)
[5.557s] -- Added test 'copyright' to check source files copyright and LICENSE
[5.567s] -- Added test 'flake8' to check Python code syntax and style conventions
[5.571s] -- Added test 'lint_cmake' to check CMake code style
[5.574s] -- Added test 'pep257' to check Python code against some of the style conventions in PEP 257
[5.583s] -- Added test 'xmllint' to check XML markup files
[5.601s] -- Configuring done
[5.611s] -- Generating done
[5.616s] -- Build files have been written to: /home/ubuntu/nvi_ws/nvi_ws/build/salt_pkg
[5.630s] Invoked command in '/home/ubuntu/nvi_ws/nvi_ws/build/salt_pkg' returned '0': CMAKE_PREFIX_PATH=${CMAKE_PREFIX_PATH}:/opt/ros/foxy /usr/bin/cmake /home/ubuntu/nvi_ws/nvi_ws/src/salt_pkg -DAMENT_CMAKE_SYMLINK_INSTALL=1 -DCMAKE_INSTALL_PREFIX=/home/ubuntu/nvi_ws/nvi_ws/install/salt_pkg
[5.643s] Invoking command in '/home/ubuntu/nvi_ws/nvi_ws/build/salt_pkg': CMAKE_PREFIX_PATH=${CMAKE_PREFIX_PATH}:/opt/ros/foxy /usr/bin/cmake --build /home/ubuntu/nvi_ws/nvi_ws/build/salt_pkg -- -j4 -l4
[5.819s] Invoked command in '/home/ubuntu/nvi_ws/nvi_ws/build/salt_pkg' returned '0': CMAKE_PREFIX_PATH=${CMAKE_PREFIX_PATH}:/opt/ros/foxy /usr/bin/cmake --build /home/ubuntu/nvi_ws/nvi_ws/build/salt_pkg -- -j4 -l4
[6.018s] Invoking command in '/home/ubuntu/nvi_ws/nvi_ws/build/salt_pkg': CMAKE_PREFIX_PATH=${CMAKE_PREFIX_PATH}:/opt/ros/foxy /usr/bin/cmake --install /home/ubuntu/nvi_ws/nvi_ws/build/salt_pkg
[6.056s] -- Install configuration: ""
[6.058s] -- Execute custom install script
[6.064s] -- Symlinking: /home/ubuntu/nvi_ws/nvi_ws/install/salt_pkg/share/ament_index/resource_index/package_run_dependencies/salt_pkg
[6.105s] -- Symlinking: /home/ubuntu/nvi_ws/nvi_ws/install/salt_pkg/share/ament_index/resource_index/parent_prefix_path/salt_pkg
[6.144s] -- Symlinking: /home/ubuntu/nvi_ws/nvi_ws/install/salt_pkg/share/salt_pkg/environment/ament_prefix_path.sh
[6.183s] -- Symlinking: /home/ubuntu/nvi_ws/nvi_ws/install/salt_pkg/share/salt_pkg/environment/ament_prefix_path.dsv
[6.224s] -- Symlinking: /home/ubuntu/nvi_ws/nvi_ws/install/salt_pkg/share/salt_pkg/environment/path.sh
[6.263s] -- Symlinking: /home/ubuntu/nvi_ws/nvi_ws/install/salt_pkg/share/salt_pkg/environment/path.dsv
[6.305s] -- Symlinking: /home/ubuntu/nvi_ws/nvi_ws/install/salt_pkg/share/salt_pkg/local_setup.bash
[6.343s] -- Symlinking: /home/ubuntu/nvi_ws/nvi_ws/install/salt_pkg/share/salt_pkg/local_setup.sh
[6.383s] -- Symlinking: /home/ubuntu/nvi_ws/nvi_ws/install/salt_pkg/share/salt_pkg/local_setup.zsh
[6.424s] -- Symlinking: /home/ubuntu/nvi_ws/nvi_ws/install/salt_pkg/share/salt_pkg/local_setup.dsv
[6.464s] -- Symlinking: /home/ubuntu/nvi_ws/nvi_ws/install/salt_pkg/share/salt_pkg/package.dsv
[6.506s] -- Symlinking: /home/ubuntu/nvi_ws/nvi_ws/install/salt_pkg/share/ament_index/resource_index/packages/salt_pkg
[6.546s] -- Symlinking: /home/ubuntu/nvi_ws/nvi_ws/install/salt_pkg/share/salt_pkg/cmake/salt_pkgConfig.cmake
[6.585s] -- Symlinking: /home/ubuntu/nvi_ws/nvi_ws/install/salt_pkg/share/salt_pkg/cmake/salt_pkgConfig-version.cmake
[6.626s] -- Symlinking: /home/ubuntu/nvi_ws/nvi_ws/install/salt_pkg/share/salt_pkg/package.xml
[6.673s] Invoked command in '/home/ubuntu/nvi_ws/nvi_ws/build/salt_pkg' returned '0': CMAKE_PREFIX_PATH=${CMAKE_PREFIX_PATH}:/opt/ros/foxy /usr/bin/cmake --install /home/ubuntu/nvi_ws/nvi_ws/build/salt_pkg
