[0.127s] Invoking command in '/home/seniorproject/nvi_ws/build/salt_pkg': CMAKE_PREFIX_PATH=${CMAKE_PREFIX_PATH}:/home/seniorproject/dev_ws/install/my_package:/opt/ros/foxy /usr/local/bin/cmake --build /home/seniorproject/nvi_ws/build/salt_pkg -- -j6 -l6
[0.262s] Invoked command in '/home/seniorproject/nvi_ws/build/salt_pkg' returned '0': CMAKE_PREFIX_PATH=${CMAKE_PREFIX_PATH}:/home/seniorproject/dev_ws/install/my_package:/opt/ros/foxy /usr/local/bin/cmake --build /home/seniorproject/nvi_ws/build/salt_pkg -- -j6 -l6
[0.426s] Invoking command in '/home/seniorproject/nvi_ws/build/salt_pkg': CMAKE_PREFIX_PATH=${CMAKE_PREFIX_PATH}:/home/seniorproject/dev_ws/install/my_package:/opt/ros/foxy /usr/local/bin/cmake --install /home/seniorproject/nvi_ws/build/salt_pkg
[0.456s] -- Install configuration: ""
[0.458s] -- Execute custom install script
[0.461s] -- Up-to-date symlink: /home/seniorproject/nvi_ws/install/salt_pkg/share/salt_pkg/launch/vision.launch.py
[0.467s] -- Up-to-date symlink: /home/seniorproject/nvi_ws/install/salt_pkg/share/salt_pkg/urdf/materials.xacro
[0.467s] -- Up-to-date symlink: /home/seniorproject/nvi_ws/install/salt_pkg/share/salt_pkg/urdf/robot_model.xacro
[0.469s] -- Up-to-date symlink: /home/seniorproject/nvi_ws/install/salt_pkg/share/ament_index/resource_index/package_run_dependencies/salt_pkg
[0.470s] -- Up-to-date symlink: /home/seniorproject/nvi_ws/install/salt_pkg/share/ament_index/resource_index/parent_prefix_path/salt_pkg
[0.471s] -- Up-to-date symlink: /home/seniorproject/nvi_ws/install/salt_pkg/share/salt_pkg/environment/ament_prefix_path.sh
[0.473s] -- Up-to-date symlink: /home/seniorproject/nvi_ws/install/salt_pkg/share/salt_pkg/environment/ament_prefix_path.dsv
[0.475s] -- Up-to-date symlink: /home/seniorproject/nvi_ws/install/salt_pkg/share/salt_pkg/environment/path.sh
[0.476s] -- Up-to-date symlink: /home/seniorproject/nvi_ws/install/salt_pkg/share/salt_pkg/environment/path.dsv
[0.477s] -- Up-to-date symlink: /home/seniorproject/nvi_ws/install/salt_pkg/share/salt_pkg/local_setup.bash
[0.479s] -- Up-to-date symlink: /home/seniorproject/nvi_ws/install/salt_pkg/share/salt_pkg/local_setup.sh
[0.480s] -- Up-to-date symlink: /home/seniorproject/nvi_ws/install/salt_pkg/share/salt_pkg/local_setup.zsh
[0.481s] -- Up-to-date symlink: /home/seniorproject/nvi_ws/install/salt_pkg/share/salt_pkg/local_setup.dsv
[0.482s] -- Symlinking: /home/seniorproject/nvi_ws/install/salt_pkg/share/salt_pkg/package.dsv
[0.508s] -- Up-to-date symlink: /home/seniorproject/nvi_ws/install/salt_pkg/share/ament_index/resource_index/packages/salt_pkg
[0.510s] -- Up-to-date symlink: /home/seniorproject/nvi_ws/install/salt_pkg/share/salt_pkg/cmake/salt_pkgConfig.cmake
[0.510s] -- Up-to-date symlink: /home/seniorproject/nvi_ws/install/salt_pkg/share/salt_pkg/cmake/salt_pkgConfig-version.cmake
[0.514s] -- Up-to-date symlink: /home/seniorproject/nvi_ws/install/salt_pkg/share/salt_pkg/package.xml
[0.525s] Invoked command in '/home/seniorproject/nvi_ws/build/salt_pkg' returned '0': CMAKE_PREFIX_PATH=${CMAKE_PREFIX_PATH}:/home/seniorproject/dev_ws/install/my_package:/opt/ros/foxy /usr/local/bin/cmake --install /home/seniorproject/nvi_ws/build/salt_pkg
