[0.101s] Invoking command in '/home/seniorproject/nvi_ws/build/salt_pkg': CMAKE_PREFIX_PATH=${CMAKE_PREFIX_PATH}:/home/seniorproject/dev_ws/install/my_package:/opt/ros/foxy /usr/local/bin/cmake --build /home/seniorproject/nvi_ws/build/salt_pkg -- -j6 -l6
[0.229s] Invoked command in '/home/seniorproject/nvi_ws/build/salt_pkg' returned '0': CMAKE_PREFIX_PATH=${CMAKE_PREFIX_PATH}:/home/seniorproject/dev_ws/install/my_package:/opt/ros/foxy /usr/local/bin/cmake --build /home/seniorproject/nvi_ws/build/salt_pkg -- -j6 -l6
[0.392s] Invoking command in '/home/seniorproject/nvi_ws/build/salt_pkg': CMAKE_PREFIX_PATH=${CMAKE_PREFIX_PATH}:/home/seniorproject/dev_ws/install/my_package:/opt/ros/foxy /usr/local/bin/cmake --install /home/seniorproject/nvi_ws/build/salt_pkg
[0.409s] -- Install configuration: ""
[0.412s] -- Execute custom install script
[0.414s] -- Up-to-date symlink: /home/seniorproject/nvi_ws/install/salt_pkg/share/salt_pkg/launch/vision.launch.py
[0.416s] -- Up-to-date symlink: /home/seniorproject/nvi_ws/install/salt_pkg/share/salt_pkg/launch/vision_sim.launch.py
[0.418s] -- Up-to-date symlink: /home/seniorproject/nvi_ws/install/salt_pkg/share/salt_pkg/config/config.rviz
[0.419s] -- Up-to-date symlink: /home/seniorproject/nvi_ws/install/salt_pkg/share/salt_pkg/config/test.rviz
[0.423s] -- Up-to-date symlink: /home/seniorproject/nvi_ws/install/salt_pkg/share/salt_pkg/urdf/gazebo_control.xacro
[0.424s] -- Up-to-date symlink: /home/seniorproject/nvi_ws/install/salt_pkg/share/salt_pkg/urdf/gazebo_ref.xacro
[0.425s] -- Up-to-date symlink: /home/seniorproject/nvi_ws/install/salt_pkg/share/salt_pkg/urdf/materials.xacro
[0.426s] -- Up-to-date symlink: /home/seniorproject/nvi_ws/install/salt_pkg/share/salt_pkg/urdf/robot_model.xacro
[0.426s] -- Up-to-date symlink: /home/seniorproject/nvi_ws/install/salt_pkg/share/salt_pkg/urdf/zed_integration.xacro
[0.428s] -- Up-to-date symlink: /home/seniorproject/nvi_ws/install/salt_pkg/share/ament_index/resource_index/package_run_dependencies/salt_pkg
[0.429s] -- Up-to-date symlink: /home/seniorproject/nvi_ws/install/salt_pkg/share/ament_index/resource_index/parent_prefix_path/salt_pkg
[0.431s] -- Up-to-date symlink: /home/seniorproject/nvi_ws/install/salt_pkg/share/salt_pkg/environment/ament_prefix_path.sh
[0.432s] -- Up-to-date symlink: /home/seniorproject/nvi_ws/install/salt_pkg/share/salt_pkg/environment/ament_prefix_path.dsv
[0.433s] -- Up-to-date symlink: /home/seniorproject/nvi_ws/install/salt_pkg/share/salt_pkg/environment/path.sh
[0.434s] -- Up-to-date symlink: /home/seniorproject/nvi_ws/install/salt_pkg/share/salt_pkg/environment/path.dsv
[0.436s] -- Up-to-date symlink: /home/seniorproject/nvi_ws/install/salt_pkg/share/salt_pkg/local_setup.bash
[0.437s] -- Up-to-date symlink: /home/seniorproject/nvi_ws/install/salt_pkg/share/salt_pkg/local_setup.sh
[0.438s] -- Up-to-date symlink: /home/seniorproject/nvi_ws/install/salt_pkg/share/salt_pkg/local_setup.zsh
[0.440s] -- Up-to-date symlink: /home/seniorproject/nvi_ws/install/salt_pkg/share/salt_pkg/local_setup.dsv
[0.441s] -- Symlinking: /home/seniorproject/nvi_ws/install/salt_pkg/share/salt_pkg/package.dsv
[0.464s] -- Up-to-date symlink: /home/seniorproject/nvi_ws/install/salt_pkg/share/ament_index/resource_index/packages/salt_pkg
[0.465s] -- Up-to-date symlink: /home/seniorproject/nvi_ws/install/salt_pkg/share/salt_pkg/cmake/salt_pkgConfig.cmake
[0.466s] -- Up-to-date symlink: /home/seniorproject/nvi_ws/install/salt_pkg/share/salt_pkg/cmake/salt_pkgConfig-version.cmake
[0.467s] -- Up-to-date symlink: /home/seniorproject/nvi_ws/install/salt_pkg/share/salt_pkg/package.xml
[0.477s] Invoked command in '/home/seniorproject/nvi_ws/build/salt_pkg' returned '0': CMAKE_PREFIX_PATH=${CMAKE_PREFIX_PATH}:/home/seniorproject/dev_ws/install/my_package:/opt/ros/foxy /usr/local/bin/cmake --install /home/seniorproject/nvi_ws/build/salt_pkg
