[2.452s] DEBUG:colcon:Command line arguments: ['/home/seniorproject/.local/bin/colcon', 'build', '--symlink-install']
[2.454s] DEBUG:colcon:Parsed command line arguments: Namespace(ament_cmake_args=None, base_paths=['.'], build_base='build', catkin_cmake_args=None, catkin_skip_building_tests=False, cmake_args=None, cmake_clean_cache=False, cmake_clean_first=False, cmake_force_configure=False, cmake_target=None, cmake_target_skip_unavailable=False, continue_on_error=False, event_handlers=None, executor='parallel', ignore_user_meta=False, install_base='install', log_base=None, log_level=None, main=<bound method BuildVerb.main of <colcon_core.verb.build.BuildVerb object at 0xffffb5e9d310>>, merge_install=False, metas=['./colcon.meta'], packages_above=None, packages_above_and_dependencies=None, packages_above_depth=None, packages_end=None, packages_ignore=None, packages_ignore_regex=None, packages_select=None, packages_select_build_failed=False, packages_select_by_dep=None, packages_select_regex=None, packages_select_test_failures=False, packages_skip=None, packages_skip_build_finished=False, packages_skip_by_dep=None, packages_skip_regex=None, packages_skip_test_passed=False, packages_skip_up_to=None, packages_start=None, packages_up_to=None, packages_up_to_regex=None, parallel_workers=6, paths=None, symlink_install=True, test_result_base=None, verb_extension=<colcon_core.verb.build.BuildVerb object at 0xffffb5e9d310>, verb_name='build', verb_parser=<colcon_defaults.argument_parser.defaults.DefaultArgumentsDecorator object at 0xffffb5e9d7f0>)
[3.969s] Level 1:colcon.colcon_core.package_discovery:discover_packages(colcon_meta) check parameters
[3.970s] Level 1:colcon.colcon_core.package_discovery:discover_packages(recursive) check parameters
[3.971s] Level 1:colcon.colcon_core.package_discovery:discover_packages(ignore) check parameters
[3.972s] Level 1:colcon.colcon_core.package_discovery:discover_packages(path) check parameters
[3.973s] Level 1:colcon.colcon_core.package_discovery:discover_packages(colcon_meta) discover
[3.974s] Level 1:colcon.colcon_core.package_discovery:discover_packages(recursive) discover
[3.976s] INFO:colcon.colcon_core.package_discovery:Crawling recursively for packages in '/home/seniorproject/nvi_ws'
[3.977s] Level 1:colcon.colcon_core.package_identification:_identify(.) by extensions ['ignore', 'ignore_ament_install']
[3.978s] Level 1:colcon.colcon_core.package_identification:_identify(.) by extension 'ignore'
[3.978s] Level 1:colcon.colcon_core.package_identification:_identify(.) by extension 'ignore_ament_install'
[3.979s] Level 1:colcon.colcon_core.package_identification:_identify(.) by extensions ['colcon_pkg']
[3.979s] Level 1:colcon.colcon_core.package_identification:_identify(.) by extension 'colcon_pkg'
[3.979s] Level 1:colcon.colcon_core.package_identification:_identify(.) by extensions ['colcon_meta']
[3.979s] Level 1:colcon.colcon_core.package_identification:_identify(.) by extension 'colcon_meta'
[3.980s] Level 1:colcon.colcon_core.package_identification:_identify(.) by extensions ['ros']
[3.980s] Level 1:colcon.colcon_core.package_identification:_identify(.) by extension 'ros'
[4.060s] Level 1:colcon.colcon_core.package_identification:_identify(.) by extensions ['cmake', 'python']
[4.061s] Level 1:colcon.colcon_core.package_identification:_identify(.) by extension 'cmake'
[4.061s] Level 1:colcon.colcon_core.package_identification:_identify(.) by extension 'python'
[4.061s] Level 1:colcon.colcon_core.package_identification:_identify(.) by extensions ['python_setup_py']
[4.062s] Level 1:colcon.colcon_core.package_identification:_identify(.) by extension 'python_setup_py'
[4.062s] Level 1:colcon.colcon_core.package_identification:_identify(build) by extensions ['ignore', 'ignore_ament_install']
[4.063s] Level 1:colcon.colcon_core.package_identification:_identify(build) by extension 'ignore'
[4.063s] Level 1:colcon.colcon_core.package_identification:_identify(build) ignored
[4.064s] Level 1:colcon.colcon_core.package_identification:_identify(install) by extensions ['ignore', 'ignore_ament_install']
[4.065s] Level 1:colcon.colcon_core.package_identification:_identify(install) by extension 'ignore'
[4.066s] Level 1:colcon.colcon_core.package_identification:_identify(install) ignored
[4.067s] Level 1:colcon.colcon_core.package_identification:_identify(log) by extensions ['ignore', 'ignore_ament_install']
[4.067s] Level 1:colcon.colcon_core.package_identification:_identify(log) by extension 'ignore'
[4.068s] Level 1:colcon.colcon_core.package_identification:_identify(log) ignored
[4.068s] Level 1:colcon.colcon_core.package_identification:_identify(src) by extensions ['ignore', 'ignore_ament_install']
[4.069s] Level 1:colcon.colcon_core.package_identification:_identify(src) by extension 'ignore'
[4.069s] Level 1:colcon.colcon_core.package_identification:_identify(src) by extension 'ignore_ament_install'
[4.070s] Level 1:colcon.colcon_core.package_identification:_identify(src) by extensions ['colcon_pkg']
[4.070s] Level 1:colcon.colcon_core.package_identification:_identify(src) by extension 'colcon_pkg'
[4.070s] Level 1:colcon.colcon_core.package_identification:_identify(src) by extensions ['colcon_meta']
[4.071s] Level 1:colcon.colcon_core.package_identification:_identify(src) by extension 'colcon_meta'
[4.071s] Level 1:colcon.colcon_core.package_identification:_identify(src) by extensions ['ros']
[4.071s] Level 1:colcon.colcon_core.package_identification:_identify(src) by extension 'ros'
[4.072s] Level 1:colcon.colcon_core.package_identification:_identify(src) by extensions ['cmake', 'python']
[4.072s] Level 1:colcon.colcon_core.package_identification:_identify(src) by extension 'cmake'
[4.072s] Level 1:colcon.colcon_core.package_identification:_identify(src) by extension 'python'
[4.072s] Level 1:colcon.colcon_core.package_identification:_identify(src) by extensions ['python_setup_py']
[4.073s] Level 1:colcon.colcon_core.package_identification:_identify(src) by extension 'python_setup_py'
[4.073s] Level 1:colcon.colcon_core.package_identification:_identify(src/additional_files) by extensions ['ignore', 'ignore_ament_install']
[4.074s] Level 1:colcon.colcon_core.package_identification:_identify(src/additional_files) by extension 'ignore'
[4.077s] Level 1:colcon.colcon_core.package_identification:_identify(src/additional_files) by extension 'ignore_ament_install'
[4.077s] Level 1:colcon.colcon_core.package_identification:_identify(src/additional_files) by extensions ['colcon_pkg']
[4.077s] Level 1:colcon.colcon_core.package_identification:_identify(src/additional_files) by extension 'colcon_pkg'
[4.078s] Level 1:colcon.colcon_core.package_identification:_identify(src/additional_files) by extensions ['colcon_meta']
[4.078s] Level 1:colcon.colcon_core.package_identification:_identify(src/additional_files) by extension 'colcon_meta'
[4.078s] Level 1:colcon.colcon_core.package_identification:_identify(src/additional_files) by extensions ['ros']
[4.078s] Level 1:colcon.colcon_core.package_identification:_identify(src/additional_files) by extension 'ros'
[4.079s] Level 1:colcon.colcon_core.package_identification:_identify(src/additional_files) by extensions ['cmake', 'python']
[4.079s] Level 1:colcon.colcon_core.package_identification:_identify(src/additional_files) by extension 'cmake'
[4.079s] Level 1:colcon.colcon_core.package_identification:_identify(src/additional_files) by extension 'python'
[4.080s] Level 1:colcon.colcon_core.package_identification:_identify(src/additional_files) by extensions ['python_setup_py']
[4.080s] Level 1:colcon.colcon_core.package_identification:_identify(src/additional_files) by extension 'python_setup_py'
[4.081s] Level 1:colcon.colcon_core.package_identification:_identify(src/log) by extensions ['ignore', 'ignore_ament_install']
[4.081s] Level 1:colcon.colcon_core.package_identification:_identify(src/log) by extension 'ignore'
[4.081s] Level 1:colcon.colcon_core.package_identification:_identify(src/log) ignored
[4.082s] Level 1:colcon.colcon_core.package_identification:_identify(src/salt_pkg) by extensions ['ignore', 'ignore_ament_install']
[4.083s] Level 1:colcon.colcon_core.package_identification:_identify(src/salt_pkg) by extension 'ignore'
[4.083s] Level 1:colcon.colcon_core.package_identification:_identify(src/salt_pkg) by extension 'ignore_ament_install'
[4.083s] Level 1:colcon.colcon_core.package_identification:_identify(src/salt_pkg) by extensions ['colcon_pkg']
[4.083s] Level 1:colcon.colcon_core.package_identification:_identify(src/salt_pkg) by extension 'colcon_pkg'
[4.084s] Level 1:colcon.colcon_core.package_identification:_identify(src/salt_pkg) by extensions ['colcon_meta']
[4.084s] Level 1:colcon.colcon_core.package_identification:_identify(src/salt_pkg) by extension 'colcon_meta'
[4.084s] Level 1:colcon.colcon_core.package_identification:_identify(src/salt_pkg) by extensions ['ros']
[4.084s] Level 1:colcon.colcon_core.package_identification:_identify(src/salt_pkg) by extension 'ros'
[4.098s] DEBUG:colcon.colcon_core.package_identification:Package 'src/salt_pkg' with type 'ros.ament_cmake' and name 'salt_pkg'
[4.098s] Level 1:colcon.colcon_core.package_discovery:discover_packages(recursive) using defaults
[4.100s] Level 1:colcon.colcon_core.package_discovery:discover_packages(ignore) discover
[4.100s] Level 1:colcon.colcon_core.package_discovery:discover_packages(ignore) using defaults
[4.100s] Level 1:colcon.colcon_core.package_discovery:discover_packages(path) discover
[4.100s] Level 1:colcon.colcon_core.package_discovery:discover_packages(path) using defaults
[4.200s] Level 5:colcon.colcon_core.verb:set package 'salt_pkg' build argument 'cmake_args' from command line to 'None'
[4.201s] Level 5:colcon.colcon_core.verb:set package 'salt_pkg' build argument 'cmake_target' from command line to 'None'
[4.201s] Level 5:colcon.colcon_core.verb:set package 'salt_pkg' build argument 'cmake_target_skip_unavailable' from command line to 'False'
[4.201s] Level 5:colcon.colcon_core.verb:set package 'salt_pkg' build argument 'cmake_clean_cache' from command line to 'False'
[4.201s] Level 5:colcon.colcon_core.verb:set package 'salt_pkg' build argument 'cmake_clean_first' from command line to 'False'
[4.201s] Level 5:colcon.colcon_core.verb:set package 'salt_pkg' build argument 'cmake_force_configure' from command line to 'False'
[4.202s] Level 5:colcon.colcon_core.verb:set package 'salt_pkg' build argument 'ament_cmake_args' from command line to 'None'
[4.202s] Level 5:colcon.colcon_core.verb:set package 'salt_pkg' build argument 'catkin_cmake_args' from command line to 'None'
[4.202s] Level 5:colcon.colcon_core.verb:set package 'salt_pkg' build argument 'catkin_skip_building_tests' from command line to 'False'
[4.202s] DEBUG:colcon.colcon_core.verb:Building package 'salt_pkg' with the following arguments: {'ament_cmake_args': None, 'build_base': '/home/seniorproject/nvi_ws/build/salt_pkg', 'catkin_cmake_args': None, 'catkin_skip_building_tests': False, 'cmake_args': None, 'cmake_clean_cache': False, 'cmake_clean_first': False, 'cmake_force_configure': False, 'cmake_target': None, 'cmake_target_skip_unavailable': False, 'install_base': '/home/seniorproject/nvi_ws/install/salt_pkg', 'merge_install': False, 'path': '/home/seniorproject/nvi_ws/src/salt_pkg', 'symlink_install': True, 'test_result_base': None}
[4.203s] INFO:colcon.colcon_core.executor:Executing jobs using 'parallel' executor
[4.216s] DEBUG:colcon.colcon_parallel_executor.executor.parallel:run_until_complete
[4.218s] INFO:colcon.colcon_ros.task.ament_cmake.build:Building ROS package in '/home/seniorproject/nvi_ws/src/salt_pkg' with build type 'ament_cmake'
[4.219s] INFO:colcon.colcon_cmake.task.cmake.build:Building CMake package in '/home/seniorproject/nvi_ws/src/salt_pkg'
[4.239s] INFO:colcon.colcon_core.plugin_system:Skipping extension 'colcon_core.shell.bat': Not used on non-Windows systems
[4.241s] INFO:colcon.colcon_core.shell:Skip shell extension 'powershell' for command environment: Not usable outside of PowerShell
[4.242s] DEBUG:colcon.colcon_core.shell:Skip shell extension 'dsv' for command environment
[4.528s] DEBUG:colcon.colcon_core.event_handler.log_command:Invoking command in '/home/seniorproject/nvi_ws/build/salt_pkg': CMAKE_PREFIX_PATH=${CMAKE_PREFIX_PATH}:/home/seniorproject/dev_ws/install/my_package:/opt/ros/foxy /usr/local/bin/cmake --build /home/seniorproject/nvi_ws/build/salt_pkg -- -j6 -l6
[4.804s] DEBUG:colcon.colcon_core.event_handler.log_command:Invoked command in '/home/seniorproject/nvi_ws/build/salt_pkg' returned '0': CMAKE_PREFIX_PATH=${CMAKE_PREFIX_PATH}:/home/seniorproject/dev_ws/install/my_package:/opt/ros/foxy /usr/local/bin/cmake --build /home/seniorproject/nvi_ws/build/salt_pkg -- -j6 -l6
[5.428s] DEBUG:colcon.colcon_core.event_handler.log_command:Invoking command in '/home/seniorproject/nvi_ws/build/salt_pkg': CMAKE_PREFIX_PATH=${CMAKE_PREFIX_PATH}:/home/seniorproject/dev_ws/install/my_package:/opt/ros/foxy /usr/local/bin/cmake --install /home/seniorproject/nvi_ws/build/salt_pkg
[5.717s] Level 1:colcon.colcon_core.environment:create_environment_scripts_only(salt_pkg)
[5.721s] DEBUG:colcon.colcon_core.event_handler.log_command:Invoked command in '/home/seniorproject/nvi_ws/build/salt_pkg' returned '0': CMAKE_PREFIX_PATH=${CMAKE_PREFIX_PATH}:/home/seniorproject/dev_ws/install/my_package:/opt/ros/foxy /usr/local/bin/cmake --install /home/seniorproject/nvi_ws/build/salt_pkg
[5.819s] Level 1:colcon.colcon_core.environment:checking '/home/seniorproject/nvi_ws/install/salt_pkg' for CMake module files
[5.823s] Level 1:colcon.colcon_core.environment:checking '/home/seniorproject/nvi_ws/install/salt_pkg' for CMake config files
[5.968s] Level 1:colcon.colcon_core.shell:create_environment_hook('salt_pkg', 'cmake_prefix_path')
[5.970s] INFO:colcon.colcon_core.shell:Creating environment hook '/home/seniorproject/nvi_ws/install/salt_pkg/share/salt_pkg/hook/cmake_prefix_path.ps1'
[5.975s] INFO:colcon.colcon_core.shell:Creating environment descriptor '/home/seniorproject/nvi_ws/install/salt_pkg/share/salt_pkg/hook/cmake_prefix_path.dsv'
[6.042s] INFO:colcon.colcon_core.shell:Creating environment hook '/home/seniorproject/nvi_ws/install/salt_pkg/share/salt_pkg/hook/cmake_prefix_path.sh'
[6.107s] Level 1:colcon.colcon_core.environment:checking '/home/seniorproject/nvi_ws/install/salt_pkg/bin'
[6.108s] Level 1:colcon.colcon_core.environment:checking '/home/seniorproject/nvi_ws/install/salt_pkg/lib/pkgconfig/salt_pkg.pc'
[6.142s] Level 1:colcon.colcon_core.environment:checking '/home/seniorproject/nvi_ws/install/salt_pkg/lib/python3.8/site-packages'
[6.143s] Level 1:colcon.colcon_core.environment:checking '/home/seniorproject/nvi_ws/install/salt_pkg/bin'
[6.166s] INFO:colcon.colcon_core.shell:Creating package script '/home/seniorproject/nvi_ws/install/salt_pkg/share/salt_pkg/package.ps1'
[6.202s] INFO:colcon.colcon_core.shell:Creating package descriptor '/home/seniorproject/nvi_ws/install/salt_pkg/share/salt_pkg/package.dsv'
[6.261s] INFO:colcon.colcon_core.shell:Creating package script '/home/seniorproject/nvi_ws/install/salt_pkg/share/salt_pkg/package.sh'
[6.310s] INFO:colcon.colcon_core.shell:Creating package script '/home/seniorproject/nvi_ws/install/salt_pkg/share/salt_pkg/package.bash'
[6.360s] INFO:colcon.colcon_core.shell:Creating package script '/home/seniorproject/nvi_ws/install/salt_pkg/share/salt_pkg/package.zsh'
[6.392s] Level 1:colcon.colcon_core.environment:create_file_with_runtime_dependencies(/home/seniorproject/nvi_ws/install/salt_pkg/share/colcon-core/packages/salt_pkg)
[6.919s] Level 1:colcon.colcon_core.environment:create_environment_scripts_only(salt_pkg)
[6.925s] Level 1:colcon.colcon_core.environment:checking '/home/seniorproject/nvi_ws/install/salt_pkg' for CMake module files
[6.932s] Level 1:colcon.colcon_core.environment:checking '/home/seniorproject/nvi_ws/install/salt_pkg' for CMake config files
[6.942s] Level 1:colcon.colcon_core.shell:create_environment_hook('salt_pkg', 'cmake_prefix_path')
[6.954s] INFO:colcon.colcon_core.shell:Creating environment hook '/home/seniorproject/nvi_ws/install/salt_pkg/share/salt_pkg/hook/cmake_prefix_path.ps1'
[6.983s] INFO:colcon.colcon_core.shell:Creating environment descriptor '/home/seniorproject/nvi_ws/install/salt_pkg/share/salt_pkg/hook/cmake_prefix_path.dsv'
[6.986s] INFO:colcon.colcon_core.shell:Creating environment hook '/home/seniorproject/nvi_ws/install/salt_pkg/share/salt_pkg/hook/cmake_prefix_path.sh'
[6.995s] Level 1:colcon.colcon_core.environment:checking '/home/seniorproject/nvi_ws/install/salt_pkg/bin'
[6.995s] Level 1:colcon.colcon_core.environment:checking '/home/seniorproject/nvi_ws/install/salt_pkg/lib/pkgconfig/salt_pkg.pc'
[6.998s] Level 1:colcon.colcon_core.environment:checking '/home/seniorproject/nvi_ws/install/salt_pkg/lib/python3.8/site-packages'
[6.999s] Level 1:colcon.colcon_core.environment:checking '/home/seniorproject/nvi_ws/install/salt_pkg/bin'
[7.017s] INFO:colcon.colcon_core.shell:Creating package script '/home/seniorproject/nvi_ws/install/salt_pkg/share/salt_pkg/package.ps1'
[7.067s] INFO:colcon.colcon_core.shell:Creating package descriptor '/home/seniorproject/nvi_ws/install/salt_pkg/share/salt_pkg/package.dsv'
[7.076s] INFO:colcon.colcon_core.shell:Creating package script '/home/seniorproject/nvi_ws/install/salt_pkg/share/salt_pkg/package.sh'
[7.088s] INFO:colcon.colcon_core.shell:Creating package script '/home/seniorproject/nvi_ws/install/salt_pkg/share/salt_pkg/package.bash'
[7.091s] INFO:colcon.colcon_core.shell:Creating package script '/home/seniorproject/nvi_ws/install/salt_pkg/share/salt_pkg/package.zsh'
[7.094s] Level 1:colcon.colcon_core.environment:create_file_with_runtime_dependencies(/home/seniorproject/nvi_ws/install/salt_pkg/share/colcon-core/packages/salt_pkg)
[7.104s] DEBUG:colcon.colcon_parallel_executor.executor.parallel:closing loop
[7.107s] DEBUG:colcon.colcon_parallel_executor.executor.parallel:loop closed
[7.107s] DEBUG:colcon.colcon_parallel_executor.executor.parallel:run_until_complete finished with '0'
[7.108s] DEBUG:colcon.colcon_core.event_reactor:joining thread
[7.258s] INFO:colcon.colcon_core.plugin_system:Skipping extension 'colcon_notification.desktop_notification.terminal_notifier': Not used on non-Darwin systems
[7.266s] INFO:colcon.colcon_core.plugin_system:Skipping extension 'colcon_notification.desktop_notification.win32': Not used on non-Windows systems
[7.266s] INFO:colcon.colcon_notification.desktop_notification:Sending desktop notification using 'notify2'
[7.486s] DEBUG:colcon.colcon_core.event_reactor:joined thread
[7.488s] INFO:colcon.colcon_core.shell:Creating prefix script '/home/seniorproject/nvi_ws/install/local_setup.ps1'
[7.496s] INFO:colcon.colcon_core.shell:Creating prefix util module '/home/seniorproject/nvi_ws/install/_local_setup_util_ps1.py'
[7.591s] INFO:colcon.colcon_core.shell:Creating prefix chain script '/home/seniorproject/nvi_ws/install/setup.ps1'
[7.714s] INFO:colcon.colcon_core.shell:Creating prefix script '/home/seniorproject/nvi_ws/install/local_setup.sh'
[7.740s] INFO:colcon.colcon_core.shell:Creating prefix util module '/home/seniorproject/nvi_ws/install/_local_setup_util_sh.py'
[7.774s] INFO:colcon.colcon_core.shell:Creating prefix chain script '/home/seniorproject/nvi_ws/install/setup.sh'
[7.953s] INFO:colcon.colcon_core.shell:Creating prefix script '/home/seniorproject/nvi_ws/install/local_setup.bash'
[7.992s] INFO:colcon.colcon_core.shell:Creating prefix chain script '/home/seniorproject/nvi_ws/install/setup.bash'
[8.102s] INFO:colcon.colcon_core.shell:Creating prefix script '/home/seniorproject/nvi_ws/install/local_setup.zsh'
[8.105s] INFO:colcon.colcon_core.shell:Creating prefix chain script '/home/seniorproject/nvi_ws/install/setup.zsh'
