[0.128s] Invoking command in '/home/seniorproject/nvi_ws/src/build/salt_pkg': CMAKE_PREFIX_PATH=${CMAKE_PREFIX_PATH}:/home/seniorproject/dev_ws/install/my_package:/opt/ros/foxy /usr/local/bin/cmake /home/seniorproject/nvi_ws/src/salt_pkg -DCMAKE_INSTALL_PREFIX=/home/seniorproject/nvi_ws/src/install/salt_pkg
[0.206s] -- Found ament_cmake: 0.9.12 (/opt/ros/foxy/share/ament_cmake/cmake)
[0.218s] [33mCMake Warning (dev) at /opt/ros/foxy/share/ament_cmake_core/cmake/core/python.cmake:22 (find_package):
[0.219s]   Policy CMP0148 is not set: The FindPythonInterp and FindPythonLibs modules
[0.220s]   are removed.  Run "cmake --help-policy CMP0148" for policy details.  Use
[0.220s]   the cmake_policy command to set the policy and suppress this warning.
[0.221s] 
[0.222s] Call Stack (most recent call first):
[0.222s]   /opt/ros/foxy/share/ament_cmake_core/cmake/core/all.cmake:53 (include)
[0.223s]   /opt/ros/foxy/share/ament_cmake_core/cmake/ament_cmake_core-extras.cmake:17 (include)
[0.223s]   /opt/ros/foxy/share/ament_cmake_core/cmake/ament_cmake_coreConfig.cmake:41 (include)
[0.224s]   /opt/ros/foxy/share/ament_cmake/cmake/ament_cmake_export_dependencies-extras.cmake:15 (find_package)
[0.224s]   /opt/ros/foxy/share/ament_cmake/cmake/ament_cmakeConfig.cmake:41 (include)
[0.225s]   CMakeLists.txt:19 (find_package)
[0.225s] This warning is for project developers.  Use -Wno-dev to suppress it.
[0.226s] [0m
[0.383s] -- Using PYTHON_EXECUTABLE: /usr/bin/python3
[1.382s] -- Override CMake install command with custom implementation using symlinks instead of copying resources
[1.432s] -- Found ament_lint_auto: 0.9.8 (/opt/ros/foxy/share/ament_lint_auto/cmake)
[1.819s] -- Added test 'copyright' to check source files copyright and LICENSE
[1.835s] -- Added test 'flake8' to check Python code syntax and style conventions
[1.838s] -- Added test 'lint_cmake' to check CMake code style
[1.840s] -- Added test 'pep257' to check Python code against some of the style conventions in PEP 257
[1.849s] -- Added test 'xmllint' to check XML markup files
[1.856s] -- Configuring done (1.7s)
[1.886s] -- Generating done (0.0s)
[1.888s] -- Build files have been written to: /home/seniorproject/nvi_ws/src/build/salt_pkg
[1.902s] Invoked command in '/home/seniorproject/nvi_ws/src/build/salt_pkg' returned '0': CMAKE_PREFIX_PATH=${CMAKE_PREFIX_PATH}:/home/seniorproject/dev_ws/install/my_package:/opt/ros/foxy /usr/local/bin/cmake /home/seniorproject/nvi_ws/src/salt_pkg -DCMAKE_INSTALL_PREFIX=/home/seniorproject/nvi_ws/src/install/salt_pkg
[1.922s] Invoking command in '/home/seniorproject/nvi_ws/src/build/salt_pkg': CMAKE_PREFIX_PATH=${CMAKE_PREFIX_PATH}:/home/seniorproject/dev_ws/install/my_package:/opt/ros/foxy /usr/local/bin/cmake --build /home/seniorproject/nvi_ws/src/build/salt_pkg -- -j6 -l6
[2.037s] Invoked command in '/home/seniorproject/nvi_ws/src/build/salt_pkg' returned '0': CMAKE_PREFIX_PATH=${CMAKE_PREFIX_PATH}:/home/seniorproject/dev_ws/install/my_package:/opt/ros/foxy /usr/local/bin/cmake --build /home/seniorproject/nvi_ws/src/build/salt_pkg -- -j6 -l6
[2.219s] Invoking command in '/home/seniorproject/nvi_ws/src/build/salt_pkg': CMAKE_PREFIX_PATH=${CMAKE_PREFIX_PATH}:/home/seniorproject/dev_ws/install/my_package:/opt/ros/foxy /usr/local/bin/cmake --install /home/seniorproject/nvi_ws/src/build/salt_pkg
[2.239s] -- Install configuration: ""
[2.242s] -- Execute custom install script
[2.244s] -- Up-to-date symlink: /home/seniorproject/nvi_ws/src/install/salt_pkg/share/ament_index/resource_index/package_run_dependencies/salt_pkg
[2.246s] -- Up-to-date symlink: /home/seniorproject/nvi_ws/src/install/salt_pkg/share/ament_index/resource_index/parent_prefix_path/salt_pkg
[2.249s] -- Up-to-date symlink: /home/seniorproject/nvi_ws/src/install/salt_pkg/share/salt_pkg/environment/ament_prefix_path.sh
[2.249s] -- Up-to-date symlink: /home/seniorproject/nvi_ws/src/install/salt_pkg/share/salt_pkg/environment/ament_prefix_path.dsv
[2.251s] -- Up-to-date symlink: /home/seniorproject/nvi_ws/src/install/salt_pkg/share/salt_pkg/environment/path.sh
[2.252s] -- Up-to-date symlink: /home/seniorproject/nvi_ws/src/install/salt_pkg/share/salt_pkg/environment/path.dsv
[2.253s] -- Up-to-date symlink: /home/seniorproject/nvi_ws/src/install/salt_pkg/share/salt_pkg/local_setup.bash
[2.255s] -- Up-to-date symlink: /home/seniorproject/nvi_ws/src/install/salt_pkg/share/salt_pkg/local_setup.sh
[2.257s] -- Up-to-date symlink: /home/seniorproject/nvi_ws/src/install/salt_pkg/share/salt_pkg/local_setup.zsh
[2.258s] -- Up-to-date symlink: /home/seniorproject/nvi_ws/src/install/salt_pkg/share/salt_pkg/local_setup.dsv
[2.259s] -- Symlinking: /home/seniorproject/nvi_ws/src/install/salt_pkg/share/salt_pkg/package.dsv
[2.285s] -- Up-to-date symlink: /home/seniorproject/nvi_ws/src/install/salt_pkg/share/ament_index/resource_index/packages/salt_pkg
[2.287s] -- Up-to-date symlink: /home/seniorproject/nvi_ws/src/install/salt_pkg/share/salt_pkg/cmake/salt_pkgConfig.cmake
[2.288s] -- Up-to-date symlink: /home/seniorproject/nvi_ws/src/install/salt_pkg/share/salt_pkg/cmake/salt_pkgConfig-version.cmake
[2.290s] -- Up-to-date symlink: /home/seniorproject/nvi_ws/src/install/salt_pkg/share/salt_pkg/package.xml
[2.301s] Invoked command in '/home/seniorproject/nvi_ws/src/build/salt_pkg' returned '0': CMAKE_PREFIX_PATH=${CMAKE_PREFIX_PATH}:/home/seniorproject/dev_ws/install/my_package:/opt/ros/foxy /usr/local/bin/cmake --install /home/seniorproject/nvi_ws/src/build/salt_pkg
