[0.215s] Invoking command in '/home/seniorproject/nvi_ws/build/salt_pkg': CMAKE_PREFIX_PATH=${CMAKE_PREFIX_PATH}:/home/seniorproject/dev_ws/install/my_package:/opt/ros/foxy /usr/local/bin/cmake --build /home/seniorproject/nvi_ws/build/salt_pkg -- -j6 -l6
[0.378s] Invoked command in '/home/seniorproject/nvi_ws/build/salt_pkg' returned '0': CMAKE_PREFIX_PATH=${CMAKE_PREFIX_PATH}:/home/seniorproject/dev_ws/install/my_package:/opt/ros/foxy /usr/local/bin/cmake --build /home/seniorproject/nvi_ws/build/salt_pkg -- -j6 -l6
[0.569s] Invoking command in '/home/seniorproject/nvi_ws/build/salt_pkg': CMAKE_PREFIX_PATH=${CMAKE_PREFIX_PATH}:/home/seniorproject/dev_ws/install/my_package:/opt/ros/foxy /usr/local/bin/cmake --install /home/seniorproject/nvi_ws/build/salt_pkg
[0.590s] -- Install configuration: ""
[0.593s] -- Execute custom install script
[0.595s] -- Up-to-date symlink: /home/seniorproject/nvi_ws/install/salt_pkg/share/salt_pkg/launch/vision.launch.py
[0.600s] -- Up-to-date symlink: /home/seniorproject/nvi_ws/install/salt_pkg/share/salt_pkg/urdf/materials.xacro
[0.602s] -- Up-to-date symlink: /home/seniorproject/nvi_ws/install/salt_pkg/share/salt_pkg/urdf/robot_model.xacro
[0.604s] -- Up-to-date symlink: /home/seniorproject/nvi_ws/install/salt_pkg/share/ament_index/resource_index/package_run_dependencies/salt_pkg
[0.606s] -- Up-to-date symlink: /home/seniorproject/nvi_ws/install/salt_pkg/share/ament_index/resource_index/parent_prefix_path/salt_pkg
[0.607s] -- Up-to-date symlink: /home/seniorproject/nvi_ws/install/salt_pkg/share/salt_pkg/environment/ament_prefix_path.sh
[0.609s] -- Up-to-date symlink: /home/seniorproject/nvi_ws/install/salt_pkg/share/salt_pkg/environment/ament_prefix_path.dsv
[0.610s] -- Up-to-date symlink: /home/seniorproject/nvi_ws/install/salt_pkg/share/salt_pkg/environment/path.sh
[0.612s] -- Up-to-date symlink: /home/seniorproject/nvi_ws/install/salt_pkg/share/salt_pkg/environment/path.dsv
[0.613s] -- Up-to-date symlink: /home/seniorproject/nvi_ws/install/salt_pkg/share/salt_pkg/local_setup.bash
[0.616s] -- Up-to-date symlink: /home/seniorproject/nvi_ws/install/salt_pkg/share/salt_pkg/local_setup.sh
[0.618s] -- Up-to-date symlink: /home/seniorproject/nvi_ws/install/salt_pkg/share/salt_pkg/local_setup.zsh
[0.620s] -- Up-to-date symlink: /home/seniorproject/nvi_ws/install/salt_pkg/share/salt_pkg/local_setup.dsv
[0.622s] -- Symlinking: /home/seniorproject/nvi_ws/install/salt_pkg/share/salt_pkg/package.dsv
[0.645s] -- Up-to-date symlink: /home/seniorproject/nvi_ws/install/salt_pkg/share/ament_index/resource_index/packages/salt_pkg
[0.648s] -- Up-to-date symlink: /home/seniorproject/nvi_ws/install/salt_pkg/share/salt_pkg/cmake/salt_pkgConfig.cmake
[0.648s] -- Up-to-date symlink: /home/seniorproject/nvi_ws/install/salt_pkg/share/salt_pkg/cmake/salt_pkgConfig-version.cmake
[0.650s] -- Up-to-date symlink: /home/seniorproject/nvi_ws/install/salt_pkg/share/salt_pkg/package.xml
[0.662s] Invoked command in '/home/seniorproject/nvi_ws/build/salt_pkg' returned '0': CMAKE_PREFIX_PATH=${CMAKE_PREFIX_PATH}:/home/seniorproject/dev_ws/install/my_package:/opt/ros/foxy /usr/local/bin/cmake --install /home/seniorproject/nvi_ws/build/salt_pkg
