[1.002s] DEBUG:colcon:Command line arguments: ['/home/seniorproject/.local/bin/colcon', 'build', '--symlink-install']
[1.003s] DEBUG:colcon:Parsed command line arguments: Namespace(ament_cmake_args=None, base_paths=['.'], build_base='build', catkin_cmake_args=None, catkin_skip_building_tests=False, cmake_args=None, cmake_clean_cache=False, cmake_clean_first=False, cmake_force_configure=False, cmake_target=None, cmake_target_skip_unavailable=False, continue_on_error=False, event_handlers=None, executor='parallel', ignore_user_meta=False, install_base='install', log_base=None, log_level=None, main=<bound method BuildVerb.main of <colcon_core.verb.build.BuildVerb object at 0xffffb63252b0>>, merge_install=False, metas=['./colcon.meta'], packages_above=None, packages_above_and_dependencies=None, packages_above_depth=None, packages_end=None, packages_ignore=None, packages_ignore_regex=None, packages_select=None, packages_select_build_failed=False, packages_select_by_dep=None, packages_select_regex=None, packages_select_test_failures=False, packages_skip=None, packages_skip_build_finished=False, packages_skip_by_dep=None, packages_skip_regex=None, packages_skip_test_passed=False, packages_skip_up_to=None, packages_start=None, packages_up_to=None, packages_up_to_regex=None, parallel_workers=6, paths=None, symlink_install=True, test_result_base=None, verb_extension=<colcon_core.verb.build.BuildVerb object at 0xffffb63252b0>, verb_name='build', verb_parser=<colcon_defaults.argument_parser.defaults.DefaultArgumentsDecorator object at 0xffffb6325790>)
[1.697s] Level 1:colcon.colcon_core.package_discovery:discover_packages(colcon_meta) check parameters
[1.698s] Level 1:colcon.colcon_core.package_discovery:discover_packages(recursive) check parameters
[1.698s] Level 1:colcon.colcon_core.package_discovery:discover_packages(ignore) check parameters
[1.698s] Level 1:colcon.colcon_core.package_discovery:discover_packages(path) check parameters
[1.699s] Level 1:colcon.colcon_core.package_discovery:discover_packages(colcon_meta) discover
[1.699s] Level 1:colcon.colcon_core.package_discovery:discover_packages(recursive) discover
[1.699s] INFO:colcon.colcon_core.package_discovery:Crawling recursively for packages in '/home/seniorproject/nvi_ws'
[1.700s] Level 1:colcon.colcon_core.package_identification:_identify(.) by extensions ['ignore', 'ignore_ament_install']
[1.700s] Level 1:colcon.colcon_core.package_identification:_identify(.) by extension 'ignore'
[1.701s] Level 1:colcon.colcon_core.package_identification:_identify(.) by extension 'ignore_ament_install'
[1.701s] Level 1:colcon.colcon_core.package_identification:_identify(.) by extensions ['colcon_pkg']
[1.701s] Level 1:colcon.colcon_core.package_identification:_identify(.) by extension 'colcon_pkg'
[1.702s] Level 1:colcon.colcon_core.package_identification:_identify(.) by extensions ['colcon_meta']
[1.702s] Level 1:colcon.colcon_core.package_identification:_identify(.) by extension 'colcon_meta'
[1.702s] Level 1:colcon.colcon_core.package_identification:_identify(.) by extensions ['ros']
[1.702s] Level 1:colcon.colcon_core.package_identification:_identify(.) by extension 'ros'
[1.761s] Level 1:colcon.colcon_core.package_identification:_identify(.) by extensions ['cmake', 'python']
[1.761s] Level 1:colcon.colcon_core.package_identification:_identify(.) by extension 'cmake'
[1.761s] Level 1:colcon.colcon_core.package_identification:_identify(.) by extension 'python'
[1.762s] Level 1:colcon.colcon_core.package_identification:_identify(.) by extensions ['python_setup_py']
[1.762s] Level 1:colcon.colcon_core.package_identification:_identify(.) by extension 'python_setup_py'
[1.763s] Level 1:colcon.colcon_core.package_identification:_identify(build) by extensions ['ignore', 'ignore_ament_install']
[1.763s] Level 1:colcon.colcon_core.package_identification:_identify(build) by extension 'ignore'
[1.764s] Level 1:colcon.colcon_core.package_identification:_identify(build) ignored
[1.764s] Level 1:colcon.colcon_core.package_identification:_identify(install) by extensions ['ignore', 'ignore_ament_install']
[1.765s] Level 1:colcon.colcon_core.package_identification:_identify(install) by extension 'ignore'
[1.765s] Level 1:colcon.colcon_core.package_identification:_identify(install) ignored
[1.766s] Level 1:colcon.colcon_core.package_identification:_identify(log) by extensions ['ignore', 'ignore_ament_install']
[1.766s] Level 1:colcon.colcon_core.package_identification:_identify(log) by extension 'ignore'
[1.767s] Level 1:colcon.colcon_core.package_identification:_identify(log) ignored
[1.767s] Level 1:colcon.colcon_core.package_identification:_identify(src) by extensions ['ignore', 'ignore_ament_install']
[1.768s] Level 1:colcon.colcon_core.package_identification:_identify(src) by extension 'ignore'
[1.768s] Level 1:colcon.colcon_core.package_identification:_identify(src) by extension 'ignore_ament_install'
[1.768s] Level 1:colcon.colcon_core.package_identification:_identify(src) by extensions ['colcon_pkg']
[1.768s] Level 1:colcon.colcon_core.package_identification:_identify(src) by extension 'colcon_pkg'
[1.769s] Level 1:colcon.colcon_core.package_identification:_identify(src) by extensions ['colcon_meta']
[1.769s] Level 1:colcon.colcon_core.package_identification:_identify(src) by extension 'colcon_meta'
[1.769s] Level 1:colcon.colcon_core.package_identification:_identify(src) by extensions ['ros']
[1.769s] Level 1:colcon.colcon_core.package_identification:_identify(src) by extension 'ros'
[1.770s] Level 1:colcon.colcon_core.package_identification:_identify(src) by extensions ['cmake', 'python']
[1.770s] Level 1:colcon.colcon_core.package_identification:_identify(src) by extension 'cmake'
[1.770s] Level 1:colcon.colcon_core.package_identification:_identify(src) by extension 'python'
[1.770s] Level 1:colcon.colcon_core.package_identification:_identify(src) by extensions ['python_setup_py']
[1.771s] Level 1:colcon.colcon_core.package_identification:_identify(src) by extension 'python_setup_py'
[1.771s] Level 1:colcon.colcon_core.package_identification:_identify(src/additional_files) by extensions ['ignore', 'ignore_ament_install']
[1.772s] Level 1:colcon.colcon_core.package_identification:_identify(src/additional_files) by extension 'ignore'
[1.772s] Level 1:colcon.colcon_core.package_identification:_identify(src/additional_files) by extension 'ignore_ament_install'
[1.772s] Level 1:colcon.colcon_core.package_identification:_identify(src/additional_files) by extensions ['colcon_pkg']
[1.772s] Level 1:colcon.colcon_core.package_identification:_identify(src/additional_files) by extension 'colcon_pkg'
[1.773s] Level 1:colcon.colcon_core.package_identification:_identify(src/additional_files) by extensions ['colcon_meta']
[1.773s] Level 1:colcon.colcon_core.package_identification:_identify(src/additional_files) by extension 'colcon_meta'
[1.773s] Level 1:colcon.colcon_core.package_identification:_identify(src/additional_files) by extensions ['ros']
[1.773s] Level 1:colcon.colcon_core.package_identification:_identify(src/additional_files) by extension 'ros'
[1.774s] Level 1:colcon.colcon_core.package_identification:_identify(src/additional_files) by extensions ['cmake', 'python']
[1.774s] Level 1:colcon.colcon_core.package_identification:_identify(src/additional_files) by extension 'cmake'
[1.774s] Level 1:colcon.colcon_core.package_identification:_identify(src/additional_files) by extension 'python'
[1.775s] Level 1:colcon.colcon_core.package_identification:_identify(src/additional_files) by extensions ['python_setup_py']
[1.775s] Level 1:colcon.colcon_core.package_identification:_identify(src/additional_files) by extension 'python_setup_py'
[1.775s] Level 1:colcon.colcon_core.package_identification:_identify(src/log) by extensions ['ignore', 'ignore_ament_install']
[1.776s] Level 1:colcon.colcon_core.package_identification:_identify(src/log) by extension 'ignore'
[1.776s] Level 1:colcon.colcon_core.package_identification:_identify(src/log) ignored
[1.777s] Level 1:colcon.colcon_core.package_identification:_identify(src/salt_pkg) by extensions ['ignore', 'ignore_ament_install']
[1.777s] Level 1:colcon.colcon_core.package_identification:_identify(src/salt_pkg) by extension 'ignore'
[1.777s] Level 1:colcon.colcon_core.package_identification:_identify(src/salt_pkg) by extension 'ignore_ament_install'
[1.778s] Level 1:colcon.colcon_core.package_identification:_identify(src/salt_pkg) by extensions ['colcon_pkg']
[1.778s] Level 1:colcon.colcon_core.package_identification:_identify(src/salt_pkg) by extension 'colcon_pkg'
[1.778s] Level 1:colcon.colcon_core.package_identification:_identify(src/salt_pkg) by extensions ['colcon_meta']
[1.778s] Level 1:colcon.colcon_core.package_identification:_identify(src/salt_pkg) by extension 'colcon_meta'
[1.779s] Level 1:colcon.colcon_core.package_identification:_identify(src/salt_pkg) by extensions ['ros']
[1.779s] Level 1:colcon.colcon_core.package_identification:_identify(src/salt_pkg) by extension 'ros'
[1.790s] DEBUG:colcon.colcon_core.package_identification:Package 'src/salt_pkg' with type 'ros.ament_cmake' and name 'salt_pkg'
[1.791s] Level 1:colcon.colcon_core.package_discovery:discover_packages(recursive) using defaults
[1.791s] Level 1:colcon.colcon_core.package_discovery:discover_packages(ignore) discover
[1.791s] Level 1:colcon.colcon_core.package_discovery:discover_packages(ignore) using defaults
[1.791s] Level 1:colcon.colcon_core.package_discovery:discover_packages(path) discover
[1.792s] Level 1:colcon.colcon_core.package_discovery:discover_packages(path) using defaults
[1.867s] Level 5:colcon.colcon_core.verb:set package 'salt_pkg' build argument 'cmake_args' from command line to 'None'
[1.867s] Level 5:colcon.colcon_core.verb:set package 'salt_pkg' build argument 'cmake_target' from command line to 'None'
[1.868s] Level 5:colcon.colcon_core.verb:set package 'salt_pkg' build argument 'cmake_target_skip_unavailable' from command line to 'False'
[1.868s] Level 5:colcon.colcon_core.verb:set package 'salt_pkg' build argument 'cmake_clean_cache' from command line to 'False'
[1.868s] Level 5:colcon.colcon_core.verb:set package 'salt_pkg' build argument 'cmake_clean_first' from command line to 'False'
[1.868s] Level 5:colcon.colcon_core.verb:set package 'salt_pkg' build argument 'cmake_force_configure' from command line to 'False'
[1.868s] Level 5:colcon.colcon_core.verb:set package 'salt_pkg' build argument 'ament_cmake_args' from command line to 'None'
[1.868s] Level 5:colcon.colcon_core.verb:set package 'salt_pkg' build argument 'catkin_cmake_args' from command line to 'None'
[1.869s] Level 5:colcon.colcon_core.verb:set package 'salt_pkg' build argument 'catkin_skip_building_tests' from command line to 'False'
[1.869s] DEBUG:colcon.colcon_core.verb:Building package 'salt_pkg' with the following arguments: {'ament_cmake_args': None, 'build_base': '/home/seniorproject/nvi_ws/build/salt_pkg', 'catkin_cmake_args': None, 'catkin_skip_building_tests': False, 'cmake_args': None, 'cmake_clean_cache': False, 'cmake_clean_first': False, 'cmake_force_configure': False, 'cmake_target': None, 'cmake_target_skip_unavailable': False, 'install_base': '/home/seniorproject/nvi_ws/install/salt_pkg', 'merge_install': False, 'path': '/home/seniorproject/nvi_ws/src/salt_pkg', 'symlink_install': True, 'test_result_base': None}
[1.870s] INFO:colcon.colcon_core.executor:Executing jobs using 'parallel' executor
[1.874s] DEBUG:colcon.colcon_parallel_executor.executor.parallel:run_until_complete
[1.876s] INFO:colcon.colcon_ros.task.ament_cmake.build:Building ROS package in '/home/seniorproject/nvi_ws/src/salt_pkg' with build type 'ament_cmake'
[1.877s] INFO:colcon.colcon_cmake.task.cmake.build:Building CMake package in '/home/seniorproject/nvi_ws/src/salt_pkg'
[1.887s] INFO:colcon.colcon_core.plugin_system:Skipping extension 'colcon_core.shell.bat': Not used on non-Windows systems
[1.888s] INFO:colcon.colcon_core.shell:Skip shell extension 'powershell' for command environment: Not usable outside of PowerShell
[1.888s] DEBUG:colcon.colcon_core.shell:Skip shell extension 'dsv' for command environment
[1.976s] DEBUG:colcon.colcon_core.event_handler.log_command:Invoking command in '/home/seniorproject/nvi_ws/build/salt_pkg': CMAKE_PREFIX_PATH=${CMAKE_PREFIX_PATH}:/home/seniorproject/dev_ws/install/my_package:/opt/ros/foxy /usr/local/bin/cmake --build /home/seniorproject/nvi_ws/build/salt_pkg -- -j6 -l6
[2.099s] DEBUG:colcon.colcon_core.event_handler.log_command:Invoked command in '/home/seniorproject/nvi_ws/build/salt_pkg' returned '0': CMAKE_PREFIX_PATH=${CMAKE_PREFIX_PATH}:/home/seniorproject/dev_ws/install/my_package:/opt/ros/foxy /usr/local/bin/cmake --build /home/seniorproject/nvi_ws/build/salt_pkg -- -j6 -l6
[2.272s] DEBUG:colcon.colcon_core.event_handler.log_command:Invoking command in '/home/seniorproject/nvi_ws/build/salt_pkg': CMAKE_PREFIX_PATH=${CMAKE_PREFIX_PATH}:/home/seniorproject/dev_ws/install/my_package:/opt/ros/foxy /usr/local/bin/cmake --install /home/seniorproject/nvi_ws/build/salt_pkg
[2.370s] Level 1:colcon.colcon_core.environment:create_environment_scripts_only(salt_pkg)
[2.382s] DEBUG:colcon.colcon_core.event_handler.log_command:Invoked command in '/home/seniorproject/nvi_ws/build/salt_pkg' returned '0': CMAKE_PREFIX_PATH=${CMAKE_PREFIX_PATH}:/home/seniorproject/dev_ws/install/my_package:/opt/ros/foxy /usr/local/bin/cmake --install /home/seniorproject/nvi_ws/build/salt_pkg
[2.407s] Level 1:colcon.colcon_core.environment:checking '/home/seniorproject/nvi_ws/install/salt_pkg' for CMake module files
[2.410s] Level 1:colcon.colcon_core.environment:checking '/home/seniorproject/nvi_ws/install/salt_pkg' for CMake config files
[2.413s] Level 1:colcon.colcon_core.shell:create_environment_hook('salt_pkg', 'cmake_prefix_path')
[2.414s] INFO:colcon.colcon_core.shell:Creating environment hook '/home/seniorproject/nvi_ws/install/salt_pkg/share/salt_pkg/hook/cmake_prefix_path.ps1'
[2.418s] INFO:colcon.colcon_core.shell:Creating environment descriptor '/home/seniorproject/nvi_ws/install/salt_pkg/share/salt_pkg/hook/cmake_prefix_path.dsv'
[2.424s] INFO:colcon.colcon_core.shell:Creating environment hook '/home/seniorproject/nvi_ws/install/salt_pkg/share/salt_pkg/hook/cmake_prefix_path.sh'
[2.430s] Level 1:colcon.colcon_core.environment:checking '/home/seniorproject/nvi_ws/install/salt_pkg/bin'
[2.430s] Level 1:colcon.colcon_core.environment:checking '/home/seniorproject/nvi_ws/install/salt_pkg/lib/pkgconfig/salt_pkg.pc'
[2.434s] Level 1:colcon.colcon_core.environment:checking '/home/seniorproject/nvi_ws/install/salt_pkg/lib/python3.8/site-packages'
[2.435s] Level 1:colcon.colcon_core.environment:checking '/home/seniorproject/nvi_ws/install/salt_pkg/bin'
[2.437s] INFO:colcon.colcon_core.shell:Creating package script '/home/seniorproject/nvi_ws/install/salt_pkg/share/salt_pkg/package.ps1'
[2.441s] INFO:colcon.colcon_core.shell:Creating package descriptor '/home/seniorproject/nvi_ws/install/salt_pkg/share/salt_pkg/package.dsv'
[2.443s] INFO:colcon.colcon_core.shell:Creating package script '/home/seniorproject/nvi_ws/install/salt_pkg/share/salt_pkg/package.sh'
[2.447s] INFO:colcon.colcon_core.shell:Creating package script '/home/seniorproject/nvi_ws/install/salt_pkg/share/salt_pkg/package.bash'
[2.451s] INFO:colcon.colcon_core.shell:Creating package script '/home/seniorproject/nvi_ws/install/salt_pkg/share/salt_pkg/package.zsh'
[2.454s] Level 1:colcon.colcon_core.environment:create_file_with_runtime_dependencies(/home/seniorproject/nvi_ws/install/salt_pkg/share/colcon-core/packages/salt_pkg)
[2.569s] Level 1:colcon.colcon_core.environment:create_environment_scripts_only(salt_pkg)
[2.572s] Level 1:colcon.colcon_core.environment:checking '/home/seniorproject/nvi_ws/install/salt_pkg' for CMake module files
[2.575s] Level 1:colcon.colcon_core.environment:checking '/home/seniorproject/nvi_ws/install/salt_pkg' for CMake config files
[2.577s] Level 1:colcon.colcon_core.shell:create_environment_hook('salt_pkg', 'cmake_prefix_path')
[2.578s] INFO:colcon.colcon_core.shell:Creating environment hook '/home/seniorproject/nvi_ws/install/salt_pkg/share/salt_pkg/hook/cmake_prefix_path.ps1'
[2.582s] INFO:colcon.colcon_core.shell:Creating environment descriptor '/home/seniorproject/nvi_ws/install/salt_pkg/share/salt_pkg/hook/cmake_prefix_path.dsv'
[2.592s] INFO:colcon.colcon_core.shell:Creating environment hook '/home/seniorproject/nvi_ws/install/salt_pkg/share/salt_pkg/hook/cmake_prefix_path.sh'
[2.596s] Level 1:colcon.colcon_core.environment:checking '/home/seniorproject/nvi_ws/install/salt_pkg/bin'
[2.597s] Level 1:colcon.colcon_core.environment:checking '/home/seniorproject/nvi_ws/install/salt_pkg/lib/pkgconfig/salt_pkg.pc'
[2.598s] Level 1:colcon.colcon_core.environment:checking '/home/seniorproject/nvi_ws/install/salt_pkg/lib/python3.8/site-packages'
[2.599s] Level 1:colcon.colcon_core.environment:checking '/home/seniorproject/nvi_ws/install/salt_pkg/bin'
[2.601s] INFO:colcon.colcon_core.shell:Creating package script '/home/seniorproject/nvi_ws/install/salt_pkg/share/salt_pkg/package.ps1'
[2.604s] INFO:colcon.colcon_core.shell:Creating package descriptor '/home/seniorproject/nvi_ws/install/salt_pkg/share/salt_pkg/package.dsv'
[2.607s] INFO:colcon.colcon_core.shell:Creating package script '/home/seniorproject/nvi_ws/install/salt_pkg/share/salt_pkg/package.sh'
[2.609s] INFO:colcon.colcon_core.shell:Creating package script '/home/seniorproject/nvi_ws/install/salt_pkg/share/salt_pkg/package.bash'
[2.611s] INFO:colcon.colcon_core.shell:Creating package script '/home/seniorproject/nvi_ws/install/salt_pkg/share/salt_pkg/package.zsh'
[2.613s] Level 1:colcon.colcon_core.environment:create_file_with_runtime_dependencies(/home/seniorproject/nvi_ws/install/salt_pkg/share/colcon-core/packages/salt_pkg)
[2.615s] DEBUG:colcon.colcon_parallel_executor.executor.parallel:closing loop
[2.618s] DEBUG:colcon.colcon_parallel_executor.executor.parallel:loop closed
[2.619s] DEBUG:colcon.colcon_parallel_executor.executor.parallel:run_until_complete finished with '0'
[2.619s] DEBUG:colcon.colcon_core.event_reactor:joining thread
[2.658s] INFO:colcon.colcon_core.plugin_system:Skipping extension 'colcon_notification.desktop_notification.terminal_notifier': Not used on non-Darwin systems
[2.659s] INFO:colcon.colcon_core.plugin_system:Skipping extension 'colcon_notification.desktop_notification.win32': Not used on non-Windows systems
[2.659s] INFO:colcon.colcon_notification.desktop_notification:Sending desktop notification using 'notify2'
[2.724s] DEBUG:colcon.colcon_core.event_reactor:joined thread
[2.726s] INFO:colcon.colcon_core.shell:Creating prefix script '/home/seniorproject/nvi_ws/install/local_setup.ps1'
[2.732s] INFO:colcon.colcon_core.shell:Creating prefix util module '/home/seniorproject/nvi_ws/install/_local_setup_util_ps1.py'
[2.738s] INFO:colcon.colcon_core.shell:Creating prefix chain script '/home/seniorproject/nvi_ws/install/setup.ps1'
[2.752s] INFO:colcon.colcon_core.shell:Creating prefix script '/home/seniorproject/nvi_ws/install/local_setup.sh'
[2.768s] INFO:colcon.colcon_core.shell:Creating prefix util module '/home/seniorproject/nvi_ws/install/_local_setup_util_sh.py'
[2.771s] INFO:colcon.colcon_core.shell:Creating prefix chain script '/home/seniorproject/nvi_ws/install/setup.sh'
[2.785s] INFO:colcon.colcon_core.shell:Creating prefix script '/home/seniorproject/nvi_ws/install/local_setup.bash'
[2.788s] INFO:colcon.colcon_core.shell:Creating prefix chain script '/home/seniorproject/nvi_ws/install/setup.bash'
[2.802s] INFO:colcon.colcon_core.shell:Creating prefix script '/home/seniorproject/nvi_ws/install/local_setup.zsh'
[2.805s] INFO:colcon.colcon_core.shell:Creating prefix chain script '/home/seniorproject/nvi_ws/install/setup.zsh'
