[0.244s] Invoking command in '/home/seniorproject/nvi_ws/build/salt_pkg': CMAKE_PREFIX_PATH=${CMAKE_PREFIX_PATH}:/home/seniorproject/dev_ws/install/my_package:/opt/ros/foxy /usr/local/bin/cmake --build /home/seniorproject/nvi_ws/build/salt_pkg -- -j6 -l6
[0.423s] -- Found ament_cmake: 0.9.12 (/opt/ros/foxy/share/ament_cmake/cmake)
[0.434s] [33mCMake Warning (dev) at /opt/ros/foxy/share/ament_cmake_core/cmake/core/python.cmake:22 (find_package):
[0.435s]   Policy CMP0148 is not set: The FindPythonInterp and FindPythonLibs modules
[0.436s]   are removed.  Run "cmake --help-policy CMP0148" for policy details.  Use
[0.438s]   the cmake_policy command to set the policy and suppress this warning.
[0.438s] 
[0.439s] Call Stack (most recent call first):
[0.439s]   /opt/ros/foxy/share/ament_cmake_core/cmake/core/all.cmake:53 (include)
[0.440s]   /opt/ros/foxy/share/ament_cmake_core/cmake/ament_cmake_core-extras.cmake:17 (include)
[0.440s]   /opt/ros/foxy/share/ament_cmake_core/cmake/ament_cmake_coreConfig.cmake:41 (include)
[0.441s]   /opt/ros/foxy/share/ament_cmake/cmake/ament_cmake_export_dependencies-extras.cmake:15 (find_package)
[0.441s]   /opt/ros/foxy/share/ament_cmake/cmake/ament_cmakeConfig.cmake:41 (include)
[0.442s]   CMakeLists.txt:19 (find_package)
[0.444s] This warning is for project developers.  Use -Wno-dev to suppress it.
[0.445s] [0m
[0.607s] -- Using PYTHON_EXECUTABLE: /usr/bin/python3
[1.656s] -- Override CMake install command with custom implementation using symlinks instead of copying resources
[1.728s] -- Found ament_lint_auto: 0.9.8 (/opt/ros/foxy/share/ament_lint_auto/cmake)
[2.303s] -- Added test 'copyright' to check source files copyright and LICENSE
[2.328s] -- Added test 'flake8' to check Python code syntax and style conventions
[2.333s] -- Added test 'lint_cmake' to check CMake code style
[2.336s] -- Added test 'pep257' to check Python code against some of the style conventions in PEP 257
[2.349s] -- Added test 'xmllint' to check XML markup files
[2.359s] -- Configuring done (2.0s)
[2.392s] -- Generating done (0.0s)
[2.422s] -- Build files have been written to: /home/seniorproject/nvi_ws/build/salt_pkg
[2.492s] Invoked command in '/home/seniorproject/nvi_ws/build/salt_pkg' returned '0': CMAKE_PREFIX_PATH=${CMAKE_PREFIX_PATH}:/home/seniorproject/dev_ws/install/my_package:/opt/ros/foxy /usr/local/bin/cmake --build /home/seniorproject/nvi_ws/build/salt_pkg -- -j6 -l6
[2.703s] Invoking command in '/home/seniorproject/nvi_ws/build/salt_pkg': CMAKE_PREFIX_PATH=${CMAKE_PREFIX_PATH}:/home/seniorproject/dev_ws/install/my_package:/opt/ros/foxy /usr/local/bin/cmake --install /home/seniorproject/nvi_ws/build/salt_pkg
[2.721s] -- Install configuration: ""
[2.725s] -- Execute custom install script
[2.727s] -- Up-to-date symlink: /home/seniorproject/nvi_ws/install/salt_pkg/share/salt_pkg/launch/vision.launch.py
[2.729s] -- Up-to-date symlink: /home/seniorproject/nvi_ws/install/salt_pkg/share/salt_pkg/config/config.rviz
[2.733s] -- Symlinking: /home/seniorproject/nvi_ws/install/salt_pkg/share/salt_pkg/urdf/gazebo_ref.xacro
[2.762s] -- Up-to-date symlink: /home/seniorproject/nvi_ws/install/salt_pkg/share/salt_pkg/urdf/materials.xacro
[2.763s] -- Up-to-date symlink: /home/seniorproject/nvi_ws/install/salt_pkg/share/salt_pkg/urdf/robot_model.xacro
[2.764s] -- Up-to-date symlink: /home/seniorproject/nvi_ws/install/salt_pkg/share/ament_index/resource_index/package_run_dependencies/salt_pkg
[2.767s] -- Up-to-date symlink: /home/seniorproject/nvi_ws/install/salt_pkg/share/ament_index/resource_index/parent_prefix_path/salt_pkg
[2.768s] -- Up-to-date symlink: /home/seniorproject/nvi_ws/install/salt_pkg/share/salt_pkg/environment/ament_prefix_path.sh
[2.776s] -- Up-to-date symlink: /home/seniorproject/nvi_ws/install/salt_pkg/share/salt_pkg/environment/ament_prefix_path.dsv
[2.778s] -- Up-to-date symlink: /home/seniorproject/nvi_ws/install/salt_pkg/share/salt_pkg/environment/path.sh
[2.785s] -- Up-to-date symlink: /home/seniorproject/nvi_ws/install/salt_pkg/share/salt_pkg/environment/path.dsv
[2.786s] -- Up-to-date symlink: /home/seniorproject/nvi_ws/install/salt_pkg/share/salt_pkg/local_setup.bash
[2.787s] -- Up-to-date symlink: /home/seniorproject/nvi_ws/install/salt_pkg/share/salt_pkg/local_setup.sh
[2.788s] -- Up-to-date symlink: /home/seniorproject/nvi_ws/install/salt_pkg/share/salt_pkg/local_setup.zsh
[2.788s] -- Up-to-date symlink: /home/seniorproject/nvi_ws/install/salt_pkg/share/salt_pkg/local_setup.dsv
[2.789s] -- Symlinking: /home/seniorproject/nvi_ws/install/salt_pkg/share/salt_pkg/package.dsv
[2.820s] -- Up-to-date symlink: /home/seniorproject/nvi_ws/install/salt_pkg/share/ament_index/resource_index/packages/salt_pkg
[2.821s] -- Up-to-date symlink: /home/seniorproject/nvi_ws/install/salt_pkg/share/salt_pkg/cmake/salt_pkgConfig.cmake
[2.822s] -- Up-to-date symlink: /home/seniorproject/nvi_ws/install/salt_pkg/share/salt_pkg/cmake/salt_pkgConfig-version.cmake
[2.823s] -- Up-to-date symlink: /home/seniorproject/nvi_ws/install/salt_pkg/share/salt_pkg/package.xml
[2.836s] Invoked command in '/home/seniorproject/nvi_ws/build/salt_pkg' returned '0': CMAKE_PREFIX_PATH=${CMAKE_PREFIX_PATH}:/home/seniorproject/dev_ws/install/my_package:/opt/ros/foxy /usr/local/bin/cmake --install /home/seniorproject/nvi_ws/build/salt_pkg
