[1.080s] DEBUG:colcon:Command line arguments: ['/home/seniorproject/.local/bin/colcon', 'build']
[1.081s] DEBUG:colcon:Parsed command line arguments: Namespace(ament_cmake_args=None, base_paths=['.'], build_base='build', catkin_cmake_args=None, catkin_skip_building_tests=False, cmake_args=None, cmake_clean_cache=False, cmake_clean_first=False, cmake_force_configure=False, cmake_target=None, cmake_target_skip_unavailable=False, continue_on_error=False, event_handlers=None, executor='parallel', ignore_user_meta=False, install_base='install', log_base=None, log_level=None, main=<bound method BuildVerb.main of <colcon_core.verb.build.BuildVerb object at 0xffffa08bc790>>, merge_install=False, metas=['./colcon.meta'], packages_above=None, packages_above_and_dependencies=None, packages_above_depth=None, packages_end=None, packages_ignore=None, packages_ignore_regex=None, packages_select=None, packages_select_build_failed=False, packages_select_by_dep=None, packages_select_regex=None, packages_select_test_failures=False, packages_skip=None, packages_skip_build_finished=False, packages_skip_by_dep=None, packages_skip_regex=None, packages_skip_test_passed=False, packages_skip_up_to=None, packages_start=None, packages_up_to=None, packages_up_to_regex=None, parallel_workers=6, paths=None, symlink_install=False, test_result_base=None, verb_extension=<colcon_core.verb.build.BuildVerb object at 0xffffa08bc790>, verb_name='build', verb_parser=<colcon_defaults.argument_parser.defaults.DefaultArgumentsDecorator object at 0xffffa08bcd00>)
[1.827s] Level 1:colcon.colcon_core.package_discovery:discover_packages(colcon_meta) check parameters
[1.828s] Level 1:colcon.colcon_core.package_discovery:discover_packages(recursive) check parameters
[1.828s] Level 1:colcon.colcon_core.package_discovery:discover_packages(ignore) check parameters
[1.829s] Level 1:colcon.colcon_core.package_discovery:discover_packages(path) check parameters
[1.829s] Level 1:colcon.colcon_core.package_discovery:discover_packages(colcon_meta) discover
[1.829s] Level 1:colcon.colcon_core.package_discovery:discover_packages(recursive) discover
[1.830s] INFO:colcon.colcon_core.package_discovery:Crawling recursively for packages in '/home/seniorproject/nvi_ws/src'
[1.830s] Level 1:colcon.colcon_core.package_identification:_identify(.) by extensions ['ignore', 'ignore_ament_install']
[1.831s] Level 1:colcon.colcon_core.package_identification:_identify(.) by extension 'ignore'
[1.831s] Level 1:colcon.colcon_core.package_identification:_identify(.) by extension 'ignore_ament_install'
[1.831s] Level 1:colcon.colcon_core.package_identification:_identify(.) by extensions ['colcon_pkg']
[1.832s] Level 1:colcon.colcon_core.package_identification:_identify(.) by extension 'colcon_pkg'
[1.832s] Level 1:colcon.colcon_core.package_identification:_identify(.) by extensions ['colcon_meta']
[1.832s] Level 1:colcon.colcon_core.package_identification:_identify(.) by extension 'colcon_meta'
[1.832s] Level 1:colcon.colcon_core.package_identification:_identify(.) by extensions ['ros']
[1.833s] Level 1:colcon.colcon_core.package_identification:_identify(.) by extension 'ros'
[1.897s] Level 1:colcon.colcon_core.package_identification:_identify(.) by extensions ['cmake', 'python']
[1.897s] Level 1:colcon.colcon_core.package_identification:_identify(.) by extension 'cmake'
[1.898s] Level 1:colcon.colcon_core.package_identification:_identify(.) by extension 'python'
[1.898s] Level 1:colcon.colcon_core.package_identification:_identify(.) by extensions ['python_setup_py']
[1.898s] Level 1:colcon.colcon_core.package_identification:_identify(.) by extension 'python_setup_py'
[1.899s] Level 1:colcon.colcon_core.package_identification:_identify(additional_files) by extensions ['ignore', 'ignore_ament_install']
[1.900s] Level 1:colcon.colcon_core.package_identification:_identify(additional_files) by extension 'ignore'
[1.900s] Level 1:colcon.colcon_core.package_identification:_identify(additional_files) by extension 'ignore_ament_install'
[1.900s] Level 1:colcon.colcon_core.package_identification:_identify(additional_files) by extensions ['colcon_pkg']
[1.901s] Level 1:colcon.colcon_core.package_identification:_identify(additional_files) by extension 'colcon_pkg'
[1.901s] Level 1:colcon.colcon_core.package_identification:_identify(additional_files) by extensions ['colcon_meta']
[1.901s] Level 1:colcon.colcon_core.package_identification:_identify(additional_files) by extension 'colcon_meta'
[1.902s] Level 1:colcon.colcon_core.package_identification:_identify(additional_files) by extensions ['ros']
[1.902s] Level 1:colcon.colcon_core.package_identification:_identify(additional_files) by extension 'ros'
[1.902s] Level 1:colcon.colcon_core.package_identification:_identify(additional_files) by extensions ['cmake', 'python']
[1.902s] Level 1:colcon.colcon_core.package_identification:_identify(additional_files) by extension 'cmake'
[1.903s] Level 1:colcon.colcon_core.package_identification:_identify(additional_files) by extension 'python'
[1.903s] Level 1:colcon.colcon_core.package_identification:_identify(additional_files) by extensions ['python_setup_py']
[1.903s] Level 1:colcon.colcon_core.package_identification:_identify(additional_files) by extension 'python_setup_py'
[1.904s] Level 1:colcon.colcon_core.package_identification:_identify(build) by extensions ['ignore', 'ignore_ament_install']
[1.905s] Level 1:colcon.colcon_core.package_identification:_identify(build) by extension 'ignore'
[1.905s] Level 1:colcon.colcon_core.package_identification:_identify(build) ignored
[1.906s] Level 1:colcon.colcon_core.package_identification:_identify(install) by extensions ['ignore', 'ignore_ament_install']
[1.906s] Level 1:colcon.colcon_core.package_identification:_identify(install) by extension 'ignore'
[1.906s] Level 1:colcon.colcon_core.package_identification:_identify(install) ignored
[1.907s] Level 1:colcon.colcon_core.package_identification:_identify(log) by extensions ['ignore', 'ignore_ament_install']
[1.908s] Level 1:colcon.colcon_core.package_identification:_identify(log) by extension 'ignore'
[1.908s] Level 1:colcon.colcon_core.package_identification:_identify(log) ignored
[1.909s] Level 1:colcon.colcon_core.package_identification:_identify(salt_pkg) by extensions ['ignore', 'ignore_ament_install']
[1.909s] Level 1:colcon.colcon_core.package_identification:_identify(salt_pkg) by extension 'ignore'
[1.909s] Level 1:colcon.colcon_core.package_identification:_identify(salt_pkg) by extension 'ignore_ament_install'
[1.910s] Level 1:colcon.colcon_core.package_identification:_identify(salt_pkg) by extensions ['colcon_pkg']
[1.910s] Level 1:colcon.colcon_core.package_identification:_identify(salt_pkg) by extension 'colcon_pkg'
[1.910s] Level 1:colcon.colcon_core.package_identification:_identify(salt_pkg) by extensions ['colcon_meta']
[1.910s] Level 1:colcon.colcon_core.package_identification:_identify(salt_pkg) by extension 'colcon_meta'
[1.910s] Level 1:colcon.colcon_core.package_identification:_identify(salt_pkg) by extensions ['ros']
[1.911s] Level 1:colcon.colcon_core.package_identification:_identify(salt_pkg) by extension 'ros'
[1.923s] DEBUG:colcon.colcon_core.package_identification:Package 'salt_pkg' with type 'ros.ament_cmake' and name 'salt_pkg'
[1.924s] Level 1:colcon.colcon_core.package_identification:_identify(urdf) by extensions ['ignore', 'ignore_ament_install']
[1.924s] Level 1:colcon.colcon_core.package_identification:_identify(urdf) by extension 'ignore'
[1.925s] Level 1:colcon.colcon_core.package_identification:_identify(urdf) by extension 'ignore_ament_install'
[1.925s] Level 1:colcon.colcon_core.package_identification:_identify(urdf) by extensions ['colcon_pkg']
[1.925s] Level 1:colcon.colcon_core.package_identification:_identify(urdf) by extension 'colcon_pkg'
[1.926s] Level 1:colcon.colcon_core.package_identification:_identify(urdf) by extensions ['colcon_meta']
[1.926s] Level 1:colcon.colcon_core.package_identification:_identify(urdf) by extension 'colcon_meta'
[1.926s] Level 1:colcon.colcon_core.package_identification:_identify(urdf) by extensions ['ros']
[1.926s] Level 1:colcon.colcon_core.package_identification:_identify(urdf) by extension 'ros'
[1.927s] Level 1:colcon.colcon_core.package_identification:_identify(urdf) by extensions ['cmake', 'python']
[1.927s] Level 1:colcon.colcon_core.package_identification:_identify(urdf) by extension 'cmake'
[1.927s] Level 1:colcon.colcon_core.package_identification:_identify(urdf) by extension 'python'
[1.928s] Level 1:colcon.colcon_core.package_identification:_identify(urdf) by extensions ['python_setup_py']
[1.928s] Level 1:colcon.colcon_core.package_identification:_identify(urdf) by extension 'python_setup_py'
[1.928s] Level 1:colcon.colcon_core.package_discovery:discover_packages(recursive) using defaults
[1.929s] Level 1:colcon.colcon_core.package_discovery:discover_packages(ignore) discover
[1.929s] Level 1:colcon.colcon_core.package_discovery:discover_packages(ignore) using defaults
[1.929s] Level 1:colcon.colcon_core.package_discovery:discover_packages(path) discover
[1.929s] Level 1:colcon.colcon_core.package_discovery:discover_packages(path) using defaults
[2.010s] Level 5:colcon.colcon_core.verb:set package 'salt_pkg' build argument 'cmake_args' from command line to 'None'
[2.011s] Level 5:colcon.colcon_core.verb:set package 'salt_pkg' build argument 'cmake_target' from command line to 'None'
[2.011s] Level 5:colcon.colcon_core.verb:set package 'salt_pkg' build argument 'cmake_target_skip_unavailable' from command line to 'False'
[2.011s] Level 5:colcon.colcon_core.verb:set package 'salt_pkg' build argument 'cmake_clean_cache' from command line to 'False'
[2.011s] Level 5:colcon.colcon_core.verb:set package 'salt_pkg' build argument 'cmake_clean_first' from command line to 'False'
[2.011s] Level 5:colcon.colcon_core.verb:set package 'salt_pkg' build argument 'cmake_force_configure' from command line to 'False'
[2.012s] Level 5:colcon.colcon_core.verb:set package 'salt_pkg' build argument 'ament_cmake_args' from command line to 'None'
[2.012s] Level 5:colcon.colcon_core.verb:set package 'salt_pkg' build argument 'catkin_cmake_args' from command line to 'None'
[2.012s] Level 5:colcon.colcon_core.verb:set package 'salt_pkg' build argument 'catkin_skip_building_tests' from command line to 'False'
[2.012s] DEBUG:colcon.colcon_core.verb:Building package 'salt_pkg' with the following arguments: {'ament_cmake_args': None, 'build_base': '/home/seniorproject/nvi_ws/src/build/salt_pkg', 'catkin_cmake_args': None, 'catkin_skip_building_tests': False, 'cmake_args': None, 'cmake_clean_cache': False, 'cmake_clean_first': False, 'cmake_force_configure': False, 'cmake_target': None, 'cmake_target_skip_unavailable': False, 'install_base': '/home/seniorproject/nvi_ws/src/install/salt_pkg', 'merge_install': False, 'path': '/home/seniorproject/nvi_ws/src/salt_pkg', 'symlink_install': False, 'test_result_base': None}
[2.013s] INFO:colcon.colcon_core.executor:Executing jobs using 'parallel' executor
[2.019s] DEBUG:colcon.colcon_parallel_executor.executor.parallel:run_until_complete
[2.020s] INFO:colcon.colcon_ros.task.ament_cmake.build:Building ROS package in '/home/seniorproject/nvi_ws/src/salt_pkg' with build type 'ament_cmake'
[2.021s] INFO:colcon.colcon_cmake.task.cmake.build:Building CMake package in '/home/seniorproject/nvi_ws/src/salt_pkg'
[2.033s] INFO:colcon.colcon_core.plugin_system:Skipping extension 'colcon_core.shell.bat': Not used on non-Windows systems
[2.034s] INFO:colcon.colcon_core.shell:Skip shell extension 'powershell' for command environment: Not usable outside of PowerShell
[2.034s] DEBUG:colcon.colcon_core.shell:Skip shell extension 'dsv' for command environment
[2.040s] WARNING:colcon.colcon_ros.prefix_path.ament:The path '/home/seniorproject/nvi_ws/install/salt_pkg' in the environment variable AMENT_PREFIX_PATH doesn't exist
[2.040s] WARNING:colcon.colcon_ros.prefix_path.ament:The path '/home/seniorproject/nvi_ws/install/salt_package' in the environment variable AMENT_PREFIX_PATH doesn't exist
[2.050s] WARNING:colcon.colcon_ros.prefix_path.catkin:The path '/home/seniorproject/nvi_ws/install/salt_pkg' in the environment variable CMAKE_PREFIX_PATH doesn't exist
[2.050s] WARNING:colcon.colcon_ros.prefix_path.catkin:The path '/home/seniorproject/nvi_ws/install/salt_package' in the environment variable CMAKE_PREFIX_PATH doesn't exist
[2.153s] DEBUG:colcon.colcon_core.event_handler.log_command:Invoking command in '/home/seniorproject/nvi_ws/src/build/salt_pkg': CMAKE_PREFIX_PATH=${CMAKE_PREFIX_PATH}:/home/seniorproject/dev_ws/install/my_package:/opt/ros/foxy /usr/local/bin/cmake /home/seniorproject/nvi_ws/src/salt_pkg -DCMAKE_INSTALL_PREFIX=/home/seniorproject/nvi_ws/src/install/salt_pkg
[3.926s] DEBUG:colcon.colcon_core.event_handler.log_command:Invoked command in '/home/seniorproject/nvi_ws/src/build/salt_pkg' returned '0': CMAKE_PREFIX_PATH=${CMAKE_PREFIX_PATH}:/home/seniorproject/dev_ws/install/my_package:/opt/ros/foxy /usr/local/bin/cmake /home/seniorproject/nvi_ws/src/salt_pkg -DCMAKE_INSTALL_PREFIX=/home/seniorproject/nvi_ws/src/install/salt_pkg
[3.950s] DEBUG:colcon.colcon_core.event_handler.log_command:Invoking command in '/home/seniorproject/nvi_ws/src/build/salt_pkg': CMAKE_PREFIX_PATH=${CMAKE_PREFIX_PATH}:/home/seniorproject/dev_ws/install/my_package:/opt/ros/foxy /usr/local/bin/cmake --build /home/seniorproject/nvi_ws/src/build/salt_pkg -- -j6 -l6
[4.063s] DEBUG:colcon.colcon_core.event_handler.log_command:Invoked command in '/home/seniorproject/nvi_ws/src/build/salt_pkg' returned '0': CMAKE_PREFIX_PATH=${CMAKE_PREFIX_PATH}:/home/seniorproject/dev_ws/install/my_package:/opt/ros/foxy /usr/local/bin/cmake --build /home/seniorproject/nvi_ws/src/build/salt_pkg -- -j6 -l6
[4.242s] DEBUG:colcon.colcon_core.event_handler.log_command:Invoking command in '/home/seniorproject/nvi_ws/src/build/salt_pkg': CMAKE_PREFIX_PATH=${CMAKE_PREFIX_PATH}:/home/seniorproject/dev_ws/install/my_package:/opt/ros/foxy /usr/local/bin/cmake --install /home/seniorproject/nvi_ws/src/build/salt_pkg
[4.320s] Level 1:colcon.colcon_core.environment:create_environment_scripts_only(salt_pkg)
[4.324s] DEBUG:colcon.colcon_core.event_handler.log_command:Invoked command in '/home/seniorproject/nvi_ws/src/build/salt_pkg' returned '0': CMAKE_PREFIX_PATH=${CMAKE_PREFIX_PATH}:/home/seniorproject/dev_ws/install/my_package:/opt/ros/foxy /usr/local/bin/cmake --install /home/seniorproject/nvi_ws/src/build/salt_pkg
[4.340s] Level 1:colcon.colcon_core.environment:checking '/home/seniorproject/nvi_ws/src/install/salt_pkg' for CMake module files
[4.344s] Level 1:colcon.colcon_core.environment:checking '/home/seniorproject/nvi_ws/src/install/salt_pkg' for CMake config files
[4.346s] Level 1:colcon.colcon_core.shell:create_environment_hook('salt_pkg', 'cmake_prefix_path')
[4.347s] INFO:colcon.colcon_core.shell:Creating environment hook '/home/seniorproject/nvi_ws/src/install/salt_pkg/share/salt_pkg/hook/cmake_prefix_path.ps1'
[4.352s] INFO:colcon.colcon_core.shell:Creating environment descriptor '/home/seniorproject/nvi_ws/src/install/salt_pkg/share/salt_pkg/hook/cmake_prefix_path.dsv'
[4.358s] INFO:colcon.colcon_core.shell:Creating environment hook '/home/seniorproject/nvi_ws/src/install/salt_pkg/share/salt_pkg/hook/cmake_prefix_path.sh'
[4.363s] Level 1:colcon.colcon_core.environment:checking '/home/seniorproject/nvi_ws/src/install/salt_pkg/bin'
[4.364s] Level 1:colcon.colcon_core.environment:checking '/home/seniorproject/nvi_ws/src/install/salt_pkg/lib/pkgconfig/salt_pkg.pc'
[4.369s] Level 1:colcon.colcon_core.environment:checking '/home/seniorproject/nvi_ws/src/install/salt_pkg/lib/python3.8/site-packages'
[4.370s] Level 1:colcon.colcon_core.environment:checking '/home/seniorproject/nvi_ws/src/install/salt_pkg/bin'
[4.372s] INFO:colcon.colcon_core.shell:Creating package script '/home/seniorproject/nvi_ws/src/install/salt_pkg/share/salt_pkg/package.ps1'
[4.376s] INFO:colcon.colcon_core.shell:Creating package descriptor '/home/seniorproject/nvi_ws/src/install/salt_pkg/share/salt_pkg/package.dsv'
[4.379s] INFO:colcon.colcon_core.shell:Creating package script '/home/seniorproject/nvi_ws/src/install/salt_pkg/share/salt_pkg/package.sh'
[4.383s] INFO:colcon.colcon_core.shell:Creating package script '/home/seniorproject/nvi_ws/src/install/salt_pkg/share/salt_pkg/package.bash'
[4.387s] INFO:colcon.colcon_core.shell:Creating package script '/home/seniorproject/nvi_ws/src/install/salt_pkg/share/salt_pkg/package.zsh'
[4.391s] Level 1:colcon.colcon_core.environment:create_file_with_runtime_dependencies(/home/seniorproject/nvi_ws/src/install/salt_pkg/share/colcon-core/packages/salt_pkg)
[4.532s] Level 1:colcon.colcon_core.environment:create_environment_scripts_only(salt_pkg)
[4.534s] Level 1:colcon.colcon_core.environment:checking '/home/seniorproject/nvi_ws/src/install/salt_pkg' for CMake module files
[4.539s] Level 1:colcon.colcon_core.environment:checking '/home/seniorproject/nvi_ws/src/install/salt_pkg' for CMake config files
[4.541s] Level 1:colcon.colcon_core.shell:create_environment_hook('salt_pkg', 'cmake_prefix_path')
[4.543s] INFO:colcon.colcon_core.shell:Creating environment hook '/home/seniorproject/nvi_ws/src/install/salt_pkg/share/salt_pkg/hook/cmake_prefix_path.ps1'
[4.547s] INFO:colcon.colcon_core.shell:Creating environment descriptor '/home/seniorproject/nvi_ws/src/install/salt_pkg/share/salt_pkg/hook/cmake_prefix_path.dsv'
[4.552s] INFO:colcon.colcon_core.shell:Creating environment hook '/home/seniorproject/nvi_ws/src/install/salt_pkg/share/salt_pkg/hook/cmake_prefix_path.sh'
[4.558s] Level 1:colcon.colcon_core.environment:checking '/home/seniorproject/nvi_ws/src/install/salt_pkg/bin'
[4.558s] Level 1:colcon.colcon_core.environment:checking '/home/seniorproject/nvi_ws/src/install/salt_pkg/lib/pkgconfig/salt_pkg.pc'
[4.560s] Level 1:colcon.colcon_core.environment:checking '/home/seniorproject/nvi_ws/src/install/salt_pkg/lib/python3.8/site-packages'
[4.561s] Level 1:colcon.colcon_core.environment:checking '/home/seniorproject/nvi_ws/src/install/salt_pkg/bin'
[4.563s] INFO:colcon.colcon_core.shell:Creating package script '/home/seniorproject/nvi_ws/src/install/salt_pkg/share/salt_pkg/package.ps1'
[4.568s] INFO:colcon.colcon_core.shell:Creating package descriptor '/home/seniorproject/nvi_ws/src/install/salt_pkg/share/salt_pkg/package.dsv'
[4.571s] INFO:colcon.colcon_core.shell:Creating package script '/home/seniorproject/nvi_ws/src/install/salt_pkg/share/salt_pkg/package.sh'
[4.574s] INFO:colcon.colcon_core.shell:Creating package script '/home/seniorproject/nvi_ws/src/install/salt_pkg/share/salt_pkg/package.bash'
[4.577s] INFO:colcon.colcon_core.shell:Creating package script '/home/seniorproject/nvi_ws/src/install/salt_pkg/share/salt_pkg/package.zsh'
[4.579s] Level 1:colcon.colcon_core.environment:create_file_with_runtime_dependencies(/home/seniorproject/nvi_ws/src/install/salt_pkg/share/colcon-core/packages/salt_pkg)
[4.581s] DEBUG:colcon.colcon_parallel_executor.executor.parallel:closing loop
[4.585s] DEBUG:colcon.colcon_parallel_executor.executor.parallel:loop closed
[4.585s] DEBUG:colcon.colcon_parallel_executor.executor.parallel:run_until_complete finished with '0'
[4.586s] DEBUG:colcon.colcon_core.event_reactor:joining thread
[4.627s] INFO:colcon.colcon_core.plugin_system:Skipping extension 'colcon_notification.desktop_notification.terminal_notifier': Not used on non-Darwin systems
[4.628s] INFO:colcon.colcon_core.plugin_system:Skipping extension 'colcon_notification.desktop_notification.win32': Not used on non-Windows systems
[4.629s] INFO:colcon.colcon_notification.desktop_notification:Sending desktop notification using 'notify2'
[4.739s] DEBUG:colcon.colcon_core.event_reactor:joined thread
[4.741s] INFO:colcon.colcon_core.shell:Creating prefix script '/home/seniorproject/nvi_ws/src/install/local_setup.ps1'
[4.746s] INFO:colcon.colcon_core.shell:Creating prefix util module '/home/seniorproject/nvi_ws/src/install/_local_setup_util_ps1.py'
[4.758s] INFO:colcon.colcon_core.shell:Creating prefix chain script '/home/seniorproject/nvi_ws/src/install/setup.ps1'
[4.775s] INFO:colcon.colcon_core.shell:Creating prefix script '/home/seniorproject/nvi_ws/src/install/local_setup.sh'
[4.778s] INFO:colcon.colcon_core.shell:Creating prefix util module '/home/seniorproject/nvi_ws/src/install/_local_setup_util_sh.py'
[4.783s] INFO:colcon.colcon_core.shell:Creating prefix chain script '/home/seniorproject/nvi_ws/src/install/setup.sh'
[4.799s] INFO:colcon.colcon_core.shell:Creating prefix script '/home/seniorproject/nvi_ws/src/install/local_setup.bash'
[4.802s] INFO:colcon.colcon_core.shell:Creating prefix chain script '/home/seniorproject/nvi_ws/src/install/setup.bash'
[4.818s] INFO:colcon.colcon_core.shell:Creating prefix script '/home/seniorproject/nvi_ws/src/install/local_setup.zsh'
[4.820s] INFO:colcon.colcon_core.shell:Creating prefix chain script '/home/seniorproject/nvi_ws/src/install/setup.zsh'
