[0.099s] Invoking command in '/home/seniorproject/nvi_ws/src/build/salt_pkg': CMAKE_PREFIX_PATH=${CMAKE_PREFIX_PATH}:/home/seniorproject/dev_ws/install/my_package:/opt/ros/foxy /usr/local/bin/cmake /home/seniorproject/nvi_ws/src/salt_pkg -DAMENT_CMAKE_SYMLINK_INSTALL=1 -DCMAKE_INSTALL_PREFIX=/home/seniorproject/nvi_ws/src/install/salt_pkg
[0.535s] -- The C compiler identification is GNU 9.4.0
[1.080s] -- The CXX compiler identification is GNU 9.4.0
[1.166s] -- Detecting C compiler ABI info
[1.831s] -- Detecting C compiler ABI info - done
[1.939s] -- Check for working C compiler: /usr/bin/cc - skipped
[1.940s] -- Detecting C compile features
[1.943s] -- Detecting C compile features - done
[1.971s] -- Detecting CXX compiler ABI info
[2.679s] -- Detecting CXX compiler ABI info - done
[2.792s] -- Check for working CXX compiler: /usr/bin/c++ - skipped
[2.794s] -- Detecting CXX compile features
[2.798s] -- Detecting CXX compile features - done
[2.839s] -- Found ament_cmake: 0.9.12 (/opt/ros/foxy/share/ament_cmake/cmake)
[2.905s] [33mCMake Warning (dev) at /opt/ros/foxy/share/ament_cmake_core/cmake/core/python.cmake:22 (find_package):
[2.906s]   Policy CMP0148 is not set: The FindPythonInterp and FindPythonLibs modules
[2.906s]   are removed.  Run "cmake --help-policy CMP0148" for policy details.  Use
[2.907s]   the cmake_policy command to set the policy and suppress this warning.
[2.907s] 
[2.908s] Call Stack (most recent call first):
[2.908s]   /opt/ros/foxy/share/ament_cmake_core/cmake/core/all.cmake:53 (include)
[2.908s]   /opt/ros/foxy/share/ament_cmake_core/cmake/ament_cmake_core-extras.cmake:17 (include)
[2.909s]   /opt/ros/foxy/share/ament_cmake_core/cmake/ament_cmake_coreConfig.cmake:41 (include)
[2.909s]   /opt/ros/foxy/share/ament_cmake/cmake/ament_cmake_export_dependencies-extras.cmake:15 (find_package)
[2.910s]   /opt/ros/foxy/share/ament_cmake/cmake/ament_cmakeConfig.cmake:41 (include)
[2.910s]   CMakeLists.txt:19 (find_package)
[2.911s] This warning is for project developers.  Use -Wno-dev to suppress it.
[2.911s] [0m
[3.061s] -- Found PythonInterp: /usr/bin/python3 (found suitable version "3.8.10", minimum required is "3")
[3.062s] -- Using PYTHON_EXECUTABLE: /usr/bin/python3
[4.013s] -- Override CMake install command with custom implementation using symlinks instead of copying resources
[4.437s] -- Found ament_lint_auto: 0.9.8 (/opt/ros/foxy/share/ament_lint_auto/cmake)
[5.094s] -- Added test 'copyright' to check source files copyright and LICENSE
[5.113s] -- Added test 'flake8' to check Python code syntax and style conventions
[5.122s] -- Added test 'lint_cmake' to check CMake code style
[5.130s] -- Added test 'pep257' to check Python code against some of the style conventions in PEP 257
[5.144s] -- Added test 'xmllint' to check XML markup files
[5.166s] -- Configuring done (5.0s)
[5.194s] -- Generating done (0.0s)
[5.197s] -- Build files have been written to: /home/seniorproject/nvi_ws/src/build/salt_pkg
[5.228s] Invoked command in '/home/seniorproject/nvi_ws/src/build/salt_pkg' returned '0': CMAKE_PREFIX_PATH=${CMAKE_PREFIX_PATH}:/home/seniorproject/dev_ws/install/my_package:/opt/ros/foxy /usr/local/bin/cmake /home/seniorproject/nvi_ws/src/salt_pkg -DAMENT_CMAKE_SYMLINK_INSTALL=1 -DCMAKE_INSTALL_PREFIX=/home/seniorproject/nvi_ws/src/install/salt_pkg
[5.247s] Invoking command in '/home/seniorproject/nvi_ws/src/build/salt_pkg': CMAKE_PREFIX_PATH=${CMAKE_PREFIX_PATH}:/home/seniorproject/dev_ws/install/my_package:/opt/ros/foxy /usr/local/bin/cmake --build /home/seniorproject/nvi_ws/src/build/salt_pkg -- -j6 -l6
[5.373s] Invoked command in '/home/seniorproject/nvi_ws/src/build/salt_pkg' returned '0': CMAKE_PREFIX_PATH=${CMAKE_PREFIX_PATH}:/home/seniorproject/dev_ws/install/my_package:/opt/ros/foxy /usr/local/bin/cmake --build /home/seniorproject/nvi_ws/src/build/salt_pkg -- -j6 -l6
[5.548s] Invoking command in '/home/seniorproject/nvi_ws/src/build/salt_pkg': CMAKE_PREFIX_PATH=${CMAKE_PREFIX_PATH}:/home/seniorproject/dev_ws/install/my_package:/opt/ros/foxy /usr/local/bin/cmake --install /home/seniorproject/nvi_ws/src/build/salt_pkg
[5.568s] -- Install configuration: ""
[5.571s] -- Execute custom install script
[5.573s] -- Symlinking: /home/seniorproject/nvi_ws/src/install/salt_pkg/share/ament_index/resource_index/package_run_dependencies/salt_pkg
[5.745s] -- Symlinking: /home/seniorproject/nvi_ws/src/install/salt_pkg/share/ament_index/resource_index/parent_prefix_path/salt_pkg
[5.770s] -- Symlinking: /home/seniorproject/nvi_ws/src/install/salt_pkg/share/salt_pkg/environment/ament_prefix_path.sh
[5.794s] -- Symlinking: /home/seniorproject/nvi_ws/src/install/salt_pkg/share/salt_pkg/environment/ament_prefix_path.dsv
[5.819s] -- Symlinking: /home/seniorproject/nvi_ws/src/install/salt_pkg/share/salt_pkg/environment/path.sh
[5.842s] -- Symlinking: /home/seniorproject/nvi_ws/src/install/salt_pkg/share/salt_pkg/environment/path.dsv
[5.865s] -- Symlinking: /home/seniorproject/nvi_ws/src/install/salt_pkg/share/salt_pkg/local_setup.bash
[5.889s] -- Symlinking: /home/seniorproject/nvi_ws/src/install/salt_pkg/share/salt_pkg/local_setup.sh
[5.911s] -- Symlinking: /home/seniorproject/nvi_ws/src/install/salt_pkg/share/salt_pkg/local_setup.zsh
[5.936s] -- Symlinking: /home/seniorproject/nvi_ws/src/install/salt_pkg/share/salt_pkg/local_setup.dsv
[5.961s] -- Symlinking: /home/seniorproject/nvi_ws/src/install/salt_pkg/share/salt_pkg/package.dsv
[5.987s] -- Symlinking: /home/seniorproject/nvi_ws/src/install/salt_pkg/share/ament_index/resource_index/packages/salt_pkg
[6.012s] -- Symlinking: /home/seniorproject/nvi_ws/src/install/salt_pkg/share/salt_pkg/cmake/salt_pkgConfig.cmake
[6.034s] -- Symlinking: /home/seniorproject/nvi_ws/src/install/salt_pkg/share/salt_pkg/cmake/salt_pkgConfig-version.cmake
[6.057s] -- Symlinking: /home/seniorproject/nvi_ws/src/install/salt_pkg/share/salt_pkg/package.xml
[6.090s] Invoked command in '/home/seniorproject/nvi_ws/src/build/salt_pkg' returned '0': CMAKE_PREFIX_PATH=${CMAKE_PREFIX_PATH}:/home/seniorproject/dev_ws/install/my_package:/opt/ros/foxy /usr/local/bin/cmake --install /home/seniorproject/nvi_ws/src/build/salt_pkg
